Using pre-set license
Built from '2022.3/staging' branch; Version is '2022.3.40f1 (cbdda657d2f0) revision 13360550'; Using compiler version '192829333'; Build Type 'Release'
OS: 'Windows 11  (10.0.26100) 64bit Professional' Language: 'en' Physical Memory: 16110 MB
BatchMode: 1, IsHumanControllingUs: 0, StartBugReporterOnCrash: 0, Is64bit: 1, IsPro: 1

COMMAND LINE ARGUMENTS:
D:\Unity\2022.3.40f1\Editor\Unity.exe
-adb2
-batchMode
-noUpm
-name
AssetImportWorker8
-projectPath
D:/GameDev/Projects/3D-Shooter-Game-Reskin
-logFile
Logs/AssetImportWorker8.log
-srvPort
57470
Successfully changed project path to: D:/GameDev/Projects/3D-Shooter-Game-Reskin
D:/GameDev/Projects/3D-Shooter-Game-Reskin
[UnityMemory] Configuration Parameters - Can be set up in boot.config
    "memorysetup-bucket-allocator-granularity=16"
    "memorysetup-bucket-allocator-bucket-count=8"
    "memorysetup-bucket-allocator-block-size=33554432"
    "memorysetup-bucket-allocator-block-count=8"
    "memorysetup-main-allocator-block-size=16777216"
    "memorysetup-thread-allocator-block-size=16777216"
    "memorysetup-gfx-main-allocator-block-size=16777216"
    "memorysetup-gfx-thread-allocator-block-size=16777216"
    "memorysetup-cache-allocator-block-size=4194304"
    "memorysetup-typetree-allocator-block-size=2097152"
    "memorysetup-profiler-bucket-allocator-granularity=16"
    "memorysetup-profiler-bucket-allocator-bucket-count=8"
    "memorysetup-profiler-bucket-allocator-block-size=33554432"
    "memorysetup-profiler-bucket-allocator-block-count=8"
    "memorysetup-profiler-allocator-block-size=16777216"
    "memorysetup-profiler-editor-allocator-block-size=1048576"
    "memorysetup-temp-allocator-size-main=16777216"
    "memorysetup-job-temp-allocator-block-size=2097152"
    "memorysetup-job-temp-allocator-block-size-background=1048576"
    "memorysetup-job-temp-allocator-reduction-small-platforms=262144"
    "memorysetup-allocator-temp-initial-block-size-main=262144"
    "memorysetup-allocator-temp-initial-block-size-worker=262144"
    "memorysetup-temp-allocator-size-background-worker=32768"
    "memorysetup-temp-allocator-size-job-worker=262144"
    "memorysetup-temp-allocator-size-preload-manager=33554432"
    "memorysetup-temp-allocator-size-nav-mesh-worker=65536"
    "memorysetup-temp-allocator-size-audio-worker=65536"
    "memorysetup-temp-allocator-size-cloud-worker=32768"
    "memorysetup-temp-allocator-size-gi-baking-worker=262144"
    "memorysetup-temp-allocator-size-gfx=262144"
Player connection [35312]  Target information:

Player connection [35312]  * "[IP] 172.29.64.1 [Port] 0 [Flags] 2 [Guid] 1411723730 [EditorId] 1411723730 [Version] 1048832 [Id] WindowsEditor(7,DESKTOP-OI5623P) [Debug] 1 [PackageName] WindowsEditor [ProjectName] Editor" 

Player connection [35312]  * "[IP] 192.168.0.28 [Port] 0 [Flags] 2 [Guid] 1411723730 [EditorId] 1411723730 [Version] 1048832 [Id] WindowsEditor(7,DESKTOP-OI5623P) [Debug] 1 [PackageName] WindowsEditor [ProjectName] Editor" 

Player connection [35312] Host joined multi-casting on [225.0.0.222:54997]...
Player connection [35312] Host joined alternative multi-casting on [225.0.0.222:34997]...
[PhysX] Initialized MultithreadedTaskDispatcher with 16 workers.
Refreshing native plugins compatible for Editor in 7.09 ms, found 3 plugins.
Preloading 0 native plugins for Editor in 0.00 ms.
Initialize engine version: 2022.3.40f1 (cbdda657d2f0)
[Subsystems] Discovering subsystems at path D:/Unity/2022.3.40f1/Editor/Data/Resources/UnitySubsystems
[Subsystems] Discovering subsystems at path D:/GameDev/Projects/3D-Shooter-Game-Reskin/Assets
GfxDevice: creating device client; threaded=0; jobified=0
Direct3D:
    Version:  Direct3D 11.0 [level 11.1]
    Renderer: NVIDIA GeForce RTX 3060 Laptop GPU (ID=0x2560)
    Vendor:   NVIDIA
    VRAM:     5996 MB
    Driver:   32.0.15.7216
Initialize mono
Mono path[0] = 'D:/Unity/2022.3.40f1/Editor/Data/Managed'
Mono path[1] = 'D:/Unity/2022.3.40f1/Editor/Data/MonoBleedingEdge/lib/mono/unityjit-win32'
Mono config path = 'D:/Unity/2022.3.40f1/Editor/Data/MonoBleedingEdge/etc'
Using monoOptions --debugger-agent=transport=dt_socket,embedding=1,server=y,suspend=n,address=127.0.0.1:56588
Begin MonoManager ReloadAssembly
Registering precompiled unity dll's ...
Register platform support module: D:/Unity/2022.3.40f1/Editor/Data/PlaybackEngines/WindowsStandaloneSupport/UnityEditor.WindowsStandalone.Extensions.dll
Registered in 0.002302 seconds.
- Loaded All Assemblies, in  0.322 seconds
Native extension for WindowsStandalone target not found
Mono: successfully reloaded assembly
- Finished resetting the current domain, in  0.240 seconds
Domain Reload Profiling: 563ms
	BeginReloadAssembly (92ms)
		ExecutionOrderSort (0ms)
		DisableScriptedObjects (0ms)
		BackupInstance (0ms)
		ReleaseScriptingObjects (0ms)
		CreateAndSetChildDomain (1ms)
	RebuildCommonClasses (31ms)
	RebuildNativeTypeToScriptingClass (8ms)
	initialDomainReloadingComplete (42ms)
	LoadAllAssembliesAndSetupDomain (149ms)
		LoadAssemblies (92ms)
		RebuildTransferFunctionScriptingTraits (0ms)
		AnalyzeDomain (147ms)
			TypeCache.Refresh (146ms)
				TypeCache.ScanAssembly (133ms)
			ScanForSourceGeneratedMonoScriptInfo (0ms)
			ResolveRequiredComponents (0ms)
	FinalizeReload (241ms)
		ReleaseScriptCaches (0ms)
		RebuildScriptCaches (0ms)
		SetupLoadedEditorAssemblies (198ms)
			LogAssemblyErrors (0ms)
			InitializePlatformSupportModulesInManaged (8ms)
			SetLoadedEditorAssemblies (7ms)
			RefreshPlugins (0ms)
			BeforeProcessingInitializeOnLoad (2ms)
			ProcessInitializeOnLoadAttributes (140ms)
			ProcessInitializeOnLoadMethodAttributes (43ms)
			AfterProcessingInitializeOnLoad (0ms)
			EditorAssembliesLoaded (0ms)
		ExecutionOrderSort2 (0ms)
		AwakeInstancesAfterBackupRestoration (0ms)
========================================================================
Worker process is ready to serve import requests
Caller must complete domain reload
Begin MonoManager ReloadAssembly
- Loaded All Assemblies, in  0.673 seconds
Native extension for WindowsStandalone target not found
[MODES] ModeService[none].Initialize
[MODES] ModeService[none].LoadModes
[MODES] Loading mode Default (0) for mode-current-id-Udemy course - Top-Down Shooter
Package Manager log level set to [2]
[Package Manager] Server::EnsureServerProcessIsRunning -- launch failed, reason: Unity was launched with the -noUpm command-line argument
[Package Manager] UpmClient::Send -- Unable to send message (not connected to UPM process).
[Package Manager] Cannot connect to Unity Package Manager local server
Mono: successfully reloaded assembly
- Finished resetting the current domain, in  0.635 seconds
Domain Reload Profiling: 1309ms
	BeginReloadAssembly (125ms)
		ExecutionOrderSort (0ms)
		DisableScriptedObjects (5ms)
		BackupInstance (0ms)
		ReleaseScriptingObjects (0ms)
		CreateAndSetChildDomain (21ms)
	RebuildCommonClasses (30ms)
	RebuildNativeTypeToScriptingClass (9ms)
	initialDomainReloadingComplete (33ms)
	LoadAllAssembliesAndSetupDomain (476ms)
		LoadAssemblies (274ms)
		RebuildTransferFunctionScriptingTraits (0ms)
		AnalyzeDomain (270ms)
			TypeCache.Refresh (234ms)
				TypeCache.ScanAssembly (209ms)
			ScanForSourceGeneratedMonoScriptInfo (24ms)
			ResolveRequiredComponents (9ms)
	FinalizeReload (636ms)
		ReleaseScriptCaches (0ms)
		RebuildScriptCaches (0ms)
		SetupLoadedEditorAssemblies (487ms)
			LogAssemblyErrors (0ms)
			InitializePlatformSupportModulesInManaged (4ms)
			SetLoadedEditorAssemblies (3ms)
			RefreshPlugins (0ms)
			BeforeProcessingInitializeOnLoad (58ms)
			ProcessInitializeOnLoadAttributes (365ms)
			ProcessInitializeOnLoadMethodAttributes (55ms)
			AfterProcessingInitializeOnLoad (2ms)
			EditorAssembliesLoaded (0ms)
		ExecutionOrderSort2 (0ms)
		AwakeInstancesAfterBackupRestoration (6ms)
Launched and connected shader compiler UnityShaderCompiler.exe after 0.07 seconds
Refreshing native plugins compatible for Editor in 3.76 ms, found 3 plugins.
Preloading 0 native plugins for Editor in 0.00 ms.
Unloading 5844 Unused Serialized files (Serialized files now loaded: 0)
Unloading 40 unused Assets / (418.6 KB). Loaded Objects now: 6308.
Memory consumption went from 219.9 MB to 219.5 MB.
Total: 7.651400 ms (FindLiveObjects: 1.087000 ms CreateObjectMapping: 0.946300 ms MarkObjects: 5.257300 ms  DeleteObjects: 0.357900 ms)

AssetImportParameters requested are different than current active one (requested -> active):
  custom:container-demuxer-ogg: 62fdf1f143b41e24485cea50d1cbac27 -> 
  custom:video-decoder-ogg-theora: a1e56fd34408186e4bbccfd4996cb3dc -> 
  custom:framework-win-MediaFoundation: 216162199b28c13a410421893ffa2e32 -> 
  custom:CustomObjectIndexerAttribute: 72b91833f83ae208fae7752999fa3104 -> 
  custom:container-demuxer-webm: 4f35f7cbe854078d1ac9338744f61a02 -> 
  custom:container-muxer-webm: aa71ff27fc2769a1b78a27578f13a17b -> 
  custom:video-decoder-webm-vp8: 9c59270c3fd7afecdb556c50c9e8de78 -> 
  custom:SearchIndexIgnoredProperties: e643bd26f0fe6173181afceb89e7c659 -> 
  custom:AudioImporter_EditorPlatform: d09bf68614088b80899f8185d706f6e7 -> 
  custom:video-encoder-webm-vp8: eb34c28f22e8b96e1ab97ce403110664 -> 
  custom:audio-decoder-ogg-vorbis: bf7c407c2cedff20999df2af8eb42d56 -> 
  custom:audio-encoder-webm-vorbis: bf7c407c2cedff20999df2af8eb42d56 -> 
========================================================================
Received Import Request.
  Time since last request: 18701.285036 seconds.
  path: Assets/Models/New/sword/Materials
  artifactKey: Guid(bb4b62ee8d57adc45b477e17a978dcf1) Importer(815301076,1909f56bfc062723c751e8b465ee728b)
Start importing Assets/Models/New/sword/Materials using Guid(bb4b62ee8d57adc45b477e17a978dcf1) Importer(815301076,1909f56bfc062723c751e8b465ee728b) [PhysX] Initialized MultithreadedTaskDispatcher with 16 workers.
 -> (artifact id: '7e148e0fe1ce6bbfaf8526494eb5d049') in 0.002458 seconds
Number of updated asset objects reloaded before import = 0
Number of asset objects unloaded after import = 0
========================================================================
Received Import Request.
  Time since last request: 0.069047 seconds.
  path: Assets/Models/New/sword/Materials/Ambient_Occlusion_Map_from_Mesh_DefaultMat.mat
  artifactKey: Guid(2e59fbaa4b5c08047b9febfc5ec9a7b0) Importer(815301076,1909f56bfc062723c751e8b465ee728b)
Start importing Assets/Models/New/sword/Materials/Ambient_Occlusion_Map_from_Mesh_DefaultMat.mat using Guid(2e59fbaa4b5c08047b9febfc5ec9a7b0) Importer(815301076,1909f56bfc062723c751e8b465ee728b) [PhysX] Initialized MultithreadedTaskDispatcher with 16 workers.
[PhysX] Initialized MultithreadedTaskDispatcher with 16 workers.
 -> (artifact id: 'c5acdac207c708909c5801973d863ed5') in 0.302833 seconds
Number of updated asset objects reloaded before import = 0
Number of asset objects unloaded after import = 21
========================================================================
Received Import Request.
  Time since last request: 4.425497 seconds.
  path: Assets/Models/New/claymore-primallal-jade-greatsword-free/textures/lambert1_Base_Color.png
  artifactKey: Guid(4a0c1a1bf858b6d4aacafcfeff71527d) Importer(815301076,1909f56bfc062723c751e8b465ee728b)
Start importing Assets/Models/New/claymore-primallal-jade-greatsword-free/textures/lambert1_Base_Color.png using Guid(4a0c1a1bf858b6d4aacafcfeff71527d) Importer(815301076,1909f56bfc062723c751e8b465ee728b) [PhysX] Initialized MultithreadedTaskDispatcher with 16 workers.
[PhysX] Initialized MultithreadedTaskDispatcher with 16 workers.
 -> (artifact id: '266eed603176ab415be326624c5914c7') in 0.039913 seconds
Number of updated asset objects reloaded before import = 0
Number of asset objects unloaded after import = 2
========================================================================
Received Import Request.
  Time since last request: 29.577811 seconds.
  path: Assets/Models/Character/character_boss@.fbx
  artifactKey: Guid(62c677a53464d6d4c8cc121c2239a69a) Importer(815301076,1909f56bfc062723c751e8b465ee728b)
Start importing Assets/Models/Character/character_boss@.fbx using Guid(62c677a53464d6d4c8cc121c2239a69a) Importer(815301076,1909f56bfc062723c751e8b465ee728b) [PhysX] Initialized MultithreadedTaskDispatcher with 16 workers.
[PhysX] Initialized MultithreadedTaskDispatcher with 16 workers.
[PhysX] Initialized MultithreadedTaskDispatcher with 16 workers.
[PhysX] Initialized MultithreadedTaskDispatcher with 16 workers.
[PhysX] Initialized MultithreadedTaskDispatcher with 16 workers.
 -> (artifact id: 'ce6a5abf1ac27c8cb64023edf43ae637') in 0.178306 seconds
Number of updated asset objects reloaded before import = 0
Number of asset objects unloaded after import = 144
========================================================================
Received Prepare
Caller must complete domain reload
Begin MonoManager ReloadAssembly
- Loaded All Assemblies, in  0.411 seconds
Native extension for WindowsStandalone target not found
[MODES] ModeService[none].Initialize
[MODES] ModeService[none].LoadModes
[MODES] Loading mode Default (0) for mode-current-id-Udemy course - Top-Down Shooter
[Package Manager] Server::EnsureServerProcessIsRunning -- launch failed, reason: Unity was launched with the -noUpm command-line argument
[Package Manager] UpmClient::Send -- Unable to send message (not connected to UPM process).
[Package Manager] Cannot connect to Unity Package Manager local server
Mono: successfully reloaded assembly
- Finished resetting the current domain, in  1.165 seconds
Domain Reload Profiling: 1576ms
	BeginReloadAssembly (151ms)
		ExecutionOrderSort (0ms)
		DisableScriptedObjects (10ms)
		BackupInstance (0ms)
		ReleaseScriptingObjects (0ms)
		CreateAndSetChildDomain (47ms)
	RebuildCommonClasses (26ms)
	RebuildNativeTypeToScriptingClass (10ms)
	initialDomainReloadingComplete (22ms)
	LoadAllAssembliesAndSetupDomain (203ms)
		LoadAssemblies (245ms)
		RebuildTransferFunctionScriptingTraits (0ms)
		AnalyzeDomain (21ms)
			TypeCache.Refresh (8ms)
				TypeCache.ScanAssembly (0ms)
			ScanForSourceGeneratedMonoScriptInfo (0ms)
			ResolveRequiredComponents (12ms)
	FinalizeReload (1165ms)
		ReleaseScriptCaches (0ms)
		RebuildScriptCaches (0ms)
		SetupLoadedEditorAssemblies (546ms)
			LogAssemblyErrors (0ms)
			InitializePlatformSupportModulesInManaged (4ms)
			SetLoadedEditorAssemblies (3ms)
			RefreshPlugins (0ms)
			BeforeProcessingInitializeOnLoad (67ms)
			ProcessInitializeOnLoadAttributes (418ms)
			ProcessInitializeOnLoadMethodAttributes (53ms)
			AfterProcessingInitializeOnLoad (2ms)
			EditorAssembliesLoaded (0ms)
		ExecutionOrderSort2 (0ms)
		AwakeInstancesAfterBackupRestoration (10ms)
Refreshing native plugins compatible for Editor in 4.24 ms, found 3 plugins.
Preloading 0 native plugins for Editor in 0.00 ms.
Unloading 5695 Unused Serialized files (Serialized files now loaded: 0)
Unloading 21 unused Assets / (387.6 KB). Loaded Objects now: 6410.
Memory consumption went from 200.9 MB to 200.5 MB.
Total: 7.056400 ms (FindLiveObjects: 0.705700 ms CreateObjectMapping: 0.490800 ms MarkObjects: 5.648800 ms  DeleteObjects: 0.209200 ms)

Prepare: number of updated asset objects reloaded= 0
AssetImportParameters requested are different than current active one (requested -> active):
  custom:container-demuxer-ogg: 62fdf1f143b41e24485cea50d1cbac27 -> 
  custom:video-decoder-ogg-theora: a1e56fd34408186e4bbccfd4996cb3dc -> 
  custom:framework-win-MediaFoundation: 216162199b28c13a410421893ffa2e32 -> 
  custom:CustomObjectIndexerAttribute: 72b91833f83ae208fae7752999fa3104 -> 
  custom:container-demuxer-webm: 4f35f7cbe854078d1ac9338744f61a02 -> 
  custom:container-muxer-webm: aa71ff27fc2769a1b78a27578f13a17b -> 
  custom:video-decoder-webm-vp8: 9c59270c3fd7afecdb556c50c9e8de78 -> 
  custom:SearchIndexIgnoredProperties: e643bd26f0fe6173181afceb89e7c659 -> 
  custom:AudioImporter_EditorPlatform: d09bf68614088b80899f8185d706f6e7 -> 
  custom:video-encoder-webm-vp8: eb34c28f22e8b96e1ab97ce403110664 -> 
  custom:audio-decoder-ogg-vorbis: bf7c407c2cedff20999df2af8eb42d56 -> 
  custom:audio-encoder-webm-vorbis: bf7c407c2cedff20999df2af8eb42d56 -> 
========================================================================
Received Import Request.
  Time since last request: 230.433097 seconds.
  path: Assets/Data
  artifactKey: Guid(77b8e02956a93dc47833eb0c0efb915b) Importer(815301076,1909f56bfc062723c751e8b465ee728b)
Start importing Assets/Data using Guid(77b8e02956a93dc47833eb0c0efb915b) Importer(815301076,1909f56bfc062723c751e8b465ee728b) [PhysX] Initialized MultithreadedTaskDispatcher with 16 workers.
 -> (artifact id: '89f8fb0d103d84dcae406b392676df1f') in 0.002794 seconds
Number of updated asset objects reloaded before import = 0
Number of asset objects unloaded after import = 0
========================================================================
Received Import Request.
  Time since last request: 0.223836 seconds.
  path: Assets/Animations
  artifactKey: Guid(8cfbf7c0fe10e604191bc0559c55dd11) Importer(815301076,1909f56bfc062723c751e8b465ee728b)
Start importing Assets/Animations using Guid(8cfbf7c0fe10e604191bc0559c55dd11) Importer(815301076,1909f56bfc062723c751e8b465ee728b) [PhysX] Initialized MultithreadedTaskDispatcher with 16 workers.
 -> (artifact id: '595b4a622815364c94a4844c2f354259') in 0.000625 seconds
Number of updated asset objects reloaded before import = 0
Number of asset objects unloaded after import = 0
========================================================================
Received Import Request.
  Time since last request: 4.605495 seconds.
  path: Assets/Prefab/Bullet.prefab
  artifactKey: Guid(5d6f9576cecc23b428a0b635b90998be) Importer(815301076,1909f56bfc062723c751e8b465ee728b)
Start importing Assets/Prefab/Bullet.prefab using Guid(5d6f9576cecc23b428a0b635b90998be) Importer(815301076,1909f56bfc062723c751e8b465ee728b) [PhysX] Initialized MultithreadedTaskDispatcher with 16 workers.
 -> (artifact id: '46ab2e7385ae8464b8f64871ae4553e6') in 0.000557 seconds
Number of updated asset objects reloaded before import = 0
Number of asset objects unloaded after import = 0
========================================================================
Received Import Request.
  Time since last request: 0.007573 seconds.
  path: Assets/Prefab/Weapon_Auto-Rifle.prefab
  artifactKey: Guid(10d5188f13e7d7c489556a5c06aec5db) Importer(815301076,1909f56bfc062723c751e8b465ee728b)
Start importing Assets/Prefab/Weapon_Auto-Rifle.prefab using Guid(10d5188f13e7d7c489556a5c06aec5db) Importer(815301076,1909f56bfc062723c751e8b465ee728b) [PhysX] Initialized MultithreadedTaskDispatcher with 16 workers.
 -> (artifact id: 'f50ee58f6a3e352f158d0f1382180684') in 0.001264 seconds
Number of updated asset objects reloaded before import = 0
Number of asset objects unloaded after import = 0
========================================================================
Received Import Request.
  Time since last request: 0.000027 seconds.
  path: Assets/Prefab/ZoneLimit.prefab
  artifactKey: Guid(1e4d0d28136b0f14295e24aed380ee22) Importer(815301076,1909f56bfc062723c751e8b465ee728b)
Start importing Assets/Prefab/ZoneLimit.prefab using Guid(1e4d0d28136b0f14295e24aed380ee22) Importer(815301076,1909f56bfc062723c751e8b465ee728b) [PhysX] Initialized MultithreadedTaskDispatcher with 16 workers.
 -> (artifact id: '08f06b82760f8c308aa5c85c2e7df605') in 0.000979 seconds
Number of updated asset objects reloaded before import = 0
Number of asset objects unloaded after import = 0
========================================================================
Received Import Request.
  Time since last request: 0.000026 seconds.
  path: Assets/Prefab/Enemy's_Grenade.prefab
  artifactKey: Guid(4ef4695b41e3b994682d08bda65871e5) Importer(815301076,1909f56bfc062723c751e8b465ee728b)
Start importing Assets/Prefab/Enemy's_Grenade.prefab using Guid(4ef4695b41e3b994682d08bda65871e5) Importer(815301076,1909f56bfc062723c751e8b465ee728b) [PhysX] Initialized MultithreadedTaskDispatcher with 16 workers.
 -> (artifact id: '73a5c5da9a21ff23e4cfcb3059542a67') in 0.000788 seconds
Number of updated asset objects reloaded before import = 0
Number of asset objects unloaded after import = 0
========================================================================
Received Import Request.
  Time since last request: 14.115147 seconds.
  path: Assets/Models/FBX
  artifactKey: Guid(94ea39bca783e8244b2524d7d355cc26) Importer(815301076,1909f56bfc062723c751e8b465ee728b)
Start importing Assets/Models/FBX using Guid(94ea39bca783e8244b2524d7d355cc26) Importer(815301076,1909f56bfc062723c751e8b465ee728b) [PhysX] Initialized MultithreadedTaskDispatcher with 16 workers.
 -> (artifact id: 'ad39174a480e3cea069813ab8f512de2') in 0.000631 seconds
Number of updated asset objects reloaded before import = 0
Number of asset objects unloaded after import = 0
========================================================================
Received Import Request.
  Time since last request: 4.108478 seconds.
  path: Assets/Models/New/New Weapons/auto-rifle/Materials/cavity.mat
  artifactKey: Guid(a29a4c431481c20459c97231a69340ed) Importer(815301076,1909f56bfc062723c751e8b465ee728b)
Start importing Assets/Models/New/New Weapons/auto-rifle/Materials/cavity.mat using Guid(a29a4c431481c20459c97231a69340ed) Importer(815301076,1909f56bfc062723c751e8b465ee728b) [PhysX] Initialized MultithreadedTaskDispatcher with 16 workers.
[PhysX] Initialized MultithreadedTaskDispatcher with 16 workers.
 -> (artifact id: '66965f38ac22a4649c879d6dbf84a439') in 0.240109 seconds
Number of updated asset objects reloaded before import = 0
Number of asset objects unloaded after import = 20
========================================================================
Received Import Request.
  Time since last request: 0.000031 seconds.
  path: Assets/Models/New/New Weapons/auto-rifle/Materials/colt_specular.mat
  artifactKey: Guid(637fbdf4e3678c6408ca75323cf005be) Importer(815301076,1909f56bfc062723c751e8b465ee728b)
Start importing Assets/Models/New/New Weapons/auto-rifle/Materials/colt_specular.mat using Guid(637fbdf4e3678c6408ca75323cf005be) Importer(815301076,1909f56bfc062723c751e8b465ee728b) [PhysX] Initialized MultithreadedTaskDispatcher with 16 workers.
[PhysX] Initialized MultithreadedTaskDispatcher with 16 workers.
 -> (artifact id: 'c6a9ba807f85165b90431ecf97f2429b') in 0.015422 seconds
Number of updated asset objects reloaded before import = 0
Number of asset objects unloaded after import = 2
========================================================================
Received Import Request.
  Time since last request: 0.000043 seconds.
  path: Assets/Models/New/New Weapons/auto-rifle/Materials/colt_occlusion 1.mat
  artifactKey: Guid(46fda423bb5574d4b8422779b17d2b1b) Importer(815301076,1909f56bfc062723c751e8b465ee728b)
Start importing Assets/Models/New/New Weapons/auto-rifle/Materials/colt_occlusion 1.mat using Guid(46fda423bb5574d4b8422779b17d2b1b) Importer(815301076,1909f56bfc062723c751e8b465ee728b) [PhysX] Initialized MultithreadedTaskDispatcher with 16 workers.
[PhysX] Initialized MultithreadedTaskDispatcher with 16 workers.
 -> (artifact id: 'de5a61a82c7a3f58cca63e66872b3cbd') in 0.033273 seconds
Number of updated asset objects reloaded before import = 0
Number of asset objects unloaded after import = 3
========================================================================
Received Import Request.
  Time since last request: 0.000046 seconds.
  path: Assets/Models/New/New Weapons/auto-rifle/Materials/textura_do_colta.mat
  artifactKey: Guid(cacaa971a045d1e45ab14badcdc58137) Importer(815301076,1909f56bfc062723c751e8b465ee728b)
Start importing Assets/Models/New/New Weapons/auto-rifle/Materials/textura_do_colta.mat using Guid(cacaa971a045d1e45ab14badcdc58137) Importer(815301076,1909f56bfc062723c751e8b465ee728b) [PhysX] Initialized MultithreadedTaskDispatcher with 16 workers.
[PhysX] Initialized MultithreadedTaskDispatcher with 16 workers.
 -> (artifact id: '5a8e936206f608f24cb57e442a311b73') in 0.015881 seconds
Number of updated asset objects reloaded before import = 0
Number of asset objects unloaded after import = 2
========================================================================
Received Import Request.
  Time since last request: 12.381083 seconds.
  path: Assets/Models/New/New Weapons/deagle
  artifactKey: Guid(9dc89ec8e9f6f7848977764c85ea3b90) Importer(815301076,1909f56bfc062723c751e8b465ee728b)
Start importing Assets/Models/New/New Weapons/deagle using Guid(9dc89ec8e9f6f7848977764c85ea3b90) Importer(815301076,1909f56bfc062723c751e8b465ee728b) [PhysX] Initialized MultithreadedTaskDispatcher with 16 workers.
 -> (artifact id: '6332827f6b02ab17c23e25c333c2d6ab') in 0.000579 seconds
Number of updated asset objects reloaded before import = 0
Number of asset objects unloaded after import = 0
========================================================================
Received Import Request.
  Time since last request: 0.654771 seconds.
  path: Assets/Models/New/New Weapons/deagle/source
  artifactKey: Guid(5e69b21b3d07c7045947d02815d3990d) Importer(815301076,1909f56bfc062723c751e8b465ee728b)
Start importing Assets/Models/New/New Weapons/deagle/source using Guid(5e69b21b3d07c7045947d02815d3990d) Importer(815301076,1909f56bfc062723c751e8b465ee728b) [PhysX] Initialized MultithreadedTaskDispatcher with 16 workers.
 -> (artifact id: '5b2a0d2e4da5bdc38bd49e380c46d69e') in 0.000525 seconds
Number of updated asset objects reloaded before import = 0
Number of asset objects unloaded after import = 0
========================================================================
Received Import Request.
  Time since last request: 0.160512 seconds.
  path: Assets/Models/New/New Weapons/deagle/source/deagle.fbx
  artifactKey: Guid(455b2fb34a7a6b44dad6bdcb1f4a5782) Importer(815301076,1909f56bfc062723c751e8b465ee728b)
Start importing Assets/Models/New/New Weapons/deagle/source/deagle.fbx using Guid(455b2fb34a7a6b44dad6bdcb1f4a5782) Importer(815301076,1909f56bfc062723c751e8b465ee728b) [PhysX] Initialized MultithreadedTaskDispatcher with 16 workers.
[PhysX] Initialized MultithreadedTaskDispatcher with 16 workers.
[PhysX] Initialized MultithreadedTaskDispatcher with 16 workers.
[PhysX] Initialized MultithreadedTaskDispatcher with 16 workers.
 -> (artifact id: 'd1b2cdb59d7e98375860b831773d9f81') in 0.061285 seconds
Number of updated asset objects reloaded before import = 0
Number of asset objects unloaded after import = 11
========================================================================
Received Import Request.
  Time since last request: 1.459405 seconds.
  path: Assets/Models/New/New Weapons/deagle/textures
  artifactKey: Guid(94e86bf262a002f418a59faebb1d57bd) Importer(815301076,1909f56bfc062723c751e8b465ee728b)
Start importing Assets/Models/New/New Weapons/deagle/textures using Guid(94e86bf262a002f418a59faebb1d57bd) Importer(815301076,1909f56bfc062723c751e8b465ee728b) [PhysX] Initialized MultithreadedTaskDispatcher with 16 workers.
 -> (artifact id: 'e59ac9f2371654e46e77edd5959d5a22') in 0.000618 seconds
Number of updated asset objects reloaded before import = 0
Number of asset objects unloaded after import = 0
========================================================================
Received Import Request.
  Time since last request: 0.599376 seconds.
  path: Assets/Models/New/New Weapons/deagle/textures/deagle_normal.png
  artifactKey: Guid(475b4070e99665f4880161c293475e29) Importer(815301076,1909f56bfc062723c751e8b465ee728b)
Start importing Assets/Models/New/New Weapons/deagle/textures/deagle_normal.png using Guid(475b4070e99665f4880161c293475e29) Importer(815301076,1909f56bfc062723c751e8b465ee728b) [PhysX] Initialized MultithreadedTaskDispatcher with 16 workers.
[PhysX] Initialized MultithreadedTaskDispatcher with 16 workers.
 -> (artifact id: '1ef23fae1aad7f3669648326c31fd3f3') in 0.033088 seconds
Number of updated asset objects reloaded before import = 0
Number of asset objects unloaded after import = 2
========================================================================
Received Import Request.
  Time since last request: 11.304963 seconds.
  path: Assets/Models/New/New Weapons/pistol
  artifactKey: Guid(253b53b21a017124b8c34226885ce98a) Importer(815301076,1909f56bfc062723c751e8b465ee728b)
Start importing Assets/Models/New/New Weapons/pistol using Guid(253b53b21a017124b8c34226885ce98a) Importer(815301076,1909f56bfc062723c751e8b465ee728b) [PhysX] Initialized MultithreadedTaskDispatcher with 16 workers.
 -> (artifact id: '5b0d6add98514e69372a28d963c366af') in 0.000943 seconds
Number of updated asset objects reloaded before import = 0
Number of asset objects unloaded after import = 0
========================================================================
Received Import Request.
  Time since last request: 0.964566 seconds.
  path: Assets/Models/New/New Weapons/pistol/textures
  artifactKey: Guid(1a93fcc425472d34b9f30738223b4082) Importer(815301076,1909f56bfc062723c751e8b465ee728b)
Start importing Assets/Models/New/New Weapons/pistol/textures using Guid(1a93fcc425472d34b9f30738223b4082) Importer(815301076,1909f56bfc062723c751e8b465ee728b) [PhysX] Initialized MultithreadedTaskDispatcher with 16 workers.
 -> (artifact id: '39623d42f969ad0915d54a06cca3c797') in 0.000557 seconds
Number of updated asset objects reloaded before import = 0
Number of asset objects unloaded after import = 0
========================================================================
Received Import Request.
  Time since last request: 0.054883 seconds.
  path: Assets/Models/New/New Weapons/pistol/textures/cu_usp_cyrex.jpeg
  artifactKey: Guid(6a818375bdcf45f44a254bd52cfdff8d) Importer(815301076,1909f56bfc062723c751e8b465ee728b)
Start importing Assets/Models/New/New Weapons/pistol/textures/cu_usp_cyrex.jpeg using Guid(6a818375bdcf45f44a254bd52cfdff8d) Importer(815301076,1909f56bfc062723c751e8b465ee728b) [PhysX] Initialized MultithreadedTaskDispatcher with 16 workers.
[PhysX] Initialized MultithreadedTaskDispatcher with 16 workers.
 -> (artifact id: '6db1557988163d3d01261e485630350a') in 0.037145 seconds
Number of updated asset objects reloaded before import = 0
Number of asset objects unloaded after import = 2
========================================================================
Received Import Request.
  Time since last request: 8.004124 seconds.
  path: Assets/Models/New/New Weapons/shotgun
  artifactKey: Guid(ef03f9dcedc87b247a75baa7682356f7) Importer(815301076,1909f56bfc062723c751e8b465ee728b)
Start importing Assets/Models/New/New Weapons/shotgun using Guid(ef03f9dcedc87b247a75baa7682356f7) Importer(815301076,1909f56bfc062723c751e8b465ee728b) [PhysX] Initialized MultithreadedTaskDispatcher with 16 workers.
 -> (artifact id: '60e85df70af125b668b25a89f8a0d423') in 0.001639 seconds
Number of updated asset objects reloaded before import = 0
Number of asset objects unloaded after import = 0
========================================================================
Received Import Request.
  Time since last request: 0.607418 seconds.
  path: Assets/Models/New/New Weapons/shotgun/source
  artifactKey: Guid(81181a50c1af6f148b92446a22519372) Importer(815301076,1909f56bfc062723c751e8b465ee728b)
Start importing Assets/Models/New/New Weapons/shotgun/source using Guid(81181a50c1af6f148b92446a22519372) Importer(815301076,1909f56bfc062723c751e8b465ee728b) [PhysX] Initialized MultithreadedTaskDispatcher with 16 workers.
 -> (artifact id: '2e3eb82b54505bfc9462aee7e36e848b') in 0.000575 seconds
Number of updated asset objects reloaded before import = 0
Number of asset objects unloaded after import = 0
========================================================================
Received Import Request.
  Time since last request: 0.196695 seconds.
  path: Assets/Models/New/New Weapons/shotgun/source/shotgun.fbx
  artifactKey: Guid(eec083caaace03e4ab0f4b16a7a94d9a) Importer(815301076,1909f56bfc062723c751e8b465ee728b)
Start importing Assets/Models/New/New Weapons/shotgun/source/shotgun.fbx using Guid(eec083caaace03e4ab0f4b16a7a94d9a) Importer(815301076,1909f56bfc062723c751e8b465ee728b) [PhysX] Initialized MultithreadedTaskDispatcher with 16 workers.
[PhysX] Initialized MultithreadedTaskDispatcher with 16 workers.
[PhysX] Initialized MultithreadedTaskDispatcher with 16 workers.
[PhysX] Initialized MultithreadedTaskDispatcher with 16 workers.
[PhysX] Initialized MultithreadedTaskDispatcher with 16 workers.
[PhysX] Initialized MultithreadedTaskDispatcher with 16 workers.
[PhysX] Initialized MultithreadedTaskDispatcher with 16 workers.
[PhysX] Initialized MultithreadedTaskDispatcher with 16 workers.
[PhysX] Initialized MultithreadedTaskDispatcher with 16 workers.
[PhysX] Initialized MultithreadedTaskDispatcher with 16 workers.
[PhysX] Initialized MultithreadedTaskDispatcher with 16 workers.
[PhysX] Initialized MultithreadedTaskDispatcher with 16 workers.
[PhysX] Initialized MultithreadedTaskDispatcher with 16 workers.
 -> (artifact id: '5c2b8b4ac027cfc66200b9ab5e4f844f') in 0.063591 seconds
Number of updated asset objects reloaded before import = 0
Number of asset objects unloaded after import = 31
========================================================================
Received Import Request.
  Time since last request: 1.697834 seconds.
  path: Assets/Models/New/New Weapons/shotgun/Materials
  artifactKey: Guid(f5e852383cfcec2488b1b771770521d6) Importer(815301076,1909f56bfc062723c751e8b465ee728b)
Start importing Assets/Models/New/New Weapons/shotgun/Materials using Guid(f5e852383cfcec2488b1b771770521d6) Importer(815301076,1909f56bfc062723c751e8b465ee728b) [PhysX] Initialized MultithreadedTaskDispatcher with 16 workers.
 -> (artifact id: 'e7b016a8230e74346ab80b58906445d8') in 0.000646 seconds
Number of updated asset objects reloaded before import = 0
Number of asset objects unloaded after import = 0
========================================================================
Received Import Request.
  Time since last request: 0.035859 seconds.
  path: Assets/Models/New/New Weapons/shotgun/Materials/shotgunAO.mat
  artifactKey: Guid(c5dd72191dcf4bd4f8a059286eed9c73) Importer(815301076,1909f56bfc062723c751e8b465ee728b)
Start importing Assets/Models/New/New Weapons/shotgun/Materials/shotgunAO.mat using Guid(c5dd72191dcf4bd4f8a059286eed9c73) Importer(815301076,1909f56bfc062723c751e8b465ee728b) [PhysX] Initialized MultithreadedTaskDispatcher with 16 workers.
[PhysX] Initialized MultithreadedTaskDispatcher with 16 workers.
 -> (artifact id: '0ba7c4bee0f0a1ff8da0ed3feab41192') in 0.023593 seconds
Number of updated asset objects reloaded before import = 0
Number of asset objects unloaded after import = 3
========================================================================
Received Import Request.
  Time since last request: 0.000045 seconds.
  path: Assets/Models/New/New Weapons/shotgun/Materials/shotgunRoughness.mat
  artifactKey: Guid(81cee27789eee49489a6bfc64e4abf71) Importer(815301076,1909f56bfc062723c751e8b465ee728b)
Start importing Assets/Models/New/New Weapons/shotgun/Materials/shotgunRoughness.mat using Guid(81cee27789eee49489a6bfc64e4abf71) Importer(815301076,1909f56bfc062723c751e8b465ee728b) [PhysX] Initialized MultithreadedTaskDispatcher with 16 workers.
[PhysX] Initialized MultithreadedTaskDispatcher with 16 workers.
 -> (artifact id: '3f291fcb101ec09c0fc1d39641b172ec') in 0.022829 seconds
Number of updated asset objects reloaded before import = 0
Number of asset objects unloaded after import = 3
========================================================================
Received Import Request.
  Time since last request: 2.076217 seconds.
  path: Assets/Models/New/New Weapons/shotgun/textures
  artifactKey: Guid(6b6f6408f7bf89d4fb1d0361f9e007ba) Importer(815301076,1909f56bfc062723c751e8b465ee728b)
Start importing Assets/Models/New/New Weapons/shotgun/textures using Guid(6b6f6408f7bf89d4fb1d0361f9e007ba) Importer(815301076,1909f56bfc062723c751e8b465ee728b) [PhysX] Initialized MultithreadedTaskDispatcher with 16 workers.
 -> (artifact id: 'e2f8dcc4071ee75da40666be73492c1e') in 0.000645 seconds
Number of updated asset objects reloaded before import = 0
Number of asset objects unloaded after import = 0
========================================================================
Received Import Request.
  Time since last request: 0.046282 seconds.
  path: Assets/Models/New/New Weapons/shotgun/textures/shotgunAO.png
  artifactKey: Guid(f31c1f236f451d849b28c95f5c11e88b) Importer(815301076,1909f56bfc062723c751e8b465ee728b)
Start importing Assets/Models/New/New Weapons/shotgun/textures/shotgunAO.png using Guid(f31c1f236f451d849b28c95f5c11e88b) Importer(815301076,1909f56bfc062723c751e8b465ee728b) [PhysX] Initialized MultithreadedTaskDispatcher with 16 workers.
[PhysX] Initialized MultithreadedTaskDispatcher with 16 workers.
 -> (artifact id: '90caa150691320be8f0f6319936add01') in 0.021691 seconds
Number of updated asset objects reloaded before import = 0
Number of asset objects unloaded after import = 2
========================================================================
Received Import Request.
  Time since last request: 9.965190 seconds.
  path: Assets/Models/New/New Weapons/sniper
  artifactKey: Guid(c7b11c08298d7ed48ba99cf7c7f30760) Importer(815301076,1909f56bfc062723c751e8b465ee728b)
Start importing Assets/Models/New/New Weapons/sniper using Guid(c7b11c08298d7ed48ba99cf7c7f30760) Importer(815301076,1909f56bfc062723c751e8b465ee728b) [PhysX] Initialized MultithreadedTaskDispatcher with 16 workers.
 -> (artifact id: '483d7a23bb2dd69f916f89ad7ddd62da') in 0.000758 seconds
Number of updated asset objects reloaded before import = 0
Number of asset objects unloaded after import = 0
========================================================================
Received Import Request.
  Time since last request: 0.747617 seconds.
  path: Assets/Models/New/New Weapons/sniper/source
  artifactKey: Guid(4434a52fa768ebf419df8f12220345f5) Importer(815301076,1909f56bfc062723c751e8b465ee728b)
Start importing Assets/Models/New/New Weapons/sniper/source using Guid(4434a52fa768ebf419df8f12220345f5) Importer(815301076,1909f56bfc062723c751e8b465ee728b) [PhysX] Initialized MultithreadedTaskDispatcher with 16 workers.
 -> (artifact id: 'fd4d41ea8a0cf530adba5124c864b4f9') in 0.000571 seconds
Number of updated asset objects reloaded before import = 0
Number of asset objects unloaded after import = 0
========================================================================
Received Import Request.
  Time since last request: 0.070004 seconds.
  path: Assets/Models/New/New Weapons/sniper/source/sniper.fbx
  artifactKey: Guid(ded817faa2ea13c459dc73400718a47f) Importer(815301076,1909f56bfc062723c751e8b465ee728b)
Start importing Assets/Models/New/New Weapons/sniper/source/sniper.fbx using Guid(ded817faa2ea13c459dc73400718a47f) Importer(815301076,1909f56bfc062723c751e8b465ee728b) [PhysX] Initialized MultithreadedTaskDispatcher with 16 workers.
[PhysX] Initialized MultithreadedTaskDispatcher with 16 workers.
[PhysX] Initialized MultithreadedTaskDispatcher with 16 workers.
[PhysX] Initialized MultithreadedTaskDispatcher with 16 workers.
[PhysX] Initialized MultithreadedTaskDispatcher with 16 workers.
[PhysX] Initialized MultithreadedTaskDispatcher with 16 workers.
[PhysX] Initialized MultithreadedTaskDispatcher with 16 workers.
[PhysX] Initialized MultithreadedTaskDispatcher with 16 workers.
[PhysX] Initialized MultithreadedTaskDispatcher with 16 workers.
[PhysX] Initialized MultithreadedTaskDispatcher with 16 workers.
[PhysX] Initialized MultithreadedTaskDispatcher with 16 workers.
[PhysX] Initialized MultithreadedTaskDispatcher with 16 workers.
[PhysX] Initialized MultithreadedTaskDispatcher with 16 workers.
[PhysX] Initialized MultithreadedTaskDispatcher with 16 workers.
[PhysX] Initialized MultithreadedTaskDispatcher with 16 workers.
[PhysX] Initialized MultithreadedTaskDispatcher with 16 workers.
[PhysX] Initialized MultithreadedTaskDispatcher with 16 workers.
 -> (artifact id: 'b495180479ac827583b5767a78a2c1d9') in 0.080146 seconds
Number of updated asset objects reloaded before import = 0
Number of asset objects unloaded after import = 48
========================================================================
Received Import Request.
  Time since last request: 1.207586 seconds.
  path: Assets/Models/New/New Weapons/sniper/textures
  artifactKey: Guid(0bdce68790c1f4d4ea476491e761f348) Importer(815301076,1909f56bfc062723c751e8b465ee728b)
Start importing Assets/Models/New/New Weapons/sniper/textures using Guid(0bdce68790c1f4d4ea476491e761f348) Importer(815301076,1909f56bfc062723c751e8b465ee728b) [PhysX] Initialized MultithreadedTaskDispatcher with 16 workers.
 -> (artifact id: '55cec46e0cdcac58de2be415604c6b54') in 0.000729 seconds
Number of updated asset objects reloaded before import = 0
Number of asset objects unloaded after import = 0
========================================================================
Received Import Request.
  Time since last request: 0.047576 seconds.
  path: Assets/Models/New/New Weapons/sniper/textures/sniperAO.png
  artifactKey: Guid(3177e9d0ef11999469470625c7970fd1) Importer(815301076,1909f56bfc062723c751e8b465ee728b)
Start importing Assets/Models/New/New Weapons/sniper/textures/sniperAO.png using Guid(3177e9d0ef11999469470625c7970fd1) Importer(815301076,1909f56bfc062723c751e8b465ee728b) [PhysX] Initialized MultithreadedTaskDispatcher with 16 workers.
[PhysX] Initialized MultithreadedTaskDispatcher with 16 workers.
 -> (artifact id: '7f30b8140b6057333330fbc37d30eeff') in 0.023890 seconds
Number of updated asset objects reloaded before import = 0
Number of asset objects unloaded after import = 2
========================================================================
Received Import Request.
  Time since last request: 0.000025 seconds.
  path: Assets/Models/New/New Weapons/sniper/textures/sniperRoughness.png
  artifactKey: Guid(43266f983fefea34fa1f6727dcbeed35) Importer(815301076,1909f56bfc062723c751e8b465ee728b)
Start importing Assets/Models/New/New Weapons/sniper/textures/sniperRoughness.png using Guid(43266f983fefea34fa1f6727dcbeed35) Importer(815301076,1909f56bfc062723c751e8b465ee728b) [PhysX] Initialized MultithreadedTaskDispatcher with 16 workers.
[PhysX] Initialized MultithreadedTaskDispatcher with 16 workers.
 -> (artifact id: 'a86d9d7f69ae6f61dcd7b451a102122f') in 0.021589 seconds
Number of updated asset objects reloaded before import = 0
Number of asset objects unloaded after import = 2
========================================================================
Received Import Request.
  Time since last request: 564.175121 seconds.
  path: Assets/Models/New/recon-helmet
  artifactKey: Guid(1d34425b85228b94795c5e8505100ea1) Importer(815301076,1909f56bfc062723c751e8b465ee728b)
Start importing Assets/Models/New/recon-helmet using Guid(1d34425b85228b94795c5e8505100ea1) Importer(815301076,1909f56bfc062723c751e8b465ee728b) [PhysX] Initialized MultithreadedTaskDispatcher with 16 workers.
 -> (artifact id: 'ccc0dfad1501afae072e75dbc7d14116') in 0.001226 seconds
Number of updated asset objects reloaded before import = 0
Number of asset objects unloaded after import = 0
========================================================================
Received Import Request.
  Time since last request: 0.759997 seconds.
  path: Assets/Models/New/recon-helmet/source
  artifactKey: Guid(ed41fdceaca27c145a3b7dc03bacf1b2) Importer(815301076,1909f56bfc062723c751e8b465ee728b)
Start importing Assets/Models/New/recon-helmet/source using Guid(ed41fdceaca27c145a3b7dc03bacf1b2) Importer(815301076,1909f56bfc062723c751e8b465ee728b) [PhysX] Initialized MultithreadedTaskDispatcher with 16 workers.
 -> (artifact id: '2b861d88d3c424d1b7a24a7e65e24b9f') in 0.000744 seconds
Number of updated asset objects reloaded before import = 0
Number of asset objects unloaded after import = 0
========================================================================
Received Import Request.
  Time since last request: 0.512487 seconds.
  path: Assets/Models/New/recon-helmet/source/Spartan_Helmet_LP
  artifactKey: Guid(52d7890a276dd324b895cf11f9cbc80a) Importer(815301076,1909f56bfc062723c751e8b465ee728b)
Start importing Assets/Models/New/recon-helmet/source/Spartan_Helmet_LP using Guid(52d7890a276dd324b895cf11f9cbc80a) Importer(815301076,1909f56bfc062723c751e8b465ee728b) [PhysX] Initialized MultithreadedTaskDispatcher with 16 workers.
 -> (artifact id: 'c03146138a232da3967b2bc5d96bf8bb') in 0.000540 seconds
Number of updated asset objects reloaded before import = 0
Number of asset objects unloaded after import = 0
========================================================================
Received Import Request.
  Time since last request: 0.045769 seconds.
  path: Assets/Models/New/recon-helmet/source/Spartan_Helmet_LP/Scout_Helm_LP.fbx
  artifactKey: Guid(8763c9af1132bd14888b9d019afbdaa3) Importer(815301076,1909f56bfc062723c751e8b465ee728b)
Start importing Assets/Models/New/recon-helmet/source/Spartan_Helmet_LP/Scout_Helm_LP.fbx using Guid(8763c9af1132bd14888b9d019afbdaa3) Importer(815301076,1909f56bfc062723c751e8b465ee728b) [PhysX] Initialized MultithreadedTaskDispatcher with 16 workers.
 -> (artifact id: '65dc2dc9a4e09144654ca640bab07e61') in 0.000661 seconds
Number of updated asset objects reloaded before import = 0
Number of asset objects unloaded after import = 0
========================================================================
Received Import Request.
  Time since last request: 24.316279 seconds.
  path: Assets/Models/New/recon-helmet/source/Spartan_Helmet_LP/Scout_Helm_LP.fbx
  artifactKey: Guid(8763c9af1132bd14888b9d019afbdaa3) Importer(815301076,1909f56bfc062723c751e8b465ee728b)
Start importing Assets/Models/New/recon-helmet/source/Spartan_Helmet_LP/Scout_Helm_LP.fbx using Guid(8763c9af1132bd14888b9d019afbdaa3) Importer(815301076,1909f56bfc062723c751e8b465ee728b) [PhysX] Initialized MultithreadedTaskDispatcher with 16 workers.
 -> (artifact id: 'c1e2b1f48f2d687cef4b5af81b9f4260') in 0.000615 seconds
Number of updated asset objects reloaded before import = 0
Number of asset objects unloaded after import = 0
========================================================================
Received Import Request.
  Time since last request: 19.908445 seconds.
  path: Assets/Models/New/recon-helmet/source/Spartan_Helmet_LP/Scout_Helm_LP.fbx
  artifactKey: Guid(8763c9af1132bd14888b9d019afbdaa3) Importer(815301076,1909f56bfc062723c751e8b465ee728b)
Start importing Assets/Models/New/recon-helmet/source/Spartan_Helmet_LP/Scout_Helm_LP.fbx using Guid(8763c9af1132bd14888b9d019afbdaa3) Importer(815301076,1909f56bfc062723c751e8b465ee728b) [PhysX] Initialized MultithreadedTaskDispatcher with 16 workers.
 -> (artifact id: 'c1e2b1f48f2d687cef4b5af81b9f4260') in 0.000616 seconds
Number of updated asset objects reloaded before import = 0
Number of asset objects unloaded after import = 0
========================================================================
Received Import Request.
  Time since last request: 6.873495 seconds.
  path: Assets/Models/New/recon-helmet/source/Spartan_Helmet_LP/Scout_Helm_LP.fbx
  artifactKey: Guid(8763c9af1132bd14888b9d019afbdaa3) Importer(815301076,1909f56bfc062723c751e8b465ee728b)
Start importing Assets/Models/New/recon-helmet/source/Spartan_Helmet_LP/Scout_Helm_LP.fbx using Guid(8763c9af1132bd14888b9d019afbdaa3) Importer(815301076,1909f56bfc062723c751e8b465ee728b) [PhysX] Initialized MultithreadedTaskDispatcher with 16 workers.
 -> (artifact id: 'c1e2b1f48f2d687cef4b5af81b9f4260') in 0.000664 seconds
Number of updated asset objects reloaded before import = 0
Number of asset objects unloaded after import = 0
========================================================================
Received Import Request.
  Time since last request: 5.728047 seconds.
  path: Assets/Models/New/recon-helmet/source/Spartan_Helmet_LP/Scout_Helm_LP.fbx
  artifactKey: Guid(8763c9af1132bd14888b9d019afbdaa3) Importer(815301076,1909f56bfc062723c751e8b465ee728b)
Start importing Assets/Models/New/recon-helmet/source/Spartan_Helmet_LP/Scout_Helm_LP.fbx using Guid(8763c9af1132bd14888b9d019afbdaa3) Importer(815301076,1909f56bfc062723c751e8b465ee728b) [PhysX] Initialized MultithreadedTaskDispatcher with 16 workers.
 -> (artifact id: 'c1e2b1f48f2d687cef4b5af81b9f4260') in 0.000566 seconds
Number of updated asset objects reloaded before import = 0
Number of asset objects unloaded after import = 0
========================================================================
Received Import Request.
  Time since last request: 58.614026 seconds.
  path: Assets/Models/New/recon-helmet/source/Spartan_Helmet_LP/Scout_Helm_LP.fbx
  artifactKey: Guid(8763c9af1132bd14888b9d019afbdaa3) Importer(815301076,1909f56bfc062723c751e8b465ee728b)
Start importing Assets/Models/New/recon-helmet/source/Spartan_Helmet_LP/Scout_Helm_LP.fbx using Guid(8763c9af1132bd14888b9d019afbdaa3) Importer(815301076,1909f56bfc062723c751e8b465ee728b) [PhysX] Initialized MultithreadedTaskDispatcher with 16 workers.
 -> (artifact id: 'c1e2b1f48f2d687cef4b5af81b9f4260') in 0.000671 seconds
Number of updated asset objects reloaded before import = 0
Number of asset objects unloaded after import = 0
========================================================================
Received Import Request.
  Time since last request: 69.515339 seconds.
  path: Assets/Models/New/recon-helmet/textures
  artifactKey: Guid(24abba3c226c4464ea9ff4464a3ee5bb) Importer(815301076,1909f56bfc062723c751e8b465ee728b)
Start importing Assets/Models/New/recon-helmet/textures using Guid(24abba3c226c4464ea9ff4464a3ee5bb) Importer(815301076,1909f56bfc062723c751e8b465ee728b) [PhysX] Initialized MultithreadedTaskDispatcher with 16 workers.
 -> (artifact id: '683bb80d0ef595581d32b397699fb820') in 0.000710 seconds
Number of updated asset objects reloaded before import = 0
Number of asset objects unloaded after import = 0
========================================================================
Received Import Request.
  Time since last request: 0.050822 seconds.
  path: Assets/Models/New/recon-helmet/textures/Spartan_Black_Shader_AO.png
  artifactKey: Guid(ec284c9a9b9064949a5b77d60c60afeb) Importer(815301076,1909f56bfc062723c751e8b465ee728b)
Start importing Assets/Models/New/recon-helmet/textures/Spartan_Black_Shader_AO.png using Guid(ec284c9a9b9064949a5b77d60c60afeb) Importer(815301076,1909f56bfc062723c751e8b465ee728b) [PhysX] Initialized MultithreadedTaskDispatcher with 16 workers.
[PhysX] Initialized MultithreadedTaskDispatcher with 16 workers.
 -> (artifact id: '6f0a79de8893d0d77bc3b34c9a01d58a') in 0.028034 seconds
Number of updated asset objects reloaded before import = 0
Number of asset objects unloaded after import = 2
========================================================================
Received Import Request.
  Time since last request: 0.000035 seconds.
  path: Assets/Models/New/recon-helmet/textures/Spartan_Black_Shader_Emissive.png
  artifactKey: Guid(deace69733772de44b805655fa36a705) Importer(815301076,1909f56bfc062723c751e8b465ee728b)
Start importing Assets/Models/New/recon-helmet/textures/Spartan_Black_Shader_Emissive.png using Guid(deace69733772de44b805655fa36a705) Importer(815301076,1909f56bfc062723c751e8b465ee728b) [PhysX] Initialized MultithreadedTaskDispatcher with 16 workers.
[PhysX] Initialized MultithreadedTaskDispatcher with 16 workers.
 -> (artifact id: '383fa2e5b1b87fb786cd2892304645a1') in 0.019405 seconds
Number of updated asset objects reloaded before import = 0
Number of asset objects unloaded after import = 2
========================================================================
Received Import Request.
  Time since last request: 0.000028 seconds.
  path: Assets/Models/New/recon-helmet/textures/Spartan_Black_Shader_Normal.png
  artifactKey: Guid(8d26d74bfad8c0342b5987571f03c6c4) Importer(815301076,1909f56bfc062723c751e8b465ee728b)
Start importing Assets/Models/New/recon-helmet/textures/Spartan_Black_Shader_Normal.png using Guid(8d26d74bfad8c0342b5987571f03c6c4) Importer(815301076,1909f56bfc062723c751e8b465ee728b) [PhysX] Initialized MultithreadedTaskDispatcher with 16 workers.
[PhysX] Initialized MultithreadedTaskDispatcher with 16 workers.
 -> (artifact id: '90c5d7efce5a02c9b8927379daa92e29') in 0.016907 seconds
Number of updated asset objects reloaded before import = 0
Number of asset objects unloaded after import = 2
========================================================================
Received Import Request.
  Time since last request: 0.000041 seconds.
  path: Assets/Models/New/recon-helmet/textures/Spartan_Black_Shader_Roughness.png
  artifactKey: Guid(cba7a91fd6bdf0d4395cab99743a14ce) Importer(815301076,1909f56bfc062723c751e8b465ee728b)
Start importing Assets/Models/New/recon-helmet/textures/Spartan_Black_Shader_Roughness.png using Guid(cba7a91fd6bdf0d4395cab99743a14ce) Importer(815301076,1909f56bfc062723c751e8b465ee728b) [PhysX] Initialized MultithreadedTaskDispatcher with 16 workers.
[PhysX] Initialized MultithreadedTaskDispatcher with 16 workers.
 -> (artifact id: 'fad27646953eae85c589bad79cc25ca4') in 0.017015 seconds
Number of updated asset objects reloaded before import = 0
Number of asset objects unloaded after import = 2
========================================================================
Received Prepare
Caller must complete domain reload
Begin MonoManager ReloadAssembly
- Loaded All Assemblies, in  0.411 seconds
Native extension for WindowsStandalone target not found
[MODES] ModeService[none].Initialize
[MODES] ModeService[none].LoadModes
[MODES] Loading mode Default (0) for mode-current-id-Udemy course - Top-Down Shooter
[Package Manager] Server::EnsureServerProcessIsRunning -- launch failed, reason: Unity was launched with the -noUpm command-line argument
[Package Manager] UpmClient::Send -- Unable to send message (not connected to UPM process).
[Package Manager] Cannot connect to Unity Package Manager local server
Mono: successfully reloaded assembly
- Finished resetting the current domain, in  1.073 seconds
Domain Reload Profiling: 1484ms
	BeginReloadAssembly (157ms)
		ExecutionOrderSort (0ms)
		DisableScriptedObjects (11ms)
		BackupInstance (0ms)
		ReleaseScriptingObjects (0ms)
		CreateAndSetChildDomain (43ms)
	RebuildCommonClasses (29ms)
	RebuildNativeTypeToScriptingClass (9ms)
	initialDomainReloadingComplete (23ms)
	LoadAllAssembliesAndSetupDomain (193ms)
		LoadAssemblies (242ms)
		RebuildTransferFunctionScriptingTraits (0ms)
		AnalyzeDomain (21ms)
			TypeCache.Refresh (8ms)
				TypeCache.ScanAssembly (0ms)
			ScanForSourceGeneratedMonoScriptInfo (0ms)
			ResolveRequiredComponents (11ms)
	FinalizeReload (1073ms)
		ReleaseScriptCaches (0ms)
		RebuildScriptCaches (0ms)
		SetupLoadedEditorAssemblies (485ms)
			LogAssemblyErrors (0ms)
			InitializePlatformSupportModulesInManaged (4ms)
			SetLoadedEditorAssemblies (3ms)
			RefreshPlugins (0ms)
			BeforeProcessingInitializeOnLoad (61ms)
			ProcessInitializeOnLoadAttributes (361ms)
			ProcessInitializeOnLoadMethodAttributes (55ms)
			AfterProcessingInitializeOnLoad (2ms)
			EditorAssembliesLoaded (0ms)
		ExecutionOrderSort2 (0ms)
		AwakeInstancesAfterBackupRestoration (12ms)
Refreshing native plugins compatible for Editor in 4.37 ms, found 3 plugins.
Preloading 0 native plugins for Editor in 0.00 ms.
Unloading 5695 Unused Serialized files (Serialized files now loaded: 0)
Unloading 21 unused Assets / (387.7 KB). Loaded Objects now: 6466.
Memory consumption went from 201.1 MB to 200.7 MB.
Total: 6.812300 ms (FindLiveObjects: 0.679200 ms CreateObjectMapping: 0.514400 ms MarkObjects: 5.459600 ms  DeleteObjects: 0.157300 ms)

Prepare: number of updated asset objects reloaded= 0
AssetImportParameters requested are different than current active one (requested -> active):
  custom:container-demuxer-ogg: 62fdf1f143b41e24485cea50d1cbac27 -> 
  custom:video-decoder-ogg-theora: a1e56fd34408186e4bbccfd4996cb3dc -> 
  custom:framework-win-MediaFoundation: 216162199b28c13a410421893ffa2e32 -> 
  custom:CustomObjectIndexerAttribute: 72b91833f83ae208fae7752999fa3104 -> 
  custom:container-demuxer-webm: 4f35f7cbe854078d1ac9338744f61a02 -> 
  custom:container-muxer-webm: aa71ff27fc2769a1b78a27578f13a17b -> 
  custom:video-decoder-webm-vp8: 9c59270c3fd7afecdb556c50c9e8de78 -> 
  custom:SearchIndexIgnoredProperties: e643bd26f0fe6173181afceb89e7c659 -> 
  custom:AudioImporter_EditorPlatform: d09bf68614088b80899f8185d706f6e7 -> 
  custom:video-encoder-webm-vp8: eb34c28f22e8b96e1ab97ce403110664 -> 
  custom:audio-decoder-ogg-vorbis: bf7c407c2cedff20999df2af8eb42d56 -> 
  custom:audio-encoder-webm-vorbis: bf7c407c2cedff20999df2af8eb42d56 -> 
========================================================================
Received Import Request.
  Time since last request: 281.582209 seconds.
  path: Assets/Models/New/Recon Helmet
  artifactKey: Guid(1d34425b85228b94795c5e8505100ea1) Importer(815301076,1909f56bfc062723c751e8b465ee728b)
Start importing Assets/Models/New/Recon Helmet using Guid(1d34425b85228b94795c5e8505100ea1) Importer(815301076,1909f56bfc062723c751e8b465ee728b) [PhysX] Initialized MultithreadedTaskDispatcher with 16 workers.
 -> (artifact id: '642806e6427572084ca0bf9c3273eade') in 0.010870 seconds
Number of updated asset objects reloaded before import = 0
Number of asset objects unloaded after import = 0
========================================================================
Received Import Request.
  Time since last request: 8.056469 seconds.
  path: Assets/Models/New/Claymore
  artifactKey: Guid(2137b772fbe8a564b8f595b9df7f22c9) Importer(815301076,1909f56bfc062723c751e8b465ee728b)
Start importing Assets/Models/New/Claymore using Guid(2137b772fbe8a564b8f595b9df7f22c9) Importer(815301076,1909f56bfc062723c751e8b465ee728b) [PhysX] Initialized MultithreadedTaskDispatcher with 16 workers.
 -> (artifact id: '197a98ec5a1b2c6e4e6d7823f4d42369') in 0.000578 seconds
Number of updated asset objects reloaded before import = 0
Number of asset objects unloaded after import = 0
========================================================================
Received Import Request.
  Time since last request: 23.208710 seconds.
  path: Assets/Models/New/New Models
  artifactKey: Guid(dc1f582456337454ab39a562a0ecea97) Importer(815301076,1909f56bfc062723c751e8b465ee728b)
Start importing Assets/Models/New/New Models using Guid(dc1f582456337454ab39a562a0ecea97) Importer(815301076,1909f56bfc062723c751e8b465ee728b) [PhysX] Initialized MultithreadedTaskDispatcher with 16 workers.
 -> (artifact id: 'f08cb9d506c094349e66e767d07a24be') in 0.000604 seconds
Number of updated asset objects reloaded before import = 0
Number of asset objects unloaded after import = 0
========================================================================
Received Import Request.
  Time since last request: 173.720535 seconds.
  path: Assets/Models/New/New Models/Recon Helmet/Materials
  artifactKey: Guid(cc07ea04d085d024f844190bab2dc0ef) Importer(815301076,1909f56bfc062723c751e8b465ee728b)
Start importing Assets/Models/New/New Models/Recon Helmet/Materials using Guid(cc07ea04d085d024f844190bab2dc0ef) Importer(815301076,1909f56bfc062723c751e8b465ee728b) [PhysX] Initialized MultithreadedTaskDispatcher with 16 workers.
 -> (artifact id: '466e32e137304e084db2bac344fde308') in 0.001044 seconds
Number of updated asset objects reloaded before import = 0
Number of asset objects unloaded after import = 0
========================================================================
Received Import Request.
  Time since last request: 0.145558 seconds.
  path: Assets/Models/New/New Models/Recon Helmet/Materials/Spartan_Black_Shader_AO.mat
  artifactKey: Guid(3d0bac240a7a63b43a7c2a8a00335cf1) Importer(815301076,1909f56bfc062723c751e8b465ee728b)
Start importing Assets/Models/New/New Models/Recon Helmet/Materials/Spartan_Black_Shader_AO.mat using Guid(3d0bac240a7a63b43a7c2a8a00335cf1) Importer(815301076,1909f56bfc062723c751e8b465ee728b) [PhysX] Initialized MultithreadedTaskDispatcher with 16 workers.
[PhysX] Initialized MultithreadedTaskDispatcher with 16 workers.
 -> (artifact id: '9ceaf83065f92f0c3ebc357020a24ade') in 0.281485 seconds
Number of updated asset objects reloaded before import = 0
Number of asset objects unloaded after import = 21
========================================================================
Received Import Request.
  Time since last request: 0.000038 seconds.
  path: Assets/Models/New/New Models/Recon Helmet/Materials/Spartan_Black_Shader_Emissive.mat
  artifactKey: Guid(ef2ba9cf42fc88142b4efc2e14ff346e) Importer(815301076,1909f56bfc062723c751e8b465ee728b)
Start importing Assets/Models/New/New Models/Recon Helmet/Materials/Spartan_Black_Shader_Emissive.mat using Guid(ef2ba9cf42fc88142b4efc2e14ff346e) Importer(815301076,1909f56bfc062723c751e8b465ee728b) [PhysX] Initialized MultithreadedTaskDispatcher with 16 workers.
[PhysX] Initialized MultithreadedTaskDispatcher with 16 workers.
 -> (artifact id: '3403f187742a1c8d811ef9db92b1b210') in 0.022826 seconds
Number of updated asset objects reloaded before import = 0
Number of asset objects unloaded after import = 3
========================================================================
Received Import Request.
  Time since last request: 0.000045 seconds.
  path: Assets/Models/New/New Models/Recon Helmet/Materials/Spartan_Black_Shader_Normal.mat
  artifactKey: Guid(c131601a5ed83074183d582b0c95baa1) Importer(815301076,1909f56bfc062723c751e8b465ee728b)
Start importing Assets/Models/New/New Models/Recon Helmet/Materials/Spartan_Black_Shader_Normal.mat using Guid(c131601a5ed83074183d582b0c95baa1) Importer(815301076,1909f56bfc062723c751e8b465ee728b) [PhysX] Initialized MultithreadedTaskDispatcher with 16 workers.
[PhysX] Initialized MultithreadedTaskDispatcher with 16 workers.
 -> (artifact id: '242762eed511bd4ca3b3433ded886fd0') in 0.027612 seconds
Number of updated asset objects reloaded before import = 0
Number of asset objects unloaded after import = 3
========================================================================
Received Import Request.
  Time since last request: 0.000032 seconds.
  path: Assets/Models/New/New Models/Recon Helmet/Materials/Spartan_Black_Shader_Metallic.mat
  artifactKey: Guid(1c284e16a94ce844b8f7283ca62ef788) Importer(815301076,1909f56bfc062723c751e8b465ee728b)
Start importing Assets/Models/New/New Models/Recon Helmet/Materials/Spartan_Black_Shader_Metallic.mat using Guid(1c284e16a94ce844b8f7283ca62ef788) Importer(815301076,1909f56bfc062723c751e8b465ee728b) [PhysX] Initialized MultithreadedTaskDispatcher with 16 workers.
[PhysX] Initialized MultithreadedTaskDispatcher with 16 workers.
 -> (artifact id: 'de7f14fa106b4b2c4baf87f25b9ebf9b') in 0.023449 seconds
Number of updated asset objects reloaded before import = 0
Number of asset objects unloaded after import = 3
========================================================================
Received Import Request.
  Time since last request: 0.000026 seconds.
  path: Assets/Models/New/New Models/Recon Helmet/Materials/Spartan_Black_Shader_Specular.mat
  artifactKey: Guid(cdfe15c6b62183443a8890851ffb74c5) Importer(815301076,1909f56bfc062723c751e8b465ee728b)
Start importing Assets/Models/New/New Models/Recon Helmet/Materials/Spartan_Black_Shader_Specular.mat using Guid(cdfe15c6b62183443a8890851ffb74c5) Importer(815301076,1909f56bfc062723c751e8b465ee728b) [PhysX] Initialized MultithreadedTaskDispatcher with 16 workers.
[PhysX] Initialized MultithreadedTaskDispatcher with 16 workers.
 -> (artifact id: 'b19cb03f50acf315b5bf6809b5c853cf') in 0.023390 seconds
Number of updated asset objects reloaded before import = 0
Number of asset objects unloaded after import = 3
Editor requested this worker to shutdown with reason: Scaling down because of idle timeout
TcpMessagingSession - receive error: operation aborted. errorcode: 995, details: The I/O operation has been aborted because of either a thread exit or an application request.
AssetImportWorker is now disconnected from the server
Process exiting
Exiting without the bug reporter. Application will terminate with return code 0