Using pre-set license
Built from '2022.3/staging' branch; Version is '2022.3.40f1 (cbdda657d2f0) revision 13360550'; Using compiler version '192829333'; Build Type 'Release'
OS: 'Windows 11  (10.0.26100) 64bit Professional' Language: 'en' Physical Memory: 16110 MB
BatchMode: 1, IsHumanControllingUs: 0, StartBugReporterOnCrash: 0, Is64bit: 1, IsPro: 1

COMMAND LINE ARGUMENTS:
D:\Unity\2022.3.40f1\Editor\Unity.exe
-adb2
-batchMode
-noUpm
-name
AssetImportWorker2
-projectPath
D:/GameDev/Projects/3D-Shooter-Game-Reskin
-logFile
Logs/AssetImportWorker2.log
-srvPort
52377
Successfully changed project path to: D:/GameDev/Projects/3D-Shooter-Game-Reskin
D:/GameDev/Projects/3D-Shooter-Game-Reskin
[UnityMemory] Configuration Parameters - Can be set up in boot.config
    "memorysetup-bucket-allocator-granularity=16"
    "memorysetup-bucket-allocator-bucket-count=8"
    "memorysetup-bucket-allocator-block-size=33554432"
    "memorysetup-bucket-allocator-block-count=8"
    "memorysetup-main-allocator-block-size=16777216"
    "memorysetup-thread-allocator-block-size=16777216"
    "memorysetup-gfx-main-allocator-block-size=16777216"
    "memorysetup-gfx-thread-allocator-block-size=16777216"
    "memorysetup-cache-allocator-block-size=4194304"
    "memorysetup-typetree-allocator-block-size=2097152"
    "memorysetup-profiler-bucket-allocator-granularity=16"
    "memorysetup-profiler-bucket-allocator-bucket-count=8"
    "memorysetup-profiler-bucket-allocator-block-size=33554432"
    "memorysetup-profiler-bucket-allocator-block-count=8"
    "memorysetup-profiler-allocator-block-size=16777216"
    "memorysetup-profiler-editor-allocator-block-size=1048576"
    "memorysetup-temp-allocator-size-main=16777216"
    "memorysetup-job-temp-allocator-block-size=2097152"
    "memorysetup-job-temp-allocator-block-size-background=1048576"
    "memorysetup-job-temp-allocator-reduction-small-platforms=262144"
    "memorysetup-allocator-temp-initial-block-size-main=262144"
    "memorysetup-allocator-temp-initial-block-size-worker=262144"
    "memorysetup-temp-allocator-size-background-worker=32768"
    "memorysetup-temp-allocator-size-job-worker=262144"
    "memorysetup-temp-allocator-size-preload-manager=33554432"
    "memorysetup-temp-allocator-size-nav-mesh-worker=65536"
    "memorysetup-temp-allocator-size-audio-worker=65536"
    "memorysetup-temp-allocator-size-cloud-worker=32768"
    "memorysetup-temp-allocator-size-gi-baking-worker=262144"
    "memorysetup-temp-allocator-size-gfx=262144"
Player connection [14316]  Target information:

Player connection [14316]  * "[IP] 172.22.224.1 [Port] 0 [Flags] 2 [Guid] 3563419191 [EditorId] 3563419191 [Version] 1048832 [Id] WindowsEditor(7,DESKTOP-OI5623P) [Debug] 1 [PackageName] WindowsEditor [ProjectName] Editor" 

Player connection [14316]  * "[IP] 192.168.0.14 [Port] 0 [Flags] 2 [Guid] 3563419191 [EditorId] 3563419191 [Version] 1048832 [Id] WindowsEditor(7,DESKTOP-OI5623P) [Debug] 1 [PackageName] WindowsEditor [ProjectName] Editor" 

Player connection [14316] Host joined multi-casting on [225.0.0.222:54997]...
Player connection [14316] Host joined alternative multi-casting on [225.0.0.222:34997]...
[PhysX] Initialized MultithreadedTaskDispatcher with 16 workers.
Refreshing native plugins compatible for Editor in 8.93 ms, found 3 plugins.
Preloading 0 native plugins for Editor in 0.00 ms.
Initialize engine version: 2022.3.40f1 (cbdda657d2f0)
[Subsystems] Discovering subsystems at path D:/Unity/2022.3.40f1/Editor/Data/Resources/UnitySubsystems
[Subsystems] Discovering subsystems at path D:/GameDev/Projects/3D-Shooter-Game-Reskin/Assets
GfxDevice: creating device client; threaded=0; jobified=0
Direct3D:
    Version:  Direct3D 11.0 [level 11.1]
    Renderer: NVIDIA GeForce RTX 3060 Laptop GPU (ID=0x2560)
    Vendor:   NVIDIA
    VRAM:     5996 MB
    Driver:   32.0.15.7216
Initialize mono
Mono path[0] = 'D:/Unity/2022.3.40f1/Editor/Data/Managed'
Mono path[1] = 'D:/Unity/2022.3.40f1/Editor/Data/MonoBleedingEdge/lib/mono/unityjit-win32'
Mono config path = 'D:/Unity/2022.3.40f1/Editor/Data/MonoBleedingEdge/etc'
Using monoOptions --debugger-agent=transport=dt_socket,embedding=1,server=y,suspend=n,address=127.0.0.1:56724
Begin MonoManager ReloadAssembly
Registering precompiled unity dll's ...
Register platform support module: D:/Unity/2022.3.40f1/Editor/Data/PlaybackEngines/WindowsStandaloneSupport/UnityEditor.WindowsStandalone.Extensions.dll
Registered in 0.003388 seconds.
- Loaded All Assemblies, in  0.389 seconds
Native extension for WindowsStandalone target not found
Mono: successfully reloaded assembly
- Finished resetting the current domain, in  0.358 seconds
Domain Reload Profiling: 747ms
	BeginReloadAssembly (125ms)
		ExecutionOrderSort (0ms)
		DisableScriptedObjects (0ms)
		BackupInstance (0ms)
		ReleaseScriptingObjects (0ms)
		CreateAndSetChildDomain (1ms)
	RebuildCommonClasses (36ms)
	RebuildNativeTypeToScriptingClass (10ms)
	initialDomainReloadingComplete (50ms)
	LoadAllAssembliesAndSetupDomain (168ms)
		LoadAssemblies (124ms)
		RebuildTransferFunctionScriptingTraits (0ms)
		AnalyzeDomain (166ms)
			TypeCache.Refresh (164ms)
				TypeCache.ScanAssembly (147ms)
			ScanForSourceGeneratedMonoScriptInfo (0ms)
			ResolveRequiredComponents (1ms)
	FinalizeReload (358ms)
		ReleaseScriptCaches (0ms)
		RebuildScriptCaches (0ms)
		SetupLoadedEditorAssemblies (296ms)
			LogAssemblyErrors (0ms)
			InitializePlatformSupportModulesInManaged (10ms)
			SetLoadedEditorAssemblies (8ms)
			RefreshPlugins (0ms)
			BeforeProcessingInitializeOnLoad (3ms)
			ProcessInitializeOnLoadAttributes (212ms)
			ProcessInitializeOnLoadMethodAttributes (63ms)
			AfterProcessingInitializeOnLoad (0ms)
			EditorAssembliesLoaded (0ms)
		ExecutionOrderSort2 (0ms)
		AwakeInstancesAfterBackupRestoration (0ms)
========================================================================
Worker process is ready to serve import requests
Caller must complete domain reload
Begin MonoManager ReloadAssembly
- Loaded All Assemblies, in  1.236 seconds
Native extension for WindowsStandalone target not found
[MODES] ModeService[none].Initialize
[MODES] ModeService[none].LoadModes
[MODES] Loading mode Default (0) for mode-current-id-Udemy course - Top-Down Shooter
Package Manager log level set to [2]
[Package Manager] Server::EnsureServerProcessIsRunning -- launch failed, reason: Unity was launched with the -noUpm command-line argument
[Package Manager] UpmClient::Send -- Unable to send message (not connected to UPM process).
[Package Manager] Cannot connect to Unity Package Manager local server
Mono: successfully reloaded assembly
- Finished resetting the current domain, in  0.975 seconds
Domain Reload Profiling: 2210ms
	BeginReloadAssembly (494ms)
		ExecutionOrderSort (0ms)
		DisableScriptedObjects (31ms)
		BackupInstance (0ms)
		ReleaseScriptingObjects (1ms)
		CreateAndSetChildDomain (56ms)
	RebuildCommonClasses (52ms)
	RebuildNativeTypeToScriptingClass (11ms)
	initialDomainReloadingComplete (47ms)
	LoadAllAssembliesAndSetupDomain (631ms)
		LoadAssemblies (508ms)
		RebuildTransferFunctionScriptingTraits (0ms)
		AnalyzeDomain (355ms)
			TypeCache.Refresh (304ms)
				TypeCache.ScanAssembly (282ms)
			ScanForSourceGeneratedMonoScriptInfo (32ms)
			ResolveRequiredComponents (15ms)
	FinalizeReload (975ms)
		ReleaseScriptCaches (0ms)
		RebuildScriptCaches (0ms)
		SetupLoadedEditorAssemblies (768ms)
			LogAssemblyErrors (0ms)
			InitializePlatformSupportModulesInManaged (5ms)
			SetLoadedEditorAssemblies (4ms)
			RefreshPlugins (0ms)
			BeforeProcessingInitializeOnLoad (90ms)
			ProcessInitializeOnLoadAttributes (591ms)
			ProcessInitializeOnLoadMethodAttributes (77ms)
			AfterProcessingInitializeOnLoad (2ms)
			EditorAssembliesLoaded (0ms)
		ExecutionOrderSort2 (0ms)
		AwakeInstancesAfterBackupRestoration (6ms)
Launched and connected shader compiler UnityShaderCompiler.exe after 0.05 seconds
Refreshing native plugins compatible for Editor in 5.52 ms, found 3 plugins.
Preloading 0 native plugins for Editor in 0.00 ms.
Unloading 5844 Unused Serialized files (Serialized files now loaded: 0)
Unloading 40 unused Assets / (418.2 KB). Loaded Objects now: 6308.
Memory consumption went from 219.9 MB to 219.5 MB.
Total: 9.422000 ms (FindLiveObjects: 0.729500 ms CreateObjectMapping: 0.578000 ms MarkObjects: 7.474800 ms  DeleteObjects: 0.633900 ms)

AssetImportParameters requested are different than current active one (requested -> active):
  custom:container-demuxer-ogg: 62fdf1f143b41e24485cea50d1cbac27 -> 
  custom:video-decoder-ogg-theora: a1e56fd34408186e4bbccfd4996cb3dc -> 
  custom:framework-win-MediaFoundation: 216162199b28c13a410421893ffa2e32 -> 
  custom:CustomObjectIndexerAttribute: 72b91833f83ae208fae7752999fa3104 -> 
  custom:container-demuxer-webm: 4f35f7cbe854078d1ac9338744f61a02 -> 
  custom:container-muxer-webm: aa71ff27fc2769a1b78a27578f13a17b -> 
  custom:video-decoder-webm-vp8: 9c59270c3fd7afecdb556c50c9e8de78 -> 
  custom:SearchIndexIgnoredProperties: e643bd26f0fe6173181afceb89e7c659 -> 
  custom:AudioImporter_EditorPlatform: d09bf68614088b80899f8185d706f6e7 -> 
  custom:video-encoder-webm-vp8: eb34c28f22e8b96e1ab97ce403110664 -> 
  custom:audio-decoder-ogg-vorbis: bf7c407c2cedff20999df2af8eb42d56 -> 
  custom:audio-encoder-webm-vorbis: bf7c407c2cedff20999df2af8eb42d56 -> 
========================================================================
Received Import Request.
  Time since last request: 3319.206701 seconds.
  path: Assets/Prefab/Enemies/Enemy_Melee - Axe throw Variant.prefab
  artifactKey: Guid(39c4bcb4fc5690c40b10a309f328c8ba) Importer(815301076,1909f56bfc062723c751e8b465ee728b)
Start importing Assets/Prefab/Enemies/Enemy_Melee - Axe throw Variant.prefab using Guid(39c4bcb4fc5690c40b10a309f328c8ba) Importer(815301076,1909f56bfc062723c751e8b465ee728b) [PhysX] Initialized MultithreadedTaskDispatcher with 16 workers.
[PhysX] Initialized MultithreadedTaskDispatcher with 16 workers.
 -> (artifact id: 'ab4539e41a6dd983a5935dd8e6e828d4') in 0.769211 seconds
Number of updated asset objects reloaded before import = 0
Number of asset objects unloaded after import = 1069
========================================================================
Received Import Request.
  Time since last request: 0.000046 seconds.
  path: Assets/Prefab/Enemies/Enemy_Range.prefab
  artifactKey: Guid(a60407b8a6a86714d80c91866e7b12fe) Importer(815301076,1909f56bfc062723c751e8b465ee728b)
Start importing Assets/Prefab/Enemies/Enemy_Range.prefab using Guid(a60407b8a6a86714d80c91866e7b12fe) Importer(815301076,1909f56bfc062723c751e8b465ee728b) [PhysX] Initialized MultithreadedTaskDispatcher with 16 workers.
[PhysX] Initialized MultithreadedTaskDispatcher with 16 workers.
 -> (artifact id: 'ffe3f24e719265a7c7b24a8c8101f0ab') in 0.079528 seconds
Number of updated asset objects reloaded before import = 0
Number of asset objects unloaded after import = 828
========================================================================
Received Import Request.
  Time since last request: 31.319186 seconds.
  path: Assets/Prefab/Trails
  artifactKey: Guid(8f54f0d398fa972469ca7ba732b1bde5) Importer(815301076,1909f56bfc062723c751e8b465ee728b)
Start importing Assets/Prefab/Trails using Guid(8f54f0d398fa972469ca7ba732b1bde5) Importer(815301076,1909f56bfc062723c751e8b465ee728b) [PhysX] Initialized MultithreadedTaskDispatcher with 16 workers.
 -> (artifact id: '4cd8b611a834b50010ba47b3e48cd9c2') in 0.000991 seconds
Number of updated asset objects reloaded before import = 0
Number of asset objects unloaded after import = 0
========================================================================
Received Import Request.
  Time since last request: 0.939462 seconds.
  path: Assets/Prefab/Trails/Enemy_MeleeWeaponTrail.prefab
  artifactKey: Guid(97ed5caf77844dc4b92a19e65dc35cf1) Importer(815301076,1909f56bfc062723c751e8b465ee728b)
Start importing Assets/Prefab/Trails/Enemy_MeleeWeaponTrail.prefab using Guid(97ed5caf77844dc4b92a19e65dc35cf1) Importer(815301076,1909f56bfc062723c751e8b465ee728b) [PhysX] Initialized MultithreadedTaskDispatcher with 16 workers.
[PhysX] Initialized MultithreadedTaskDispatcher with 16 workers.
 -> (artifact id: '3a2e84d40848dde67e83abd52d8b100d') in 0.016012 seconds
Number of updated asset objects reloaded before import = 0
Number of asset objects unloaded after import = 7
========================================================================
Received Import Request.
  Time since last request: 2.800873 seconds.
  path: Assets/Prefab/Pickups
  artifactKey: Guid(9b8fd8b71fea09542b478812676e76bd) Importer(815301076,1909f56bfc062723c751e8b465ee728b)
Start importing Assets/Prefab/Pickups using Guid(9b8fd8b71fea09542b478812676e76bd) Importer(815301076,1909f56bfc062723c751e8b465ee728b) [PhysX] Initialized MultithreadedTaskDispatcher with 16 workers.
 -> (artifact id: '7b6707ccaf7ca9e679cabba7dfe9f03c') in 0.000572 seconds
Number of updated asset objects reloaded before import = 0
Number of asset objects unloaded after import = 0
========================================================================
Received Import Request.
  Time since last request: 0.059970 seconds.
  path: Assets/Prefab/Pickups/Pickup_Ammo - Ammo.prefab
  artifactKey: Guid(0dfc8df7c694d224286d020ef5f2a3d9) Importer(815301076,1909f56bfc062723c751e8b465ee728b)
Start importing Assets/Prefab/Pickups/Pickup_Ammo - Ammo.prefab using Guid(0dfc8df7c694d224286d020ef5f2a3d9) Importer(815301076,1909f56bfc062723c751e8b465ee728b) [PhysX] Initialized MultithreadedTaskDispatcher with 16 workers.
[PhysX] Initialized MultithreadedTaskDispatcher with 16 workers.
 -> (artifact id: '6db4db338cc4dcc120a7473e2c63b597') in 0.022453 seconds
Number of updated asset objects reloaded before import = 0
Number of asset objects unloaded after import = 41
========================================================================
Received Import Request.
  Time since last request: 9.837616 seconds.
  path: Assets/Prefab/MissionObjects
  artifactKey: Guid(1afa4a56f8f200f47ba4329cc0e1db11) Importer(815301076,1909f56bfc062723c751e8b465ee728b)
Start importing Assets/Prefab/MissionObjects using Guid(1afa4a56f8f200f47ba4329cc0e1db11) Importer(815301076,1909f56bfc062723c751e8b465ee728b) [PhysX] Initialized MultithreadedTaskDispatcher with 16 workers.
 -> (artifact id: '760d73599f0bce7f3b9d31831a9b3500') in 0.000712 seconds
Number of updated asset objects reloaded before import = 0
Number of asset objects unloaded after import = 0
========================================================================
Received Import Request.
  Time since last request: 0.575311 seconds.
  path: Assets/Prefab/MissionObjects/MissionObject_EnemyRespawnPoint.prefab
  artifactKey: Guid(460073e33258dd7418231a153726502c) Importer(815301076,1909f56bfc062723c751e8b465ee728b)
Start importing Assets/Prefab/MissionObjects/MissionObject_EnemyRespawnPoint.prefab using Guid(460073e33258dd7418231a153726502c) Importer(815301076,1909f56bfc062723c751e8b465ee728b) [PhysX] Initialized MultithreadedTaskDispatcher with 16 workers.
[PhysX] Initialized MultithreadedTaskDispatcher with 16 workers.
 -> (artifact id: '42230b440bddfa7c91796dc2b53f0225') in 0.721841 seconds
Number of updated asset objects reloaded before import = 0
Number of asset objects unloaded after import = 9
========================================================================
Received Import Request.
  Time since last request: 2.162507 seconds.
  path: Assets/Prefab/LevelParts
  artifactKey: Guid(9bd7c0a62f20a1e478c0f823e48ebf84) Importer(815301076,1909f56bfc062723c751e8b465ee728b)
Start importing Assets/Prefab/LevelParts using Guid(9bd7c0a62f20a1e478c0f823e48ebf84) Importer(815301076,1909f56bfc062723c751e8b465ee728b) [PhysX] Initialized MultithreadedTaskDispatcher with 16 workers.
 -> (artifact id: '3b15e421a0402f493011e005116a7d54') in 0.000581 seconds
Number of updated asset objects reloaded before import = 0
Number of asset objects unloaded after import = 0
========================================================================
Received Import Request.
  Time since last request: 0.036643 seconds.
  path: Assets/Prefab/LevelParts/LevelPart - EndPoint.prefab
  artifactKey: Guid(a8fd711215e3e374b99bf670aa16d4ac) Importer(815301076,1909f56bfc062723c751e8b465ee728b)
Start importing Assets/Prefab/LevelParts/LevelPart - EndPoint.prefab using Guid(a8fd711215e3e374b99bf670aa16d4ac) Importer(815301076,1909f56bfc062723c751e8b465ee728b) [PhysX] Initialized MultithreadedTaskDispatcher with 16 workers.
[PhysX] Initialized MultithreadedTaskDispatcher with 16 workers.
 -> (artifact id: 'f6c51707edc33403b3fbd7d9d812ebdd') in 0.799490 seconds
Number of updated asset objects reloaded before import = 0
Number of asset objects unloaded after import = 5298
========================================================================
Received Import Request.
  Time since last request: 0.000050 seconds.
  path: Assets/Prefab/LevelParts/LevelPart - T point.prefab
  artifactKey: Guid(ebdada50b9e90ac409a065fefa1ebb10) Importer(815301076,1909f56bfc062723c751e8b465ee728b)
Start importing Assets/Prefab/LevelParts/LevelPart - T point.prefab using Guid(ebdada50b9e90ac409a065fefa1ebb10) Importer(815301076,1909f56bfc062723c751e8b465ee728b) [PhysX] Initialized MultithreadedTaskDispatcher with 16 workers.
[PhysX] Initialized MultithreadedTaskDispatcher with 16 workers.
 -> (artifact id: '49a36f0b671c02069b3440656e1db7e8') in 0.568643 seconds
Number of updated asset objects reloaded before import = 0
Number of asset objects unloaded after import = 9658
========================================================================
Received Import Request.
  Time since last request: 0.000067 seconds.
  path: Assets/Prefab/LevelParts/LevelPart - Start.prefab
  artifactKey: Guid(0e61b6b7d285a9f4bb8e7e798bcdc748) Importer(815301076,1909f56bfc062723c751e8b465ee728b)
Start importing Assets/Prefab/LevelParts/LevelPart - Start.prefab using Guid(0e61b6b7d285a9f4bb8e7e798bcdc748) Importer(815301076,1909f56bfc062723c751e8b465ee728b) [PhysX] Initialized MultithreadedTaskDispatcher with 16 workers.
[PhysX] Initialized MultithreadedTaskDispatcher with 16 workers.
 -> (artifact id: '6da00000fbfe9e38d9bed5ec46bef999') in 0.307470 seconds
Number of updated asset objects reloaded before import = 0
Number of asset objects unloaded after import = 4179
========================================================================
Received Import Request.
  Time since last request: 0.000036 seconds.
  path: Assets/Prefab/LevelParts/LevelPart - Square 1.prefab
  artifactKey: Guid(50ac096aa9823424ebadd4b24d797e70) Importer(815301076,1909f56bfc062723c751e8b465ee728b)
Start importing Assets/Prefab/LevelParts/LevelPart - Square 1.prefab using Guid(50ac096aa9823424ebadd4b24d797e70) Importer(815301076,1909f56bfc062723c751e8b465ee728b) [PhysX] Initialized MultithreadedTaskDispatcher with 16 workers.
[PhysX] Initialized MultithreadedTaskDispatcher with 16 workers.
 -> (artifact id: '785eac21c8f75cb3fb89e22bbf06c946') in 1.360968 seconds
Number of updated asset objects reloaded before import = 0
Number of asset objects unloaded after import = 17072
========================================================================
Received Import Request.
  Time since last request: 3.663248 seconds.
  path: Assets/Prefab/Effect Prefabs
  artifactKey: Guid(30f354b2984b43147b902803fe8a4ce7) Importer(815301076,1909f56bfc062723c751e8b465ee728b)
Start importing Assets/Prefab/Effect Prefabs using Guid(30f354b2984b43147b902803fe8a4ce7) Importer(815301076,1909f56bfc062723c751e8b465ee728b) [PhysX] Initialized MultithreadedTaskDispatcher with 16 workers.
 -> (artifact id: 'b693a04930c49acddacb53a61c5254c5') in 0.002065 seconds
Number of updated asset objects reloaded before import = 0
Number of asset objects unloaded after import = 0
========================================================================
Received Import Request.
  Time since last request: 0.088599 seconds.
  path: Assets/Prefab/Effect Prefabs/FlameStream.prefab
  artifactKey: Guid(bccc7a794e75b2a44a4b0dac69160b7b) Importer(815301076,1909f56bfc062723c751e8b465ee728b)
Start importing Assets/Prefab/Effect Prefabs/FlameStream.prefab using Guid(bccc7a794e75b2a44a4b0dac69160b7b) Importer(815301076,1909f56bfc062723c751e8b465ee728b) [PhysX] Initialized MultithreadedTaskDispatcher with 16 workers.
[PhysX] Initialized MultithreadedTaskDispatcher with 16 workers.
 -> (artifact id: '0fb315f10e0ee88e5888fed2722ec2b8') in 0.021873 seconds
Number of updated asset objects reloaded before import = 0
Number of asset objects unloaded after import = 14
========================================================================
Received Prepare
Caller must complete domain reload
Begin MonoManager ReloadAssembly
- Loaded All Assemblies, in  0.450 seconds
Native extension for WindowsStandalone target not found
[MODES] ModeService[none].Initialize
[MODES] ModeService[none].LoadModes
[MODES] Loading mode Default (0) for mode-current-id-Udemy course - Top-Down Shooter
[Package Manager] Server::EnsureServerProcessIsRunning -- launch failed, reason: Unity was launched with the -noUpm command-line argument
[Package Manager] UpmClient::Send -- Unable to send message (not connected to UPM process).
[Package Manager] Cannot connect to Unity Package Manager local server
Mono: successfully reloaded assembly
- Finished resetting the current domain, in  1.042 seconds
Domain Reload Profiling: 1492ms
	BeginReloadAssembly (164ms)
		ExecutionOrderSort (0ms)
		DisableScriptedObjects (9ms)
		BackupInstance (0ms)
		ReleaseScriptingObjects (0ms)
		CreateAndSetChildDomain (49ms)
	RebuildCommonClasses (30ms)
	RebuildNativeTypeToScriptingClass (14ms)
	initialDomainReloadingComplete (22ms)
	LoadAllAssembliesAndSetupDomain (220ms)
		LoadAssemblies (269ms)
		RebuildTransferFunctionScriptingTraits (0ms)
		AnalyzeDomain (25ms)
			TypeCache.Refresh (11ms)
				TypeCache.ScanAssembly (0ms)
			ScanForSourceGeneratedMonoScriptInfo (0ms)
			ResolveRequiredComponents (12ms)
	FinalizeReload (1043ms)
		ReleaseScriptCaches (0ms)
		RebuildScriptCaches (0ms)
		SetupLoadedEditorAssemblies (492ms)
			LogAssemblyErrors (0ms)
			InitializePlatformSupportModulesInManaged (3ms)
			SetLoadedEditorAssemblies (3ms)
			RefreshPlugins (0ms)
			BeforeProcessingInitializeOnLoad (65ms)
			ProcessInitializeOnLoadAttributes (361ms)
			ProcessInitializeOnLoadMethodAttributes (58ms)
			AfterProcessingInitializeOnLoad (2ms)
			EditorAssembliesLoaded (0ms)
		ExecutionOrderSort2 (0ms)
		AwakeInstancesAfterBackupRestoration (10ms)
Refreshing native plugins compatible for Editor in 8.18 ms, found 3 plugins.
Preloading 0 native plugins for Editor in 0.00 ms.
Unloading 5695 Unused Serialized files (Serialized files now loaded: 0)
Unloading 23 unused Assets / (388.8 KB). Loaded Objects now: 6380.
Memory consumption went from 209.6 MB to 209.2 MB.
Total: 7.379800 ms (FindLiveObjects: 0.747100 ms CreateObjectMapping: 1.227700 ms MarkObjects: 5.178800 ms  DeleteObjects: 0.224200 ms)

Prepare: number of updated asset objects reloaded= 0
AssetImportParameters requested are different than current active one (requested -> active):
  custom:container-demuxer-ogg: 62fdf1f143b41e24485cea50d1cbac27 -> 
  custom:video-decoder-ogg-theora: a1e56fd34408186e4bbccfd4996cb3dc -> 
  custom:framework-win-MediaFoundation: 216162199b28c13a410421893ffa2e32 -> 
  custom:CustomObjectIndexerAttribute: 72b91833f83ae208fae7752999fa3104 -> 
  custom:container-demuxer-webm: 4f35f7cbe854078d1ac9338744f61a02 -> 
  custom:container-muxer-webm: aa71ff27fc2769a1b78a27578f13a17b -> 
  custom:video-decoder-webm-vp8: 9c59270c3fd7afecdb556c50c9e8de78 -> 
  custom:SearchIndexIgnoredProperties: e643bd26f0fe6173181afceb89e7c659 -> 
  custom:AudioImporter_EditorPlatform: d09bf68614088b80899f8185d706f6e7 -> 
  custom:video-encoder-webm-vp8: eb34c28f22e8b96e1ab97ce403110664 -> 
  custom:audio-decoder-ogg-vorbis: bf7c407c2cedff20999df2af8eb42d56 -> 
  custom:audio-encoder-webm-vorbis: bf7c407c2cedff20999df2af8eb42d56 -> 
========================================================================
Received Import Request.
  Time since last request: 116.142531 seconds.
  path: Assets/URP Settings
  artifactKey: Guid(74a96272a854054439785d740ce65b75) Importer(815301076,1909f56bfc062723c751e8b465ee728b)
Start importing Assets/URP Settings using Guid(74a96272a854054439785d740ce65b75) Importer(815301076,1909f56bfc062723c751e8b465ee728b) [PhysX] Initialized MultithreadedTaskDispatcher with 16 workers.
 -> (artifact id: '81dfbb0e3a0fb7e5f1a549f40280eaaf') in 0.002819 seconds
Number of updated asset objects reloaded before import = 0
Number of asset objects unloaded after import = 0
========================================================================
Received Import Request.
  Time since last request: 8.133227 seconds.
  path: Assets/Models/FBX
  artifactKey: Guid(94ea39bca783e8244b2524d7d355cc26) Importer(815301076,1909f56bfc062723c751e8b465ee728b)
Start importing Assets/Models/FBX using Guid(94ea39bca783e8244b2524d7d355cc26) Importer(815301076,1909f56bfc062723c751e8b465ee728b) [PhysX] Initialized MultithreadedTaskDispatcher with 16 workers.
 -> (artifact id: 'ad39174a480e3cea069813ab8f512de2') in 0.000928 seconds
Number of updated asset objects reloaded before import = 0
Number of asset objects unloaded after import = 0
========================================================================
Received Import Request.
  Time since last request: 11.962518 seconds.
  path: Assets/Models/New Models
  artifactKey: Guid(33226930a1aede2419854a0205a9b0d7) Importer(815301076,1909f56bfc062723c751e8b465ee728b)
Start importing Assets/Models/New Models using Guid(33226930a1aede2419854a0205a9b0d7) Importer(815301076,1909f56bfc062723c751e8b465ee728b) [PhysX] Initialized MultithreadedTaskDispatcher with 16 workers.
 -> (artifact id: 'd25de5c32c7e575035c777067717a782') in 0.001067 seconds
Number of updated asset objects reloaded before import = 0
Number of asset objects unloaded after import = 0
========================================================================
Received Import Request.
  Time since last request: 5.789684 seconds.
  path: Assets/Models/New Models/halo-reach-concept-helmet-free/source/Isaac_Hannaford_Concept_Helmet.fbx
  artifactKey: Guid(e6966820749834b41aaf09e03044d9ac) Importer(815301076,1909f56bfc062723c751e8b465ee728b)
Start importing Assets/Models/New Models/halo-reach-concept-helmet-free/source/Isaac_Hannaford_Concept_Helmet.fbx using Guid(e6966820749834b41aaf09e03044d9ac) Importer(815301076,1909f56bfc062723c751e8b465ee728b) [PhysX] Initialized MultithreadedTaskDispatcher with 16 workers.
[PhysX] Initialized MultithreadedTaskDispatcher with 16 workers.
[PhysX] Initialized MultithreadedTaskDispatcher with 16 workers.
[PhysX] Initialized MultithreadedTaskDispatcher with 16 workers.
[PhysX] Initialized MultithreadedTaskDispatcher with 16 workers.
[PhysX] Initialized MultithreadedTaskDispatcher with 16 workers.
[PhysX] Initialized MultithreadedTaskDispatcher with 16 workers.
 -> (artifact id: '04fd1bf7134d778a3a40ea4b4ca3cb8e') in 0.350987 seconds
Number of updated asset objects reloaded before import = 0
Number of asset objects unloaded after import = 31
========================================================================
Received Import Request.
  Time since last request: 19.298304 seconds.
  path: Assets/Models/New Models/Halo Helmet
  artifactKey: Guid(dcb1baf38ae45c4498e34300cc4bf11a) Importer(815301076,1909f56bfc062723c751e8b465ee728b)
Start importing Assets/Models/New Models/Halo Helmet using Guid(dcb1baf38ae45c4498e34300cc4bf11a) Importer(815301076,1909f56bfc062723c751e8b465ee728b) [PhysX] Initialized MultithreadedTaskDispatcher with 16 workers.
 -> (artifact id: 'd8b92d42ef35abe027f7796e0116ff1d') in 0.000692 seconds
Number of updated asset objects reloaded before import = 0
Number of asset objects unloaded after import = 0
========================================================================
Received Import Request.
  Time since last request: 3.176230 seconds.
  path: Assets/Models/New Models/Recon Helmet/source/Spartan_Helmet_LP
  artifactKey: Guid(52d7890a276dd324b895cf11f9cbc80a) Importer(815301076,1909f56bfc062723c751e8b465ee728b)
Start importing Assets/Models/New Models/Recon Helmet/source/Spartan_Helmet_LP using Guid(52d7890a276dd324b895cf11f9cbc80a) Importer(815301076,1909f56bfc062723c751e8b465ee728b) [PhysX] Initialized MultithreadedTaskDispatcher with 16 workers.
 -> (artifact id: '669a4b8730844c09289b71c716455b90') in 0.000654 seconds
Number of updated asset objects reloaded before import = 0
Number of asset objects unloaded after import = 0
========================================================================
Received Import Request.
  Time since last request: 0.057432 seconds.
  path: Assets/Models/New Models/Recon Helmet/source/Spartan_Helmet_LP/Scout_Helm_LP.fbx
  artifactKey: Guid(8763c9af1132bd14888b9d019afbdaa3) Importer(815301076,1909f56bfc062723c751e8b465ee728b)
Start importing Assets/Models/New Models/Recon Helmet/source/Spartan_Helmet_LP/Scout_Helm_LP.fbx using Guid(8763c9af1132bd14888b9d019afbdaa3) Importer(815301076,1909f56bfc062723c751e8b465ee728b) [PhysX] Initialized MultithreadedTaskDispatcher with 16 workers.
 -> (artifact id: '4b39a0b88ca4647dd5fe44dbe467d6fa') in 0.001045 seconds
Number of updated asset objects reloaded before import = 0
Number of asset objects unloaded after import = 0
========================================================================
Received Import Request.
  Time since last request: 60.573295 seconds.
  path: Assets/Models/New Models/Weapons
  artifactKey: Guid(dbba71a9b74ff7d45b7c425ffa0ff398) Importer(815301076,1909f56bfc062723c751e8b465ee728b)
Start importing Assets/Models/New Models/Weapons using Guid(dbba71a9b74ff7d45b7c425ffa0ff398) Importer(815301076,1909f56bfc062723c751e8b465ee728b) [PhysX] Initialized MultithreadedTaskDispatcher with 16 workers.
 -> (artifact id: 'b747756899ffc00dce460230a715895d') in 0.000688 seconds
Number of updated asset objects reloaded before import = 0
Number of asset objects unloaded after import = 0
========================================================================
Received Import Request.
  Time since last request: 1.928472 seconds.
  path: Assets/Models/New Models/Weapons/sniper
  artifactKey: Guid(c7b11c08298d7ed48ba99cf7c7f30760) Importer(815301076,1909f56bfc062723c751e8b465ee728b)
Start importing Assets/Models/New Models/Weapons/sniper using Guid(c7b11c08298d7ed48ba99cf7c7f30760) Importer(815301076,1909f56bfc062723c751e8b465ee728b) [PhysX] Initialized MultithreadedTaskDispatcher with 16 workers.
 -> (artifact id: '483d7a23bb2dd69f916f89ad7ddd62da') in 0.000730 seconds
Number of updated asset objects reloaded before import = 0
Number of asset objects unloaded after import = 0
========================================================================
Received Import Request.
  Time since last request: 2.177432 seconds.
  path: Assets/Models/New Models/Weapons/shotgun
  artifactKey: Guid(ef03f9dcedc87b247a75baa7682356f7) Importer(815301076,1909f56bfc062723c751e8b465ee728b)
Start importing Assets/Models/New Models/Weapons/shotgun using Guid(ef03f9dcedc87b247a75baa7682356f7) Importer(815301076,1909f56bfc062723c751e8b465ee728b) [PhysX] Initialized MultithreadedTaskDispatcher with 16 workers.
 -> (artifact id: '60e85df70af125b668b25a89f8a0d423') in 0.000852 seconds
Number of updated asset objects reloaded before import = 0
Number of asset objects unloaded after import = 0
========================================================================
Received Import Request.
  Time since last request: 0.593807 seconds.
  path: Assets/Models/New Models/Weapons/pistol
  artifactKey: Guid(253b53b21a017124b8c34226885ce98a) Importer(815301076,1909f56bfc062723c751e8b465ee728b)
Start importing Assets/Models/New Models/Weapons/pistol using Guid(253b53b21a017124b8c34226885ce98a) Importer(815301076,1909f56bfc062723c751e8b465ee728b) [PhysX] Initialized MultithreadedTaskDispatcher with 16 workers.
 -> (artifact id: '5b0d6add98514e69372a28d963c366af') in 0.000760 seconds
Number of updated asset objects reloaded before import = 0
Number of asset objects unloaded after import = 0
========================================================================
Received Import Request.
  Time since last request: 0.745490 seconds.
  path: Assets/Models/New Models/Weapons/auto-rifle
  artifactKey: Guid(d6b57a9169542264997bc60b9377cdfb) Importer(815301076,1909f56bfc062723c751e8b465ee728b)
Start importing Assets/Models/New Models/Weapons/auto-rifle using Guid(d6b57a9169542264997bc60b9377cdfb) Importer(815301076,1909f56bfc062723c751e8b465ee728b) [PhysX] Initialized MultithreadedTaskDispatcher with 16 workers.
 -> (artifact id: '51ca7845ef1a4ddca928f21e7e2015a1') in 0.000826 seconds
Number of updated asset objects reloaded before import = 0
Number of asset objects unloaded after import = 0
========================================================================
Received Import Request.
  Time since last request: 189.875118 seconds.
  path: Assets/Models/New Models/Weapons/auto-rifle/auto-rifle.fbx
  artifactKey: Guid(5535f119e76df7640bd927947b9e81dc) Importer(815301076,1909f56bfc062723c751e8b465ee728b)
Start importing Assets/Models/New Models/Weapons/auto-rifle/auto-rifle.fbx using Guid(5535f119e76df7640bd927947b9e81dc) Importer(815301076,1909f56bfc062723c751e8b465ee728b) [PhysX] Initialized MultithreadedTaskDispatcher with 16 workers.
[PhysX] Initialized MultithreadedTaskDispatcher with 16 workers.
[PhysX] Initialized MultithreadedTaskDispatcher with 16 workers.
 -> (artifact id: '1986ae9dc83a7b9e01553bb969a46971') in 0.030236 seconds
Number of updated asset objects reloaded before import = 0
Number of asset objects unloaded after import = 8
========================================================================
Received Import Request.
  Time since last request: 1.874713 seconds.
  path: Assets/Models/New Models/Weapons/auto-rifle/source
  artifactKey: Guid(e009a4f80f770c84cb825a855b0ad5d3) Importer(815301076,1909f56bfc062723c751e8b465ee728b)
Start importing Assets/Models/New Models/Weapons/auto-rifle/source using Guid(e009a4f80f770c84cb825a855b0ad5d3) Importer(815301076,1909f56bfc062723c751e8b465ee728b) [PhysX] Initialized MultithreadedTaskDispatcher with 16 workers.
 -> (artifact id: '89fba91aeea3dd0a759761fdde0454fe') in 0.000909 seconds
Number of updated asset objects reloaded before import = 0
Number of asset objects unloaded after import = 0
========================================================================
Received Import Request.
  Time since last request: 4.967835 seconds.
  path: Assets/Models/New Models/Weapons/deagle/deagle.fbx
  artifactKey: Guid(455b2fb34a7a6b44dad6bdcb1f4a5782) Importer(815301076,1909f56bfc062723c751e8b465ee728b)
Start importing Assets/Models/New Models/Weapons/deagle/deagle.fbx using Guid(455b2fb34a7a6b44dad6bdcb1f4a5782) Importer(815301076,1909f56bfc062723c751e8b465ee728b) [PhysX] Initialized MultithreadedTaskDispatcher with 16 workers.
[PhysX] Initialized MultithreadedTaskDispatcher with 16 workers.
[PhysX] Initialized MultithreadedTaskDispatcher with 16 workers.
[PhysX] Initialized MultithreadedTaskDispatcher with 16 workers.
 -> (artifact id: 'aa7bbd643762eb8d16fe45a1a42b3131') in 0.699124 seconds
Number of updated asset objects reloaded before import = 0
Number of asset objects unloaded after import = 11
========================================================================
Received Import Request.
  Time since last request: 2.809700 seconds.
  path: Assets/Models/New Models/Weapons/pistol/pistol.fbx
  artifactKey: Guid(2933b6507cb14be4cb414b51f2d13be4) Importer(815301076,1909f56bfc062723c751e8b465ee728b)
Start importing Assets/Models/New Models/Weapons/pistol/pistol.fbx using Guid(2933b6507cb14be4cb414b51f2d13be4) Importer(815301076,1909f56bfc062723c751e8b465ee728b) [PhysX] Initialized MultithreadedTaskDispatcher with 16 workers.
 -> (artifact id: 'db1c9ad2ca6986e073c14074b08e8aec') in 0.000712 seconds
Number of updated asset objects reloaded before import = 0
Number of asset objects unloaded after import = 0
========================================================================
Received Import Request.
  Time since last request: 0.441231 seconds.
  path: Assets/Models/New Models/Weapons/pistol/source
  artifactKey: Guid(c4a4425a7923f8f44a409ca7a5327f08) Importer(815301076,1909f56bfc062723c751e8b465ee728b)
Start importing Assets/Models/New Models/Weapons/pistol/source using Guid(c4a4425a7923f8f44a409ca7a5327f08) Importer(815301076,1909f56bfc062723c751e8b465ee728b) [PhysX] Initialized MultithreadedTaskDispatcher with 16 workers.
 -> (artifact id: 'f691a92d348c3e4f69f57aaa88ab966d') in 0.000801 seconds
Number of updated asset objects reloaded before import = 0
Number of asset objects unloaded after import = 0
========================================================================
Received Import Request.
  Time since last request: 0.691382 seconds.
  path: Assets/Models/New Models/Weapons/pistol/pistol.fbx
  artifactKey: Guid(2933b6507cb14be4cb414b51f2d13be4) Importer(815301076,1909f56bfc062723c751e8b465ee728b)
Start importing Assets/Models/New Models/Weapons/pistol/pistol.fbx using Guid(2933b6507cb14be4cb414b51f2d13be4) Importer(815301076,1909f56bfc062723c751e8b465ee728b) [PhysX] Initialized MultithreadedTaskDispatcher with 16 workers.
 -> (artifact id: 'db1c9ad2ca6986e073c14074b08e8aec') in 0.001209 seconds
Number of updated asset objects reloaded before import = 0
Number of asset objects unloaded after import = 0
========================================================================
Received Import Request.
  Time since last request: 2.858739 seconds.
  path: Assets/Models/New Models/Weapons/shotgun/shotgun.fbx
  artifactKey: Guid(eec083caaace03e4ab0f4b16a7a94d9a) Importer(815301076,1909f56bfc062723c751e8b465ee728b)
Start importing Assets/Models/New Models/Weapons/shotgun/shotgun.fbx using Guid(eec083caaace03e4ab0f4b16a7a94d9a) Importer(815301076,1909f56bfc062723c751e8b465ee728b) [PhysX] Initialized MultithreadedTaskDispatcher with 16 workers.
[PhysX] Initialized MultithreadedTaskDispatcher with 16 workers.
[PhysX] Initialized MultithreadedTaskDispatcher with 16 workers.
[PhysX] Initialized MultithreadedTaskDispatcher with 16 workers.
[PhysX] Initialized MultithreadedTaskDispatcher with 16 workers.
[PhysX] Initialized MultithreadedTaskDispatcher with 16 workers.
[PhysX] Initialized MultithreadedTaskDispatcher with 16 workers.
[PhysX] Initialized MultithreadedTaskDispatcher with 16 workers.
[PhysX] Initialized MultithreadedTaskDispatcher with 16 workers.
[PhysX] Initialized MultithreadedTaskDispatcher with 16 workers.
[PhysX] Initialized MultithreadedTaskDispatcher with 16 workers.
[PhysX] Initialized MultithreadedTaskDispatcher with 16 workers.
[PhysX] Initialized MultithreadedTaskDispatcher with 16 workers.
 -> (artifact id: '5c2b8b4ac027cfc66200b9ab5e4f844f') in 0.073393 seconds
Number of updated asset objects reloaded before import = 0
Number of asset objects unloaded after import = 31
========================================================================
Received Import Request.
  Time since last request: 0.474828 seconds.
  path: Assets/Models/New Models/Weapons/shotgun/source
  artifactKey: Guid(81181a50c1af6f148b92446a22519372) Importer(815301076,1909f56bfc062723c751e8b465ee728b)
Start importing Assets/Models/New Models/Weapons/shotgun/source using Guid(81181a50c1af6f148b92446a22519372) Importer(815301076,1909f56bfc062723c751e8b465ee728b) [PhysX] Initialized MultithreadedTaskDispatcher with 16 workers.
 -> (artifact id: '2e3eb82b54505bfc9462aee7e36e848b') in 0.000790 seconds
Number of updated asset objects reloaded before import = 0
Number of asset objects unloaded after import = 0
========================================================================
Received Import Request.
  Time since last request: 1.923710 seconds.
  path: Assets/Models/New Models/Weapons/sniper/sniper.fbx
  artifactKey: Guid(ded817faa2ea13c459dc73400718a47f) Importer(815301076,1909f56bfc062723c751e8b465ee728b)
Start importing Assets/Models/New Models/Weapons/sniper/sniper.fbx using Guid(ded817faa2ea13c459dc73400718a47f) Importer(815301076,1909f56bfc062723c751e8b465ee728b) [PhysX] Initialized MultithreadedTaskDispatcher with 16 workers.
[PhysX] Initialized MultithreadedTaskDispatcher with 16 workers.
[PhysX] Initialized MultithreadedTaskDispatcher with 16 workers.
[PhysX] Initialized MultithreadedTaskDispatcher with 16 workers.
[PhysX] Initialized MultithreadedTaskDispatcher with 16 workers.
[PhysX] Initialized MultithreadedTaskDispatcher with 16 workers.
[PhysX] Initialized MultithreadedTaskDispatcher with 16 workers.
[PhysX] Initialized MultithreadedTaskDispatcher with 16 workers.
[PhysX] Initialized MultithreadedTaskDispatcher with 16 workers.
[PhysX] Initialized MultithreadedTaskDispatcher with 16 workers.
[PhysX] Initialized MultithreadedTaskDispatcher with 16 workers.
[PhysX] Initialized MultithreadedTaskDispatcher with 16 workers.
[PhysX] Initialized MultithreadedTaskDispatcher with 16 workers.
[PhysX] Initialized MultithreadedTaskDispatcher with 16 workers.
[PhysX] Initialized MultithreadedTaskDispatcher with 16 workers.
[PhysX] Initialized MultithreadedTaskDispatcher with 16 workers.
[PhysX] Initialized MultithreadedTaskDispatcher with 16 workers.
 -> (artifact id: '02867be8dfcf48cde6c969962b5224ac') in 0.085406 seconds
Number of updated asset objects reloaded before import = 0
Number of asset objects unloaded after import = 48
========================================================================
Received Import Request.
  Time since last request: 0.451659 seconds.
  path: Assets/Models/New Models/Weapons/sniper/source
  artifactKey: Guid(4434a52fa768ebf419df8f12220345f5) Importer(815301076,1909f56bfc062723c751e8b465ee728b)
Start importing Assets/Models/New Models/Weapons/sniper/source using Guid(4434a52fa768ebf419df8f12220345f5) Importer(815301076,1909f56bfc062723c751e8b465ee728b) [PhysX] Initialized MultithreadedTaskDispatcher with 16 workers.
 -> (artifact id: 'fd4d41ea8a0cf530adba5124c864b4f9') in 0.001183 seconds
Number of updated asset objects reloaded before import = 0
Number of asset objects unloaded after import = 0
========================================================================
Received Import Request.
  Time since last request: 1.531309 seconds.
  path: Assets/Models/New Models/Weapons/sniper/textures
  artifactKey: Guid(0bdce68790c1f4d4ea476491e761f348) Importer(815301076,1909f56bfc062723c751e8b465ee728b)
Start importing Assets/Models/New Models/Weapons/sniper/textures using Guid(0bdce68790c1f4d4ea476491e761f348) Importer(815301076,1909f56bfc062723c751e8b465ee728b) [PhysX] Initialized MultithreadedTaskDispatcher with 16 workers.
 -> (artifact id: '55cec46e0cdcac58de2be415604c6b54') in 0.001264 seconds
Number of updated asset objects reloaded before import = 0
Number of asset objects unloaded after import = 0
========================================================================
Received Import Request.
  Time since last request: 0.095240 seconds.
  path: Assets/Models/New Models/Weapons/sniper/textures/sniperAO.png
  artifactKey: Guid(3177e9d0ef11999469470625c7970fd1) Importer(815301076,1909f56bfc062723c751e8b465ee728b)
Start importing Assets/Models/New Models/Weapons/sniper/textures/sniperAO.png using Guid(3177e9d0ef11999469470625c7970fd1) Importer(815301076,1909f56bfc062723c751e8b465ee728b) [PhysX] Initialized MultithreadedTaskDispatcher with 16 workers.
[PhysX] Initialized MultithreadedTaskDispatcher with 16 workers.
 -> (artifact id: '7f30b8140b6057333330fbc37d30eeff') in 0.035432 seconds
Number of updated asset objects reloaded before import = 0
Number of asset objects unloaded after import = 2
========================================================================
Received Import Request.
  Time since last request: 0.000036 seconds.
  path: Assets/Models/New Models/Weapons/sniper/textures/sniperMetallic.png
  artifactKey: Guid(92cf89b07c1eba945bff3b9f703b863f) Importer(815301076,1909f56bfc062723c751e8b465ee728b)
Start importing Assets/Models/New Models/Weapons/sniper/textures/sniperMetallic.png using Guid(92cf89b07c1eba945bff3b9f703b863f) Importer(815301076,1909f56bfc062723c751e8b465ee728b) [PhysX] Initialized MultithreadedTaskDispatcher with 16 workers.
[PhysX] Initialized MultithreadedTaskDispatcher with 16 workers.
 -> (artifact id: 'b2c40cb2bc2a4c594b30233d1b1f98d1') in 0.043323 seconds
Number of updated asset objects reloaded before import = 0
Number of asset objects unloaded after import = 2
========================================================================
Received Import Request.
  Time since last request: 0.000055 seconds.
  path: Assets/Models/New Models/Weapons/sniper/textures/sniperRoughness.png
  artifactKey: Guid(43266f983fefea34fa1f6727dcbeed35) Importer(815301076,1909f56bfc062723c751e8b465ee728b)
Start importing Assets/Models/New Models/Weapons/sniper/textures/sniperRoughness.png using Guid(43266f983fefea34fa1f6727dcbeed35) Importer(815301076,1909f56bfc062723c751e8b465ee728b) [PhysX] Initialized MultithreadedTaskDispatcher with 16 workers.
[PhysX] Initialized MultithreadedTaskDispatcher with 16 workers.
 -> (artifact id: 'a86d9d7f69ae6f61dcd7b451a102122f') in 0.026838 seconds
Number of updated asset objects reloaded before import = 0
Number of asset objects unloaded after import = 2
========================================================================
Received Import Request.
  Time since last request: 1.095882 seconds.
  path: Assets/Models/New Models/Weapons/sniper/Materials
  artifactKey: Guid(e2250eb128850484b85920f5173735ad) Importer(815301076,1909f56bfc062723c751e8b465ee728b)
Start importing Assets/Models/New Models/Weapons/sniper/Materials using Guid(e2250eb128850484b85920f5173735ad) Importer(815301076,1909f56bfc062723c751e8b465ee728b) [PhysX] Initialized MultithreadedTaskDispatcher with 16 workers.
 -> (artifact id: '48287af78fe58cc178074f3699495b6c') in 0.001472 seconds
Number of updated asset objects reloaded before import = 0
Number of asset objects unloaded after import = 0
========================================================================
Received Import Request.
  Time since last request: 0.048454 seconds.
  path: Assets/Models/New Models/Weapons/sniper/Materials/sniperAO.mat
  artifactKey: Guid(ebf2f86d302208846a9fff903b7aaf4b) Importer(815301076,1909f56bfc062723c751e8b465ee728b)
Start importing Assets/Models/New Models/Weapons/sniper/Materials/sniperAO.mat using Guid(ebf2f86d302208846a9fff903b7aaf4b) Importer(815301076,1909f56bfc062723c751e8b465ee728b) [PhysX] Initialized MultithreadedTaskDispatcher with 16 workers.
[PhysX] Initialized MultithreadedTaskDispatcher with 16 workers.
 -> (artifact id: '5b4857db28c61457751f27e2c26255ec') in 0.021561 seconds
Number of updated asset objects reloaded before import = 0
Number of asset objects unloaded after import = 3
========================================================================
Received Import Request.
  Time since last request: 0.000028 seconds.
  path: Assets/Models/New Models/Weapons/sniper/Materials/sniperMetallic.mat
  artifactKey: Guid(3aa50c10667ebbd40b01dc5a37949cd3) Importer(815301076,1909f56bfc062723c751e8b465ee728b)
Start importing Assets/Models/New Models/Weapons/sniper/Materials/sniperMetallic.mat using Guid(3aa50c10667ebbd40b01dc5a37949cd3) Importer(815301076,1909f56bfc062723c751e8b465ee728b) [PhysX] Initialized MultithreadedTaskDispatcher with 16 workers.
[PhysX] Initialized MultithreadedTaskDispatcher with 16 workers.
 -> (artifact id: '090de76e7e0eb11d76ec38d0c9c24d69') in 0.022487 seconds
Number of updated asset objects reloaded before import = 0
Number of asset objects unloaded after import = 3
========================================================================
Received Import Request.
  Time since last request: 3.547003 seconds.
  path: Assets/Models/New Models/Weapons/shotgun/Materials
  artifactKey: Guid(f5e852383cfcec2488b1b771770521d6) Importer(815301076,1909f56bfc062723c751e8b465ee728b)
Start importing Assets/Models/New Models/Weapons/shotgun/Materials using Guid(f5e852383cfcec2488b1b771770521d6) Importer(815301076,1909f56bfc062723c751e8b465ee728b) [PhysX] Initialized MultithreadedTaskDispatcher with 16 workers.
 -> (artifact id: 'e7b016a8230e74346ab80b58906445d8') in 0.001325 seconds
Number of updated asset objects reloaded before import = 0
Number of asset objects unloaded after import = 0
========================================================================
Received Import Request.
  Time since last request: 0.732366 seconds.
  path: Assets/Models/New Models/Weapons/pistol/pistol.fbx
  artifactKey: Guid(2933b6507cb14be4cb414b51f2d13be4) Importer(815301076,1909f56bfc062723c751e8b465ee728b)
Start importing Assets/Models/New Models/Weapons/pistol/pistol.fbx using Guid(2933b6507cb14be4cb414b51f2d13be4) Importer(815301076,1909f56bfc062723c751e8b465ee728b) [PhysX] Initialized MultithreadedTaskDispatcher with 16 workers.
 -> (artifact id: 'db1c9ad2ca6986e073c14074b08e8aec') in 0.000816 seconds
Number of updated asset objects reloaded before import = 0
Number of asset objects unloaded after import = 0
========================================================================
Received Import Request.
  Time since last request: 0.780648 seconds.
  path: Assets/Models/New Models/Weapons/pistol/Materials
  artifactKey: Guid(ea3b7c177a4448e43b27795bafc0ac5d) Importer(815301076,1909f56bfc062723c751e8b465ee728b)
Start importing Assets/Models/New Models/Weapons/pistol/Materials using Guid(ea3b7c177a4448e43b27795bafc0ac5d) Importer(815301076,1909f56bfc062723c751e8b465ee728b) [PhysX] Initialized MultithreadedTaskDispatcher with 16 workers.
 -> (artifact id: '526f8b9f5b9d5804f2e8985b1a4a1b6c') in 0.001073 seconds
Number of updated asset objects reloaded before import = 0
Number of asset objects unloaded after import = 0
========================================================================
Received Prepare
Caller must complete domain reload
Begin MonoManager ReloadAssembly
- Loaded All Assemblies, in  1.196 seconds
Native extension for WindowsStandalone target not found
[MODES] ModeService[none].Initialize
[MODES] ModeService[none].LoadModes
[MODES] Loading mode Default (0) for mode-current-id-Udemy course - Top-Down Shooter
[Package Manager] Server::EnsureServerProcessIsRunning -- launch failed, reason: Unity was launched with the -noUpm command-line argument
[Package Manager] UpmClient::Send -- Unable to send message (not connected to UPM process).
[Package Manager] Cannot connect to Unity Package Manager local server
Mono: successfully reloaded assembly
- Finished resetting the current domain, in  2.122 seconds
Domain Reload Profiling: 3322ms
	BeginReloadAssembly (632ms)
		ExecutionOrderSort (0ms)
		DisableScriptedObjects (81ms)
		BackupInstance (0ms)
		ReleaseScriptingObjects (1ms)
		CreateAndSetChildDomain (279ms)
	RebuildCommonClasses (34ms)
	RebuildNativeTypeToScriptingClass (9ms)
	initialDomainReloadingComplete (30ms)
	LoadAllAssembliesAndSetupDomain (494ms)
		LoadAssemblies (604ms)
		RebuildTransferFunctionScriptingTraits (0ms)
		AnalyzeDomain (42ms)
			TypeCache.Refresh (22ms)
				TypeCache.ScanAssembly (0ms)
			ScanForSourceGeneratedMonoScriptInfo (1ms)
			ResolveRequiredComponents (18ms)
	FinalizeReload (2123ms)
		ReleaseScriptCaches (0ms)
		RebuildScriptCaches (0ms)
		SetupLoadedEditorAssemblies (845ms)
			LogAssemblyErrors (0ms)
			InitializePlatformSupportModulesInManaged (10ms)
			SetLoadedEditorAssemblies (5ms)
			RefreshPlugins (0ms)
			BeforeProcessingInitializeOnLoad (81ms)
			ProcessInitializeOnLoadAttributes (662ms)
			ProcessInitializeOnLoadMethodAttributes (84ms)
			AfterProcessingInitializeOnLoad (3ms)
			EditorAssembliesLoaded (1ms)
		ExecutionOrderSort2 (0ms)
		AwakeInstancesAfterBackupRestoration (20ms)
Refreshing native plugins compatible for Editor in 4.94 ms, found 3 plugins.
Preloading 0 native plugins for Editor in 0.00 ms.
Unloading 5695 Unused Serialized files (Serialized files now loaded: 0)
Unloading 21 unused Assets / (387.8 KB). Loaded Objects now: 6470.
Memory consumption went from 210.0 MB to 209.6 MB.
Total: 8.124400 ms (FindLiveObjects: 0.919100 ms CreateObjectMapping: 0.924800 ms MarkObjects: 6.057200 ms  DeleteObjects: 0.213300 ms)

Prepare: number of updated asset objects reloaded= 0
AssetImportParameters requested are different than current active one (requested -> active):
  custom:container-demuxer-ogg: 62fdf1f143b41e24485cea50d1cbac27 -> 
  custom:video-decoder-ogg-theora: a1e56fd34408186e4bbccfd4996cb3dc -> 
  custom:framework-win-MediaFoundation: 216162199b28c13a410421893ffa2e32 -> 
  custom:CustomObjectIndexerAttribute: 72b91833f83ae208fae7752999fa3104 -> 
  custom:container-demuxer-webm: 4f35f7cbe854078d1ac9338744f61a02 -> 
  custom:container-muxer-webm: aa71ff27fc2769a1b78a27578f13a17b -> 
  custom:video-decoder-webm-vp8: 9c59270c3fd7afecdb556c50c9e8de78 -> 
  custom:SearchIndexIgnoredProperties: e643bd26f0fe6173181afceb89e7c659 -> 
  custom:AudioImporter_EditorPlatform: d09bf68614088b80899f8185d706f6e7 -> 
  custom:video-encoder-webm-vp8: eb34c28f22e8b96e1ab97ce403110664 -> 
  custom:audio-decoder-ogg-vorbis: bf7c407c2cedff20999df2af8eb42d56 -> 
  custom:audio-encoder-webm-vorbis: bf7c407c2cedff20999df2af8eb42d56 -> 
========================================================================
Received Import Request.
  Time since last request: 3039.528456 seconds.
  path: Assets/Models/New Models/Exo Gray.fbx
  artifactKey: Guid(edc4dceead17f474c92aa1fbb10b00f9) Importer(815301076,1909f56bfc062723c751e8b465ee728b)
Start importing Assets/Models/New Models/Exo Gray.fbx using Guid(edc4dceead17f474c92aa1fbb10b00f9) Importer(815301076,1909f56bfc062723c751e8b465ee728b) [PhysX] Initialized MultithreadedTaskDispatcher with 16 workers.
[PhysX] Initialized MultithreadedTaskDispatcher with 16 workers.
[PhysX] Initialized MultithreadedTaskDispatcher with 16 workers.
[PhysX] Initialized MultithreadedTaskDispatcher with 16 workers.
[PhysX] Initialized MultithreadedTaskDispatcher with 16 workers.
[PhysX] Initialized MultithreadedTaskDispatcher with 16 workers.
[PhysX] Initialized MultithreadedTaskDispatcher with 16 workers.
[PhysX] Initialized MultithreadedTaskDispatcher with 16 workers.
[PhysX] Initialized MultithreadedTaskDispatcher with 16 workers.
[PhysX] Initialized MultithreadedTaskDispatcher with 16 workers.
[PhysX] Initialized MultithreadedTaskDispatcher with 16 workers.
[PhysX] Initialized MultithreadedTaskDispatcher with 16 workers.
[PhysX] Initialized MultithreadedTaskDispatcher with 16 workers.
[PhysX] Initialized MultithreadedTaskDispatcher with 16 workers.
[PhysX] Initialized MultithreadedTaskDispatcher with 16 workers.
[PhysX] Initialized MultithreadedTaskDispatcher with 16 workers.
[PhysX] Initialized MultithreadedTaskDispatcher with 16 workers.
[PhysX] Initialized MultithreadedTaskDispatcher with 16 workers.
[PhysX] Initialized MultithreadedTaskDispatcher with 16 workers.
[PhysX] Initialized MultithreadedTaskDispatcher with 16 workers.
[PhysX] Initialized MultithreadedTaskDispatcher with 16 workers.
[PhysX] Initialized MultithreadedTaskDispatcher with 16 workers.
[PhysX] Initialized MultithreadedTaskDispatcher with 16 workers.
 -> (artifact id: '793ccf600bd55616d3180853eb6256dc') in 0.993692 seconds
Number of updated asset objects reloaded before import = 0
Number of asset objects unloaded after import = 285
========================================================================
Received Import Request.
  Time since last request: 24.909885 seconds.
  path: Assets/Models/New Models/araxys-bundle-valorant
  artifactKey: Guid(61364bfa59257aa4280042fa2fa2158d) Importer(815301076,1909f56bfc062723c751e8b465ee728b)
Start importing Assets/Models/New Models/araxys-bundle-valorant using Guid(61364bfa59257aa4280042fa2fa2158d) Importer(815301076,1909f56bfc062723c751e8b465ee728b) [PhysX] Initialized MultithreadedTaskDispatcher with 16 workers.
 -> (artifact id: '9827f332ee5f5ca9888e5246a74a2e21') in 0.001214 seconds
Number of updated asset objects reloaded before import = 0
Number of asset objects unloaded after import = 0
========================================================================
Received Import Request.
  Time since last request: 10.882036 seconds.
  path: Assets/Models/New Models/kuronami-bundle
  artifactKey: Guid(f94142d59b3953b49855f569c9e898ba) Importer(815301076,1909f56bfc062723c751e8b465ee728b)
Start importing Assets/Models/New Models/kuronami-bundle using Guid(f94142d59b3953b49855f569c9e898ba) Importer(815301076,1909f56bfc062723c751e8b465ee728b) [PhysX] Initialized MultithreadedTaskDispatcher with 16 workers.
 -> (artifact id: '4ae98f7edb6c019356ca641988a40769') in 0.001234 seconds
Number of updated asset objects reloaded before import = 0
Number of asset objects unloaded after import = 0
========================================================================
Received Import Request.
  Time since last request: 8.731843 seconds.
  path: Assets/Models/New Models/Weapons/Valorant Weapons
  artifactKey: Guid(4ec2ea6bd33837c4aa02f881b06404fc) Importer(815301076,1909f56bfc062723c751e8b465ee728b)
Start importing Assets/Models/New Models/Weapons/Valorant Weapons using Guid(4ec2ea6bd33837c4aa02f881b06404fc) Importer(815301076,1909f56bfc062723c751e8b465ee728b) [PhysX] Initialized MultithreadedTaskDispatcher with 16 workers.
 -> (artifact id: '56c8db85b063fef6394fe93096a86b32') in 0.001094 seconds
Number of updated asset objects reloaded before import = 0
Number of asset objects unloaded after import = 0
========================================================================
Received Import Request.
  Time since last request: 34.515913 seconds.
  path: Assets/Models/New Models/Weapons/araxys-bundle-valorant
  artifactKey: Guid(89c540d23f3d86e40b3005061a5af234) Importer(815301076,1909f56bfc062723c751e8b465ee728b)
Start importing Assets/Models/New Models/Weapons/araxys-bundle-valorant using Guid(89c540d23f3d86e40b3005061a5af234) Importer(815301076,1909f56bfc062723c751e8b465ee728b) [PhysX] Initialized MultithreadedTaskDispatcher with 16 workers.
 -> (artifact id: 'b5919573ac57b880a5e6fb0f6ef4f732') in 0.000836 seconds
Number of updated asset objects reloaded before import = 0
Number of asset objects unloaded after import = 0
========================================================================
Received Import Request.
  Time since last request: 6.799646 seconds.
  path: Assets/Models/New Models/Weapons/Val_araxys-bundle-valorant
  artifactKey: Guid(89c540d23f3d86e40b3005061a5af234) Importer(815301076,1909f56bfc062723c751e8b465ee728b)
Start importing Assets/Models/New Models/Weapons/Val_araxys-bundle-valorant using Guid(89c540d23f3d86e40b3005061a5af234) Importer(815301076,1909f56bfc062723c751e8b465ee728b) [PhysX] Initialized MultithreadedTaskDispatcher with 16 workers.
 -> (artifact id: 'b64a7b01740df20646e2e091869bb36a') in 0.000741 seconds
Number of updated asset objects reloaded before import = 0
Number of asset objects unloaded after import = 0
========================================================================
Received Import Request.
  Time since last request: 1.268533 seconds.
  path: Assets/Models/New Models/Weapons/kuronami-bundle
  artifactKey: Guid(d5eaf17afa2231a48a44fc0c8f81b80b) Importer(815301076,1909f56bfc062723c751e8b465ee728b)
Start importing Assets/Models/New Models/Weapons/kuronami-bundle using Guid(d5eaf17afa2231a48a44fc0c8f81b80b) Importer(815301076,1909f56bfc062723c751e8b465ee728b) [PhysX] Initialized MultithreadedTaskDispatcher with 16 workers.
 -> (artifact id: 'e0c954fb3f0371d4405b9a4c425c4ccc') in 0.000990 seconds
Number of updated asset objects reloaded before import = 0
Number of asset objects unloaded after import = 0
========================================================================
Received Import Request.
  Time since last request: 10.823222 seconds.
  path: Assets/Models/New Models/Weapons/Val_kuronami-bundle
  artifactKey: Guid(d5eaf17afa2231a48a44fc0c8f81b80b) Importer(815301076,1909f56bfc062723c751e8b465ee728b)
Start importing Assets/Models/New Models/Weapons/Val_kuronami-bundle using Guid(d5eaf17afa2231a48a44fc0c8f81b80b) Importer(815301076,1909f56bfc062723c751e8b465ee728b) [PhysX] Initialized MultithreadedTaskDispatcher with 16 workers.
 -> (artifact id: '3a56288dbfd563a79454929be590dfd8') in 0.000894 seconds
Number of updated asset objects reloaded before import = 0
Number of asset objects unloaded after import = 0
========================================================================
Received Import Request.
  Time since last request: 20.725618 seconds.
  path: Assets/Models/New Models/Weapons/New Folder
  artifactKey: Guid(a9106b53c83a3fe42bd7a4001a942ba1) Importer(815301076,1909f56bfc062723c751e8b465ee728b)
Start importing Assets/Models/New Models/Weapons/New Folder using Guid(a9106b53c83a3fe42bd7a4001a942ba1) Importer(815301076,1909f56bfc062723c751e8b465ee728b) [PhysX] Initialized MultithreadedTaskDispatcher with 16 workers.
 -> (artifact id: '386c3c52440d7357f163c2b0c85316d8') in 0.000810 seconds
Number of updated asset objects reloaded before import = 0
Number of asset objects unloaded after import = 0
========================================================================
Received Import Request.
  Time since last request: 20.375633 seconds.
  path: Assets/Models/New Models/Enemy_Characters
  artifactKey: Guid(8f2d641d9e29cca4785981ab7e4efe41) Importer(815301076,1909f56bfc062723c751e8b465ee728b)
Start importing Assets/Models/New Models/Enemy_Characters using Guid(8f2d641d9e29cca4785981ab7e4efe41) Importer(815301076,1909f56bfc062723c751e8b465ee728b) [PhysX] Initialized MultithreadedTaskDispatcher with 16 workers.
 -> (artifact id: 'b51e658e41d0bf345ecde3ab8cc737ab') in 0.000962 seconds
Number of updated asset objects reloaded before import = 0
Number of asset objects unloaded after import = 0
