Using pre-set license
Built from '2022.3/staging' branch; Version is '2022.3.40f1 (cbdda657d2f0) revision 13360550'; Using compiler version '192829333'; Build Type 'Release'
OS: 'Windows 11  (10.0.26100) 64bit Professional' Language: 'en' Physical Memory: 16110 MB
BatchMode: 1, IsHumanControllingUs: 0, StartBugReporterOnCrash: 0, Is64bit: 1, IsPro: 1

COMMAND LINE ARGUMENTS:
D:\Unity\2022.3.40f1\Editor\Unity.exe
-adb2
-batchMode
-noUpm
-name
AssetImportWorker3
-projectPath
D:/GameDev/Projects/3D-Shooter-Game-Reskin
-logFile
Logs/AssetImportWorker3.log
-srvPort
55480
Successfully changed project path to: D:/GameDev/Projects/3D-Shooter-Game-Reskin
D:/GameDev/Projects/3D-Shooter-Game-Reskin
[UnityMemory] Configuration Parameters - Can be set up in boot.config
    "memorysetup-bucket-allocator-granularity=16"
    "memorysetup-bucket-allocator-bucket-count=8"
    "memorysetup-bucket-allocator-block-size=33554432"
    "memorysetup-bucket-allocator-block-count=8"
    "memorysetup-main-allocator-block-size=16777216"
    "memorysetup-thread-allocator-block-size=16777216"
    "memorysetup-gfx-main-allocator-block-size=16777216"
    "memorysetup-gfx-thread-allocator-block-size=16777216"
    "memorysetup-cache-allocator-block-size=4194304"
    "memorysetup-typetree-allocator-block-size=2097152"
    "memorysetup-profiler-bucket-allocator-granularity=16"
    "memorysetup-profiler-bucket-allocator-bucket-count=8"
    "memorysetup-profiler-bucket-allocator-block-size=33554432"
    "memorysetup-profiler-bucket-allocator-block-count=8"
    "memorysetup-profiler-allocator-block-size=16777216"
    "memorysetup-profiler-editor-allocator-block-size=1048576"
    "memorysetup-temp-allocator-size-main=16777216"
    "memorysetup-job-temp-allocator-block-size=2097152"
    "memorysetup-job-temp-allocator-block-size-background=1048576"
    "memorysetup-job-temp-allocator-reduction-small-platforms=262144"
    "memorysetup-allocator-temp-initial-block-size-main=262144"
    "memorysetup-allocator-temp-initial-block-size-worker=262144"
    "memorysetup-temp-allocator-size-background-worker=32768"
    "memorysetup-temp-allocator-size-job-worker=262144"
    "memorysetup-temp-allocator-size-preload-manager=33554432"
    "memorysetup-temp-allocator-size-nav-mesh-worker=65536"
    "memorysetup-temp-allocator-size-audio-worker=65536"
    "memorysetup-temp-allocator-size-cloud-worker=32768"
    "memorysetup-temp-allocator-size-gi-baking-worker=262144"
    "memorysetup-temp-allocator-size-gfx=262144"
Player connection [44664]  Target information:

Player connection [44664]  * "[IP] 172.22.224.1 [Port] 0 [Flags] 2 [Guid] 2077513409 [EditorId] 2077513409 [Version] 1048832 [Id] WindowsEditor(7,DESKTOP-OI5623P) [Debug] 1 [PackageName] WindowsEditor [ProjectName] Editor" 

Player connection [44664]  * "[IP] 192.168.0.14 [Port] 0 [Flags] 2 [Guid] 2077513409 [EditorId] 2077513409 [Version] 1048832 [Id] WindowsEditor(7,DESKTOP-OI5623P) [Debug] 1 [PackageName] WindowsEditor [ProjectName] Editor" 

Player connection [44664] Host joined multi-casting on [225.0.0.222:54997]...
Player connection [44664] Host joined alternative multi-casting on [225.0.0.222:34997]...
[PhysX] Initialized MultithreadedTaskDispatcher with 16 workers.
Refreshing native plugins compatible for Editor in 9.18 ms, found 3 plugins.
Preloading 0 native plugins for Editor in 0.00 ms.
Initialize engine version: 2022.3.40f1 (cbdda657d2f0)
[Subsystems] Discovering subsystems at path D:/Unity/2022.3.40f1/Editor/Data/Resources/UnitySubsystems
[Subsystems] Discovering subsystems at path D:/GameDev/Projects/3D-Shooter-Game-Reskin/Assets
GfxDevice: creating device client; threaded=0; jobified=0
Direct3D:
    Version:  Direct3D 11.0 [level 11.1]
    Renderer: NVIDIA GeForce RTX 3060 Laptop GPU (ID=0x2560)
    Vendor:   NVIDIA
    VRAM:     5996 MB
    Driver:   32.0.15.7216
Initialize mono
Mono path[0] = 'D:/Unity/2022.3.40f1/Editor/Data/Managed'
Mono path[1] = 'D:/Unity/2022.3.40f1/Editor/Data/MonoBleedingEdge/lib/mono/unityjit-win32'
Mono config path = 'D:/Unity/2022.3.40f1/Editor/Data/MonoBleedingEdge/etc'
Using monoOptions --debugger-agent=transport=dt_socket,embedding=1,server=y,suspend=n,address=127.0.0.1:56216
Begin MonoManager ReloadAssembly
Registering precompiled unity dll's ...
Register platform support module: D:/Unity/2022.3.40f1/Editor/Data/PlaybackEngines/WindowsStandaloneSupport/UnityEditor.WindowsStandalone.Extensions.dll
Registered in 0.004348 seconds.
- Loaded All Assemblies, in  0.318 seconds
Native extension for WindowsStandalone target not found
Mono: successfully reloaded assembly
- Finished resetting the current domain, in  0.241 seconds
Domain Reload Profiling: 560ms
	BeginReloadAssembly (98ms)
		ExecutionOrderSort (0ms)
		DisableScriptedObjects (0ms)
		BackupInstance (0ms)
		ReleaseScriptingObjects (0ms)
		CreateAndSetChildDomain (1ms)
	RebuildCommonClasses (31ms)
	RebuildNativeTypeToScriptingClass (10ms)
	initialDomainReloadingComplete (48ms)
	LoadAllAssembliesAndSetupDomain (131ms)
		LoadAssemblies (97ms)
		RebuildTransferFunctionScriptingTraits (0ms)
		AnalyzeDomain (129ms)
			TypeCache.Refresh (127ms)
				TypeCache.ScanAssembly (114ms)
			ScanForSourceGeneratedMonoScriptInfo (0ms)
			ResolveRequiredComponents (1ms)
	FinalizeReload (241ms)
		ReleaseScriptCaches (0ms)
		RebuildScriptCaches (0ms)
		SetupLoadedEditorAssemblies (202ms)
			LogAssemblyErrors (0ms)
			InitializePlatformSupportModulesInManaged (7ms)
			SetLoadedEditorAssemblies (7ms)
			RefreshPlugins (0ms)
			BeforeProcessingInitializeOnLoad (2ms)
			ProcessInitializeOnLoadAttributes (139ms)
			ProcessInitializeOnLoadMethodAttributes (47ms)
			AfterProcessingInitializeOnLoad (0ms)
			EditorAssembliesLoaded (0ms)
		ExecutionOrderSort2 (0ms)
		AwakeInstancesAfterBackupRestoration (0ms)
========================================================================
Worker process is ready to serve import requests
Caller must complete domain reload
Begin MonoManager ReloadAssembly
- Loaded All Assemblies, in  0.766 seconds
Native extension for WindowsStandalone target not found
[MODES] ModeService[none].Initialize
[MODES] ModeService[none].LoadModes
[MODES] Loading mode Default (0) for mode-current-id-Udemy course - Top-Down Shooter
Package Manager log level set to [2]
[Package Manager] Server::EnsureServerProcessIsRunning -- launch failed, reason: Unity was launched with the -noUpm command-line argument
[Package Manager] UpmClient::Send -- Unable to send message (not connected to UPM process).
[Package Manager] Cannot connect to Unity Package Manager local server
Mono: successfully reloaded assembly
- Finished resetting the current domain, in  0.714 seconds
Domain Reload Profiling: 1480ms
	BeginReloadAssembly (157ms)
		ExecutionOrderSort (0ms)
		DisableScriptedObjects (6ms)
		BackupInstance (0ms)
		ReleaseScriptingObjects (0ms)
		CreateAndSetChildDomain (26ms)
	RebuildCommonClasses (33ms)
	RebuildNativeTypeToScriptingClass (10ms)
	initialDomainReloadingComplete (34ms)
	LoadAllAssembliesAndSetupDomain (531ms)
		LoadAssemblies (390ms)
		RebuildTransferFunctionScriptingTraits (0ms)
		AnalyzeDomain (233ms)
			TypeCache.Refresh (198ms)
				TypeCache.ScanAssembly (180ms)
			ScanForSourceGeneratedMonoScriptInfo (23ms)
			ResolveRequiredComponents (10ms)
	FinalizeReload (715ms)
		ReleaseScriptCaches (0ms)
		RebuildScriptCaches (0ms)
		SetupLoadedEditorAssemblies (576ms)
			LogAssemblyErrors (0ms)
			InitializePlatformSupportModulesInManaged (5ms)
			SetLoadedEditorAssemblies (3ms)
			RefreshPlugins (0ms)
			BeforeProcessingInitializeOnLoad (66ms)
			ProcessInitializeOnLoadAttributes (437ms)
			ProcessInitializeOnLoadMethodAttributes (64ms)
			AfterProcessingInitializeOnLoad (2ms)
			EditorAssembliesLoaded (0ms)
		ExecutionOrderSort2 (0ms)
		AwakeInstancesAfterBackupRestoration (5ms)
Launched and connected shader compiler UnityShaderCompiler.exe after 0.05 seconds
Refreshing native plugins compatible for Editor in 4.11 ms, found 3 plugins.
Preloading 0 native plugins for Editor in 0.00 ms.
Unloading 5847 Unused Serialized files (Serialized files now loaded: 0)
Unloading 40 unused Assets / (417.9 KB). Loaded Objects now: 6311.
Memory consumption went from 220.1 MB to 219.7 MB.
Total: 6.770900 ms (FindLiveObjects: 1.557000 ms CreateObjectMapping: 0.914900 ms MarkObjects: 3.936400 ms  DeleteObjects: 0.360600 ms)

AssetImportParameters requested are different than current active one (requested -> active):
  custom:container-demuxer-ogg: 62fdf1f143b41e24485cea50d1cbac27 -> 
  custom:video-decoder-ogg-theora: a1e56fd34408186e4bbccfd4996cb3dc -> 
  custom:framework-win-MediaFoundation: 216162199b28c13a410421893ffa2e32 -> 
  custom:CustomObjectIndexerAttribute: 72b91833f83ae208fae7752999fa3104 -> 
  custom:container-demuxer-webm: 4f35f7cbe854078d1ac9338744f61a02 -> 
  custom:container-muxer-webm: aa71ff27fc2769a1b78a27578f13a17b -> 
  custom:video-decoder-webm-vp8: 9c59270c3fd7afecdb556c50c9e8de78 -> 
  custom:SearchIndexIgnoredProperties: e643bd26f0fe6173181afceb89e7c659 -> 
  custom:AudioImporter_EditorPlatform: d09bf68614088b80899f8185d706f6e7 -> 
  custom:video-encoder-webm-vp8: eb34c28f22e8b96e1ab97ce403110664 -> 
  custom:audio-decoder-ogg-vorbis: bf7c407c2cedff20999df2af8eb42d56 -> 
  custom:scripting/monoscript/fileName/Enemy_Boss_Vanguard.cs: 0b7ebf28fd2c95f0206d9ba88b7c6076 -> 
  custom:audio-encoder-webm-vorbis: bf7c407c2cedff20999df2af8eb42d56 -> 
========================================================================
Received Import Request.
  Time since last request: 16438.613257 seconds.
  path: Assets/Prefab/Enemies/Enemy_Melee - Axe throw Variant.prefab
  artifactKey: Guid(39c4bcb4fc5690c40b10a309f328c8ba) Importer(815301076,1909f56bfc062723c751e8b465ee728b)
Start importing Assets/Prefab/Enemies/Enemy_Melee - Axe throw Variant.prefab using Guid(39c4bcb4fc5690c40b10a309f328c8ba) Importer(815301076,1909f56bfc062723c751e8b465ee728b) [PhysX] Initialized MultithreadedTaskDispatcher with 16 workers.
[PhysX] Initialized MultithreadedTaskDispatcher with 16 workers.
 -> (artifact id: 'aff8c41fa066a30ec11001befd8c4ad4') in 0.794701 seconds
Number of updated asset objects reloaded before import = 0
Number of asset objects unloaded after import = 1069
========================================================================
Received Prepare
Caller must complete domain reload
Begin MonoManager ReloadAssembly
- Loaded All Assemblies, in  0.454 seconds
Native extension for WindowsStandalone target not found
Error loading file Library/StateCache/LayerSettings/9e/9ecc5c3c162a7aba29bafa64c8b94b7c.json. Error: System.IO.IOException: Sharing violation on path D:\GameDev\Projects\3D-Shooter-Game-Reskin\Library\StateCache\LayerSettings\9e\9ecc5c3c162a7aba29bafa64c8b94b7c.json
  at System.IO.FileStream..ctor (System.String path, System.IO.FileMode mode, System.IO.FileAccess access, System.IO.FileShare share, System.Int32 bufferSize, System.Boolean anonymous, System.IO.FileOptions options) [0x0019e] in <8ce0bd04a7a04b4b9395538239d3fdd8>:0 
  at System.IO.FileStream..ctor (System.String path, System.IO.FileMode mode, System.IO.FileAccess access, System.IO.FileShare share, System.Int32 bufferSize, System.IO.FileOptions options) [0x00000] in <8ce0bd04a7a04b4b9395538239d3fdd8>:0 
  at (wrapper remoting-invoke-with-check) System.IO.FileStream..ctor(string,System.IO.FileMode,System.IO.FileAccess,System.IO.FileShare,int,System.IO.FileOptions)
  at System.IO.StreamReader..ctor (System.String path, System.Text.Encoding encoding, System.Boolean detectEncodingFromByteOrderMarks, System.Int32 bufferSize) [0x00055] in <8ce0bd04a7a04b4b9395538239d3fdd8>:0 
  at System.IO.StreamReader..ctor (System.String path, System.Text.Encoding encoding, System.Boolean detectEncodingFromByteOrderMarks) [0x00000] in <8ce0bd04a7a04b4b9395538239d3fdd8>:0 
  at (wrapper remoting-invoke-with-check) System.IO.StreamReader..ctor(string,System.Text.Encoding,bool)
  at System.IO.File.InternalReadAllText (System.String path, System.Text.Encoding encoding) [0x00000] in <8ce0bd04a7a04b4b9395538239d3fdd8>:0 
  at System.IO.File.ReadAllText (System.String path, System.Text.Encoding encoding) [0x00034] in <8ce0bd04a7a04b4b9395538239d3fdd8>:0 
  at UnityEditor.StateCache`1[T].GetState (UnityEngine.Hash128 key, T defaultValue) [0x00041] in <51e2d50a25be4e0e8f1b2720c516435c>:0 
UnityEngine.StackTraceUtility:ExtractStackTrace ()
UnityEngine.DebugLogHandler:LogFormat (UnityEngine.LogType,UnityEngine.Object,string,object[])
UnityEngine.Logger:Log (UnityEngine.LogType,object)
UnityEngine.Debug:LogError (object)
UnityEditor.StateCache`1<UnityEditor.Tools/LayerSettings>:GetState (UnityEngine.Hash128,UnityEditor.Tools/LayerSettings)
UnityEditor.Tools:OnEnable ()
UnityEngine.ScriptableObject:CreateInstance (System.Type)
UnityEngine.ScriptableObject:CreateInstance<UnityEditor.Tools> ()
UnityEditor.Tools:get_get ()
UnityEditor.Tools:get_visibleLayers ()
UnityEditor.Animations.Rigging.BoneRendererUtils:.cctor () (at ./Library/PackageCache/com.unity.animation.rigging@1.2.1/Editor/Utils/BoneRendererUtils.cs:121)
System.Runtime.CompilerServices.RuntimeHelpers:RunClassConstructor (System.RuntimeTypeHandle)
UnityEditor.EditorAssemblies:ProcessInitializeOnLoadAttributes (System.Type[])

(Filename: ./Library/PackageCache/com.unity.animation.rigging@1.2.1/Editor/Utils/BoneRendererUtils.cs Line: 121)

[MODES] ModeService[none].Initialize
[MODES] ModeService[none].LoadModes
[MODES] Loading mode Default (0) for mode-current-id-Udemy course - Top-Down Shooter
[Package Manager] Server::EnsureServerProcessIsRunning -- launch failed, reason: Unity was launched with the -noUpm command-line argument
[Package Manager] UpmClient::Send -- Unable to send message (not connected to UPM process).
[Package Manager] Cannot connect to Unity Package Manager local server
Mono: successfully reloaded assembly
- Finished resetting the current domain, in  1.073 seconds
Domain Reload Profiling: 1526ms
	BeginReloadAssembly (168ms)
		ExecutionOrderSort (0ms)
		DisableScriptedObjects (10ms)
		BackupInstance (0ms)
		ReleaseScriptingObjects (0ms)
		CreateAndSetChildDomain (48ms)
	RebuildCommonClasses (30ms)
	RebuildNativeTypeToScriptingClass (9ms)
	initialDomainReloadingComplete (24ms)
	LoadAllAssembliesAndSetupDomain (222ms)
		LoadAssemblies (277ms)
		RebuildTransferFunctionScriptingTraits (0ms)
		AnalyzeDomain (24ms)
			TypeCache.Refresh (9ms)
				TypeCache.ScanAssembly (0ms)
			ScanForSourceGeneratedMonoScriptInfo (0ms)
			ResolveRequiredComponents (13ms)
	FinalizeReload (1073ms)
		ReleaseScriptCaches (0ms)
		RebuildScriptCaches (0ms)
		SetupLoadedEditorAssemblies (512ms)
			LogAssemblyErrors (0ms)
			InitializePlatformSupportModulesInManaged (4ms)
			SetLoadedEditorAssemblies (3ms)
			RefreshPlugins (0ms)
			BeforeProcessingInitializeOnLoad (73ms)
			ProcessInitializeOnLoadAttributes (376ms)
			ProcessInitializeOnLoadMethodAttributes (54ms)
			AfterProcessingInitializeOnLoad (2ms)
			EditorAssembliesLoaded (0ms)
		ExecutionOrderSort2 (0ms)
		AwakeInstancesAfterBackupRestoration (11ms)
Refreshing native plugins compatible for Editor in 3.95 ms, found 3 plugins.
Preloading 0 native plugins for Editor in 0.00 ms.
Unloading 5698 Unused Serialized files (Serialized files now loaded: 0)
Unloading 21 unused Assets / (387.7 KB). Loaded Objects now: 6377.
Memory consumption went from 201.0 MB to 200.6 MB.
Total: 8.029400 ms (FindLiveObjects: 0.806100 ms CreateObjectMapping: 0.861500 ms MarkObjects: 6.167400 ms  DeleteObjects: 0.192000 ms)

Prepare: number of updated asset objects reloaded= 0
AssetImportParameters requested are different than current active one (requested -> active):
  custom:container-demuxer-ogg: 62fdf1f143b41e24485cea50d1cbac27 -> 
  custom:video-decoder-ogg-theora: a1e56fd34408186e4bbccfd4996cb3dc -> 
  custom:framework-win-MediaFoundation: 216162199b28c13a410421893ffa2e32 -> 
  custom:CustomObjectIndexerAttribute: 72b91833f83ae208fae7752999fa3104 -> 
  custom:container-demuxer-webm: 4f35f7cbe854078d1ac9338744f61a02 -> 
  custom:container-muxer-webm: aa71ff27fc2769a1b78a27578f13a17b -> 
  custom:video-decoder-webm-vp8: 9c59270c3fd7afecdb556c50c9e8de78 -> 
  custom:SearchIndexIgnoredProperties: e643bd26f0fe6173181afceb89e7c659 -> 
  custom:AudioImporter_EditorPlatform: d09bf68614088b80899f8185d706f6e7 -> 
  custom:video-encoder-webm-vp8: eb34c28f22e8b96e1ab97ce403110664 -> 
  custom:audio-decoder-ogg-vorbis: bf7c407c2cedff20999df2af8eb42d56 -> 
  custom:scripting/monoscript/fileName/Enemy_Boss_Vanguard.cs: 0b7ebf28fd2c95f0206d9ba88b7c6076 -> 
  custom:audio-encoder-webm-vorbis: bf7c407c2cedff20999df2af8eb42d56 -> 
========================================================================
Received Import Request.
  Time since last request: 9.825857 seconds.
  path: Assets/Prefab/Enemies/Enemy_Melee - Dodge Variant.prefab
  artifactKey: Guid(eb26f8c4b8117e94682eb65bac82264d) Importer(815301076,1909f56bfc062723c751e8b465ee728b)
Start importing Assets/Prefab/Enemies/Enemy_Melee - Dodge Variant.prefab using Guid(eb26f8c4b8117e94682eb65bac82264d) Importer(815301076,1909f56bfc062723c751e8b465ee728b) [PhysX] Initialized MultithreadedTaskDispatcher with 16 workers.
 -> (artifact id: '60e41fd1933186e9923f22ee43175919') in 0.003815 seconds
Number of updated asset objects reloaded before import = 0
Number of asset objects unloaded after import = 0
========================================================================
Received Import Request.
  Time since last request: 0.000042 seconds.
  path: Assets/Prefab/Enemies/Enemy_Melee - Regular Variant.prefab
  artifactKey: Guid(4ccd641749ccba642913f8660e96ae1e) Importer(815301076,1909f56bfc062723c751e8b465ee728b)
Start importing Assets/Prefab/Enemies/Enemy_Melee - Regular Variant.prefab using Guid(4ccd641749ccba642913f8660e96ae1e) Importer(815301076,1909f56bfc062723c751e8b465ee728b) [PhysX] Initialized MultithreadedTaskDispatcher with 16 workers.
 -> (artifact id: '365d3118da1293e60c07db46fa6deb9d') in 0.000811 seconds
Number of updated asset objects reloaded before import = 0
Number of asset objects unloaded after import = 0
========================================================================
Received Prepare
Caller must complete domain reload
Begin MonoManager ReloadAssembly
- Loaded All Assemblies, in  0.427 seconds
Native extension for WindowsStandalone target not found
[MODES] ModeService[none].Initialize
[MODES] ModeService[none].LoadModes
[MODES] Loading mode Default (0) for mode-current-id-Udemy course - Top-Down Shooter
[Package Manager] Server::EnsureServerProcessIsRunning -- launch failed, reason: Unity was launched with the -noUpm command-line argument
[Package Manager] UpmClient::Send -- Unable to send message (not connected to UPM process).
[Package Manager] Cannot connect to Unity Package Manager local server
Mono: successfully reloaded assembly
- Finished resetting the current domain, in  1.029 seconds
Domain Reload Profiling: 1456ms
	BeginReloadAssembly (148ms)
		ExecutionOrderSort (0ms)
		DisableScriptedObjects (4ms)
		BackupInstance (0ms)
		ReleaseScriptingObjects (0ms)
		CreateAndSetChildDomain (46ms)
	RebuildCommonClasses (30ms)
	RebuildNativeTypeToScriptingClass (14ms)
	initialDomainReloadingComplete (29ms)
	LoadAllAssembliesAndSetupDomain (205ms)
		LoadAssemblies (254ms)
		RebuildTransferFunctionScriptingTraits (0ms)
		AnalyzeDomain (20ms)
			TypeCache.Refresh (8ms)
				TypeCache.ScanAssembly (0ms)
			ScanForSourceGeneratedMonoScriptInfo (0ms)
			ResolveRequiredComponents (11ms)
	FinalizeReload (1030ms)
		ReleaseScriptCaches (0ms)
		RebuildScriptCaches (0ms)
		SetupLoadedEditorAssemblies (478ms)
			LogAssemblyErrors (0ms)
			InitializePlatformSupportModulesInManaged (4ms)
			SetLoadedEditorAssemblies (3ms)
			RefreshPlugins (0ms)
			BeforeProcessingInitializeOnLoad (66ms)
			ProcessInitializeOnLoadAttributes (352ms)
			ProcessInitializeOnLoadMethodAttributes (51ms)
			AfterProcessingInitializeOnLoad (2ms)
			EditorAssembliesLoaded (0ms)
		ExecutionOrderSort2 (0ms)
		AwakeInstancesAfterBackupRestoration (10ms)
Refreshing native plugins compatible for Editor in 4.24 ms, found 3 plugins.
Preloading 0 native plugins for Editor in 0.00 ms.
Unloading 5698 Unused Serialized files (Serialized files now loaded: 0)
Unloading 21 unused Assets / (387.8 KB). Loaded Objects now: 6394.
Memory consumption went from 200.9 MB to 200.5 MB.
Total: 436.772400 ms (FindLiveObjects: 430.646300 ms CreateObjectMapping: 0.715100 ms MarkObjects: 5.252500 ms  DeleteObjects: 0.156000 ms)

Prepare: number of updated asset objects reloaded= 0
AssetImportParameters requested are different than current active one (requested -> active):
  custom:container-demuxer-ogg: 62fdf1f143b41e24485cea50d1cbac27 -> 
  custom:video-decoder-ogg-theora: a1e56fd34408186e4bbccfd4996cb3dc -> 
  custom:framework-win-MediaFoundation: 216162199b28c13a410421893ffa2e32 -> 
  custom:CustomObjectIndexerAttribute: 72b91833f83ae208fae7752999fa3104 -> 
  custom:container-demuxer-webm: 4f35f7cbe854078d1ac9338744f61a02 -> 
  custom:container-muxer-webm: aa71ff27fc2769a1b78a27578f13a17b -> 
  custom:video-decoder-webm-vp8: 9c59270c3fd7afecdb556c50c9e8de78 -> 
  custom:SearchIndexIgnoredProperties: e643bd26f0fe6173181afceb89e7c659 -> 
  custom:AudioImporter_EditorPlatform: d09bf68614088b80899f8185d706f6e7 -> 
  custom:video-encoder-webm-vp8: eb34c28f22e8b96e1ab97ce403110664 -> 
  custom:audio-decoder-ogg-vorbis: bf7c407c2cedff20999df2af8eb42d56 -> 
  custom:scripting/monoscript/fileName/Enemy_Boss_Vanguard.cs: 0b7ebf28fd2c95f0206d9ba88b7c6076 -> 
  custom:audio-encoder-webm-vorbis: bf7c407c2cedff20999df2af8eb42d56 -> 
========================================================================
Received Import Request.
  Time since last request: 588.535595 seconds.
  path: Assets/Prefab/Enemies/Enemy_Melee - Shield Variant.prefab
  artifactKey: Guid(1efdb970ed4ad654881f93db402529bc) Importer(815301076,1909f56bfc062723c751e8b465ee728b)
Start importing Assets/Prefab/Enemies/Enemy_Melee - Shield Variant.prefab using Guid(1efdb970ed4ad654881f93db402529bc) Importer(815301076,1909f56bfc062723c751e8b465ee728b) [PhysX] Initialized MultithreadedTaskDispatcher with 16 workers.
 -> (artifact id: '6dc1ce558a77a3d36ce316b6b3f3b4a7') in 0.003075 seconds
Number of updated asset objects reloaded before import = 0
Number of asset objects unloaded after import = 0
========================================================================
Received Import Request.
  Time since last request: 0.000041 seconds.
  path: Assets/Prefab/Enemies/Enemy_Melee.prefab
  artifactKey: Guid(c6f7c97c0776f5545820ad52b6aeba38) Importer(815301076,1909f56bfc062723c751e8b465ee728b)
Start importing Assets/Prefab/Enemies/Enemy_Melee.prefab using Guid(c6f7c97c0776f5545820ad52b6aeba38) Importer(815301076,1909f56bfc062723c751e8b465ee728b) [PhysX] Initialized MultithreadedTaskDispatcher with 16 workers.
 -> (artifact id: '57661c8c88b62390009166eb877d55d7') in 0.001529 seconds
Number of updated asset objects reloaded before import = 0
Number of asset objects unloaded after import = 0
========================================================================
Received Import Request.
  Time since last request: 28.453424 seconds.
  path: Assets/Prefab/Enemies/Enemy_Melee - Dodge Variant.prefab
  artifactKey: Guid(eb26f8c4b8117e94682eb65bac82264d) Importer(815301076,1909f56bfc062723c751e8b465ee728b)
Start importing Assets/Prefab/Enemies/Enemy_Melee - Dodge Variant.prefab using Guid(eb26f8c4b8117e94682eb65bac82264d) Importer(815301076,1909f56bfc062723c751e8b465ee728b) [PhysX] Initialized MultithreadedTaskDispatcher with 16 workers.
 -> (artifact id: '60e41fd1933186e9923f22ee43175919') in 0.000679 seconds
Number of updated asset objects reloaded before import = 0
Number of asset objects unloaded after import = 0
========================================================================
Received Import Request.
  Time since last request: 0.000021 seconds.
  path: Assets/Prefab/Enemies/Enemy_Melee - Regular Variant.prefab
  artifactKey: Guid(4ccd641749ccba642913f8660e96ae1e) Importer(815301076,1909f56bfc062723c751e8b465ee728b)
Start importing Assets/Prefab/Enemies/Enemy_Melee - Regular Variant.prefab using Guid(4ccd641749ccba642913f8660e96ae1e) Importer(815301076,1909f56bfc062723c751e8b465ee728b) [PhysX] Initialized MultithreadedTaskDispatcher with 16 workers.
 -> (artifact id: '365d3118da1293e60c07db46fa6deb9d') in 0.000749 seconds
Number of updated asset objects reloaded before import = 0
Number of asset objects unloaded after import = 0
========================================================================
Received Prepare
Caller must complete domain reload
Begin MonoManager ReloadAssembly
- Loaded All Assemblies, in  0.438 seconds
Native extension for WindowsStandalone target not found
[MODES] ModeService[none].Initialize
[MODES] ModeService[none].LoadModes
[MODES] Loading mode Default (0) for mode-current-id-Udemy course - Top-Down Shooter
[Package Manager] Server::EnsureServerProcessIsRunning -- launch failed, reason: Unity was launched with the -noUpm command-line argument
[Package Manager] UpmClient::Send -- Unable to send message (not connected to UPM process).
[Package Manager] Cannot connect to Unity Package Manager local server
Mono: successfully reloaded assembly
- Finished resetting the current domain, in  1.069 seconds
Domain Reload Profiling: 1507ms
	BeginReloadAssembly (148ms)
		ExecutionOrderSort (0ms)
		DisableScriptedObjects (4ms)
		BackupInstance (0ms)
		ReleaseScriptingObjects (0ms)
		CreateAndSetChildDomain (39ms)
	RebuildCommonClasses (30ms)
	RebuildNativeTypeToScriptingClass (9ms)
	initialDomainReloadingComplete (24ms)
	LoadAllAssembliesAndSetupDomain (226ms)
		LoadAssemblies (270ms)
		RebuildTransferFunctionScriptingTraits (0ms)
		AnalyzeDomain (32ms)
			TypeCache.Refresh (11ms)
				TypeCache.ScanAssembly (0ms)
			ScanForSourceGeneratedMonoScriptInfo (0ms)
			ResolveRequiredComponents (19ms)
	FinalizeReload (1069ms)
		ReleaseScriptCaches (0ms)
		RebuildScriptCaches (0ms)
		SetupLoadedEditorAssemblies (489ms)
			LogAssemblyErrors (0ms)
			InitializePlatformSupportModulesInManaged (5ms)
			SetLoadedEditorAssemblies (3ms)
			RefreshPlugins (0ms)
			BeforeProcessingInitializeOnLoad (60ms)
			ProcessInitializeOnLoadAttributes (368ms)
			ProcessInitializeOnLoadMethodAttributes (50ms)
			AfterProcessingInitializeOnLoad (2ms)
			EditorAssembliesLoaded (0ms)
		ExecutionOrderSort2 (0ms)
		AwakeInstancesAfterBackupRestoration (10ms)
Refreshing native plugins compatible for Editor in 4.35 ms, found 3 plugins.
Preloading 0 native plugins for Editor in 0.00 ms.
Unloading 5698 Unused Serialized files (Serialized files now loaded: 0)
Unloading 21 unused Assets / (387.7 KB). Loaded Objects now: 6411.
Memory consumption went from 200.9 MB to 200.5 MB.
Total: 6.290200 ms (FindLiveObjects: 0.624600 ms CreateObjectMapping: 0.587400 ms MarkObjects: 4.923800 ms  DeleteObjects: 0.152800 ms)

Prepare: number of updated asset objects reloaded= 0
AssetImportParameters requested are different than current active one (requested -> active):
  custom:container-demuxer-ogg: 62fdf1f143b41e24485cea50d1cbac27 -> 
  custom:video-decoder-ogg-theora: a1e56fd34408186e4bbccfd4996cb3dc -> 
  custom:framework-win-MediaFoundation: 216162199b28c13a410421893ffa2e32 -> 
  custom:CustomObjectIndexerAttribute: 72b91833f83ae208fae7752999fa3104 -> 
  custom:container-demuxer-webm: 4f35f7cbe854078d1ac9338744f61a02 -> 
  custom:container-muxer-webm: aa71ff27fc2769a1b78a27578f13a17b -> 
  custom:video-decoder-webm-vp8: 9c59270c3fd7afecdb556c50c9e8de78 -> 
  custom:SearchIndexIgnoredProperties: e643bd26f0fe6173181afceb89e7c659 -> 
  custom:AudioImporter_EditorPlatform: d09bf68614088b80899f8185d706f6e7 -> 
  custom:video-encoder-webm-vp8: eb34c28f22e8b96e1ab97ce403110664 -> 
  custom:audio-decoder-ogg-vorbis: bf7c407c2cedff20999df2af8eb42d56 -> 
  custom:scripting/monoscript/fileName/Enemy_Boss_Vanguard.cs: 0b7ebf28fd2c95f0206d9ba88b7c6076 -> 
  custom:audio-encoder-webm-vorbis: bf7c407c2cedff20999df2af8eb42d56 -> 
========================================================================
Received Import Request.
  Time since last request: 5.782525 seconds.
  path: Assets/Prefab/Enemies/Enemy_Melee - Dodge Variant.prefab
  artifactKey: Guid(eb26f8c4b8117e94682eb65bac82264d) Importer(815301076,1909f56bfc062723c751e8b465ee728b)
Start importing Assets/Prefab/Enemies/Enemy_Melee - Dodge Variant.prefab using Guid(eb26f8c4b8117e94682eb65bac82264d) Importer(815301076,1909f56bfc062723c751e8b465ee728b) [PhysX] Initialized MultithreadedTaskDispatcher with 16 workers.
 -> (artifact id: '60e41fd1933186e9923f22ee43175919') in 0.002680 seconds
Number of updated asset objects reloaded before import = 0
Number of asset objects unloaded after import = 0
========================================================================
Received Import Request.
  Time since last request: 0.000058 seconds.
  path: Assets/Prefab/Enemies/Enemy_Melee - Regular Variant.prefab
  artifactKey: Guid(4ccd641749ccba642913f8660e96ae1e) Importer(815301076,1909f56bfc062723c751e8b465ee728b)
Start importing Assets/Prefab/Enemies/Enemy_Melee - Regular Variant.prefab using Guid(4ccd641749ccba642913f8660e96ae1e) Importer(815301076,1909f56bfc062723c751e8b465ee728b) [PhysX] Initialized MultithreadedTaskDispatcher with 16 workers.
 -> (artifact id: '365d3118da1293e60c07db46fa6deb9d') in 0.001000 seconds
Number of updated asset objects reloaded before import = 0
Number of asset objects unloaded after import = 0
========================================================================
Received Import Request.
  Time since last request: 527.183284 seconds.
  path: Assets/Models/Environment/Props/banch_light.prefab
  artifactKey: Guid(62b249061b4497f41a835522b3219b58) Importer(815301076,1909f56bfc062723c751e8b465ee728b)
Start importing Assets/Models/Environment/Props/banch_light.prefab using Guid(62b249061b4497f41a835522b3219b58) Importer(815301076,1909f56bfc062723c751e8b465ee728b) [PhysX] Initialized MultithreadedTaskDispatcher with 16 workers.
[PhysX] Initialized MultithreadedTaskDispatcher with 16 workers.
 -> (artifact id: '48c56e880f1092bd406a54895a222f91') in 0.350339 seconds
Number of updated asset objects reloaded before import = 0
Number of asset objects unloaded after import = 703
========================================================================
Received Import Request.
  Time since last request: 0.000064 seconds.
  path: Assets/Models/Environment/Props/chair_metallic_green.prefab
  artifactKey: Guid(1fb2d705da572024b8ce1fed2d3086e0) Importer(815301076,1909f56bfc062723c751e8b465ee728b)
Start importing Assets/Models/Environment/Props/chair_metallic_green.prefab using Guid(1fb2d705da572024b8ce1fed2d3086e0) Importer(815301076,1909f56bfc062723c751e8b465ee728b) [PhysX] Initialized MultithreadedTaskDispatcher with 16 workers.
[PhysX] Initialized MultithreadedTaskDispatcher with 16 workers.
 -> (artifact id: '8303b65122f3399d9b567c4779692780') in 0.031665 seconds
Number of updated asset objects reloaded before import = 0
Number of asset objects unloaded after import = 685
========================================================================
Received Import Request.
  Time since last request: 0.000051 seconds.
  path: Assets/Models/Environment/Props/car_disk_old.prefab
  artifactKey: Guid(63ad9e44716c4b8459015e1fccc61548) Importer(815301076,1909f56bfc062723c751e8b465ee728b)
Start importing Assets/Models/Environment/Props/car_disk_old.prefab using Guid(63ad9e44716c4b8459015e1fccc61548) Importer(815301076,1909f56bfc062723c751e8b465ee728b) [PhysX] Initialized MultithreadedTaskDispatcher with 16 workers.
[PhysX] Initialized MultithreadedTaskDispatcher with 16 workers.
 -> (artifact id: 'b540885cac01f1ea8b45b9fa2f2d6aca') in 0.036876 seconds
Number of updated asset objects reloaded before import = 0
Number of asset objects unloaded after import = 683
========================================================================
Received Import Request.
  Time since last request: 0.000035 seconds.
  path: Assets/Models/Environment/Props/concrete_block_brown.prefab
  artifactKey: Guid(b9663e80d79522248b0d997b3be34e74) Importer(815301076,1909f56bfc062723c751e8b465ee728b)
Start importing Assets/Models/Environment/Props/concrete_block_brown.prefab using Guid(b9663e80d79522248b0d997b3be34e74) Importer(815301076,1909f56bfc062723c751e8b465ee728b) [PhysX] Initialized MultithreadedTaskDispatcher with 16 workers.
[PhysX] Initialized MultithreadedTaskDispatcher with 16 workers.
 -> (artifact id: 'f53f9d82e81875afbfbc3b3826b1d4bc') in 0.031062 seconds
Number of updated asset objects reloaded before import = 0
Number of asset objects unloaded after import = 684
========================================================================
Received Import Request.
  Time since last request: 0.000043 seconds.
  path: Assets/Models/Environment/Props/fence_fair_3.prefab
  artifactKey: Guid(b47e802a984d0804193e6f8dc368db89) Importer(815301076,1909f56bfc062723c751e8b465ee728b)
Start importing Assets/Models/Environment/Props/fence_fair_3.prefab using Guid(b47e802a984d0804193e6f8dc368db89) Importer(815301076,1909f56bfc062723c751e8b465ee728b) [PhysX] Initialized MultithreadedTaskDispatcher with 16 workers.
[PhysX] Initialized MultithreadedTaskDispatcher with 16 workers.
 -> (artifact id: 'fdac800413a4129d3c5f2018fa1699ec') in 0.033449 seconds
Number of updated asset objects reloaded before import = 0
Number of asset objects unloaded after import = 683
========================================================================
Received Import Request.
  Time since last request: 0.000042 seconds.
  path: Assets/Models/Environment/Props/ladder_2_rusted.prefab
  artifactKey: Guid(b436dcd9076cf0843a2d0cb8f6995797) Importer(815301076,1909f56bfc062723c751e8b465ee728b)
Start importing Assets/Models/Environment/Props/ladder_2_rusted.prefab using Guid(b436dcd9076cf0843a2d0cb8f6995797) Importer(815301076,1909f56bfc062723c751e8b465ee728b) [PhysX] Initialized MultithreadedTaskDispatcher with 16 workers.
[PhysX] Initialized MultithreadedTaskDispatcher with 16 workers.
 -> (artifact id: '59c7c55dc2122d8b20296d4b27eb7ba3') in 0.033330 seconds
Number of updated asset objects reloaded before import = 0
Number of asset objects unloaded after import = 684
========================================================================
Received Import Request.
  Time since last request: 0.000029 seconds.
  path: Assets/Models/Environment/Props/fireplace.prefab
  artifactKey: Guid(2ef952619db9f3b4cba021d557fbc011) Importer(815301076,1909f56bfc062723c751e8b465ee728b)
Start importing Assets/Models/Environment/Props/fireplace.prefab using Guid(2ef952619db9f3b4cba021d557fbc011) Importer(815301076,1909f56bfc062723c751e8b465ee728b) [PhysX] Initialized MultithreadedTaskDispatcher with 16 workers.
[PhysX] Initialized MultithreadedTaskDispatcher with 16 workers.
 -> (artifact id: 'ea561d148ab0d48835dee3a4f757fd47') in 0.035189 seconds
Number of updated asset objects reloaded before import = 0
Number of asset objects unloaded after import = 682
========================================================================
Received Import Request.
  Time since last request: 0.000033 seconds.
  path: Assets/Models/Environment/Props/car_disk_new.prefab
  artifactKey: Guid(55613aacdfe76bd4c9693362dffeb209) Importer(815301076,1909f56bfc062723c751e8b465ee728b)
Start importing Assets/Models/Environment/Props/car_disk_new.prefab using Guid(55613aacdfe76bd4c9693362dffeb209) Importer(815301076,1909f56bfc062723c751e8b465ee728b) [PhysX] Initialized MultithreadedTaskDispatcher with 16 workers.
[PhysX] Initialized MultithreadedTaskDispatcher with 16 workers.
 -> (artifact id: '41f002389a22c19f243ecbddcb5d3f64') in 0.031130 seconds
Number of updated asset objects reloaded before import = 0
Number of asset objects unloaded after import = 683
========================================================================
Received Import Request.
  Time since last request: 0.000042 seconds.
  path: Assets/Models/Environment/Props/garbage_can_big.prefab
  artifactKey: Guid(4abe1440322e15e45a9c2fe3f58c5ca3) Importer(815301076,1909f56bfc062723c751e8b465ee728b)
Start importing Assets/Models/Environment/Props/garbage_can_big.prefab using Guid(4abe1440322e15e45a9c2fe3f58c5ca3) Importer(815301076,1909f56bfc062723c751e8b465ee728b) [PhysX] Initialized MultithreadedTaskDispatcher with 16 workers.
[PhysX] Initialized MultithreadedTaskDispatcher with 16 workers.
 -> (artifact id: '83a59724ef31dd9669bff065cbcba0be') in 0.036647 seconds
Number of updated asset objects reloaded before import = 0
Number of asset objects unloaded after import = 687
========================================================================
Received Import Request.
  Time since last request: 0.000031 seconds.
  path: Assets/Models/Environment/Props/garbage_can_blue.prefab
  artifactKey: Guid(4cd154bca69af1143831fbd557ab5957) Importer(815301076,1909f56bfc062723c751e8b465ee728b)
Start importing Assets/Models/Environment/Props/garbage_can_blue.prefab using Guid(4cd154bca69af1143831fbd557ab5957) Importer(815301076,1909f56bfc062723c751e8b465ee728b) [PhysX] Initialized MultithreadedTaskDispatcher with 16 workers.
[PhysX] Initialized MultithreadedTaskDispatcher with 16 workers.
 -> (artifact id: 'c7bacbeb8150761e39ff062db6b4c93d') in 0.039791 seconds
Number of updated asset objects reloaded before import = 0
Number of asset objects unloaded after import = 690
========================================================================
Received Import Request.
  Time since last request: 0.000044 seconds.
  path: Assets/Models/Environment/Props/bucket_green.prefab
  artifactKey: Guid(175a64db54dcb964587cb528c0fa0a5b) Importer(815301076,1909f56bfc062723c751e8b465ee728b)
Start importing Assets/Models/Environment/Props/bucket_green.prefab using Guid(175a64db54dcb964587cb528c0fa0a5b) Importer(815301076,1909f56bfc062723c751e8b465ee728b) [PhysX] Initialized MultithreadedTaskDispatcher with 16 workers.
[PhysX] Initialized MultithreadedTaskDispatcher with 16 workers.
 -> (artifact id: 'b842a9d271e314569da199f42a0c9775') in 0.029546 seconds
Number of updated asset objects reloaded before import = 0
Number of asset objects unloaded after import = 684
========================================================================
Received Import Request.
  Time since last request: 0.000051 seconds.
  path: Assets/Models/Environment/Props/fence_1.prefab
  artifactKey: Guid(32941518925a62f47a4db89e5e587840) Importer(815301076,1909f56bfc062723c751e8b465ee728b)
Start importing Assets/Models/Environment/Props/fence_1.prefab using Guid(32941518925a62f47a4db89e5e587840) Importer(815301076,1909f56bfc062723c751e8b465ee728b) [PhysX] Initialized MultithreadedTaskDispatcher with 16 workers.
[PhysX] Initialized MultithreadedTaskDispatcher with 16 workers.
 -> (artifact id: 'c2f83772ff38fcc0eafc4d1d2ac88153') in 0.036885 seconds
Number of updated asset objects reloaded before import = 0
Number of asset objects unloaded after import = 683
========================================================================
Received Import Request.
  Time since last request: 0.000051 seconds.
  path: Assets/Models/Environment/Props/chair_plastic_purple.prefab
  artifactKey: Guid(a9a7dda0f0ced444e8aa9545ca8343db) Importer(815301076,1909f56bfc062723c751e8b465ee728b)
Start importing Assets/Models/Environment/Props/chair_plastic_purple.prefab using Guid(a9a7dda0f0ced444e8aa9545ca8343db) Importer(815301076,1909f56bfc062723c751e8b465ee728b) [PhysX] Initialized MultithreadedTaskDispatcher with 16 workers.
[PhysX] Initialized MultithreadedTaskDispatcher with 16 workers.
 -> (artifact id: 'ff0cfabcc186a1c7453be85fd9c8c2e4') in 0.029471 seconds
Number of updated asset objects reloaded before import = 0
Number of asset objects unloaded after import = 685
========================================================================
Received Import Request.
  Time since last request: 0.000038 seconds.
  path: Assets/Models/Environment/Props/ladder_1_rusted.prefab
  artifactKey: Guid(6668c4f58cebd5e42b573e7694b37be6) Importer(815301076,1909f56bfc062723c751e8b465ee728b)
Start importing Assets/Models/Environment/Props/ladder_1_rusted.prefab using Guid(6668c4f58cebd5e42b573e7694b37be6) Importer(815301076,1909f56bfc062723c751e8b465ee728b) [PhysX] Initialized MultithreadedTaskDispatcher with 16 workers.
[PhysX] Initialized MultithreadedTaskDispatcher with 16 workers.
 -> (artifact id: 'f0aa40b5bcbb74d14c24b4f5b961aa6e') in 0.036069 seconds
Number of updated asset objects reloaded before import = 0
Number of asset objects unloaded after import = 684
========================================================================
Received Import Request.
  Time since last request: 0.000058 seconds.
  path: Assets/Models/Environment/Props/barrel_red.prefab
  artifactKey: Guid(0e24de3fc6459bb44910189eeed768c8) Importer(815301076,1909f56bfc062723c751e8b465ee728b)
Start importing Assets/Models/Environment/Props/barrel_red.prefab using Guid(0e24de3fc6459bb44910189eeed768c8) Importer(815301076,1909f56bfc062723c751e8b465ee728b) [PhysX] Initialized MultithreadedTaskDispatcher with 16 workers.
[PhysX] Initialized MultithreadedTaskDispatcher with 16 workers.
 -> (artifact id: '4b6ed72d83701a6f71279d1bd95cda43') in 0.034658 seconds
Number of updated asset objects reloaded before import = 0
Number of asset objects unloaded after import = 684
========================================================================
Received Import Request.
  Time since last request: 0.000037 seconds.
  path: Assets/Models/Environment/Props/chair_plastic_white.prefab
  artifactKey: Guid(1e73dd2c519123048b74ca271b3a95ed) Importer(815301076,1909f56bfc062723c751e8b465ee728b)
Start importing Assets/Models/Environment/Props/chair_plastic_white.prefab using Guid(1e73dd2c519123048b74ca271b3a95ed) Importer(815301076,1909f56bfc062723c751e8b465ee728b) [PhysX] Initialized MultithreadedTaskDispatcher with 16 workers.
[PhysX] Initialized MultithreadedTaskDispatcher with 16 workers.
 -> (artifact id: '045d6dcb572f57c40074ece9995b2a3e') in 0.039494 seconds
Number of updated asset objects reloaded before import = 0
Number of asset objects unloaded after import = 685
========================================================================
Received Import Request.
  Time since last request: 0.000058 seconds.
  path: Assets/Models/Environment/Props/fence_fair_1.prefab
  artifactKey: Guid(c167715ef3faded409d24734b5c6fbd7) Importer(815301076,1909f56bfc062723c751e8b465ee728b)
Start importing Assets/Models/Environment/Props/fence_fair_1.prefab using Guid(c167715ef3faded409d24734b5c6fbd7) Importer(815301076,1909f56bfc062723c751e8b465ee728b) [PhysX] Initialized MultithreadedTaskDispatcher with 16 workers.
[PhysX] Initialized MultithreadedTaskDispatcher with 16 workers.
 -> (artifact id: '7c339a2fec3f43d841f61a5adc45310a') in 0.033640 seconds
Number of updated asset objects reloaded before import = 0
Number of asset objects unloaded after import = 683
========================================================================
Received Import Request.
  Time since last request: 0.000042 seconds.
  path: Assets/Models/Environment/Props/garbage_bag_smooth.prefab
  artifactKey: Guid(8317009dcb2ed3447968676971b511bd) Importer(815301076,1909f56bfc062723c751e8b465ee728b)
Start importing Assets/Models/Environment/Props/garbage_bag_smooth.prefab using Guid(8317009dcb2ed3447968676971b511bd) Importer(815301076,1909f56bfc062723c751e8b465ee728b) [PhysX] Initialized MultithreadedTaskDispatcher with 16 workers.
[PhysX] Initialized MultithreadedTaskDispatcher with 16 workers.
 -> (artifact id: '87ed0e4db1fca16869682e89d4915c78') in 0.033174 seconds
Number of updated asset objects reloaded before import = 0
Number of asset objects unloaded after import = 684
========================================================================
Received Import Request.
  Time since last request: 0.000034 seconds.
  path: Assets/Models/Environment/Props/car_jack.prefab
  artifactKey: Guid(11a31e22344936c44a47623dc55aa02d) Importer(815301076,1909f56bfc062723c751e8b465ee728b)
Start importing Assets/Models/Environment/Props/car_jack.prefab using Guid(11a31e22344936c44a47623dc55aa02d) Importer(815301076,1909f56bfc062723c751e8b465ee728b) [PhysX] Initialized MultithreadedTaskDispatcher with 16 workers.
[PhysX] Initialized MultithreadedTaskDispatcher with 16 workers.
 -> (artifact id: '8ae564176bfa28f8a81029d76dbf6dcc') in 0.031461 seconds
Number of updated asset objects reloaded before import = 0
Number of asset objects unloaded after import = 683
========================================================================
Received Import Request.
  Time since last request: 0.000100 seconds.
  path: Assets/Models/Environment/Props/bathtub.prefab
  artifactKey: Guid(7116c9c8045868141a6d722d8a6c15de) Importer(815301076,1909f56bfc062723c751e8b465ee728b)
Start importing Assets/Models/Environment/Props/bathtub.prefab using Guid(7116c9c8045868141a6d722d8a6c15de) Importer(815301076,1909f56bfc062723c751e8b465ee728b) [PhysX] Initialized MultithreadedTaskDispatcher with 16 workers.
[PhysX] Initialized MultithreadedTaskDispatcher with 16 workers.
 -> (artifact id: 'b9394ef53026457ef6b0cb2159364aa7') in 0.032482 seconds
Number of updated asset objects reloaded before import = 0
Number of asset objects unloaded after import = 683
========================================================================
Received Import Request.
  Time since last request: 0.000051 seconds.
  path: Assets/Models/Environment/Props/concrete_block_grey.prefab
  artifactKey: Guid(026f7bee78ba4384b91fc63108a19ba7) Importer(815301076,1909f56bfc062723c751e8b465ee728b)
Start importing Assets/Models/Environment/Props/concrete_block_grey.prefab using Guid(026f7bee78ba4384b91fc63108a19ba7) Importer(815301076,1909f56bfc062723c751e8b465ee728b) [PhysX] Initialized MultithreadedTaskDispatcher with 16 workers.
[PhysX] Initialized MultithreadedTaskDispatcher with 16 workers.
 -> (artifact id: '41254a50a38e04cc7df145d1161aecde') in 0.031187 seconds
Number of updated asset objects reloaded before import = 0
Number of asset objects unloaded after import = 684
========================================================================
Received Import Request.
  Time since last request: 0.000032 seconds.
  path: Assets/Models/Environment/Props/mail_box_black.prefab
  artifactKey: Guid(a1d2b93d6b5696f4abf2fd903e80e48b) Importer(815301076,1909f56bfc062723c751e8b465ee728b)
Start importing Assets/Models/Environment/Props/mail_box_black.prefab using Guid(a1d2b93d6b5696f4abf2fd903e80e48b) Importer(815301076,1909f56bfc062723c751e8b465ee728b) [PhysX] Initialized MultithreadedTaskDispatcher with 16 workers.
[PhysX] Initialized MultithreadedTaskDispatcher with 16 workers.
 -> (artifact id: 'd29070cf20dd8dfb53cbed8c69a7d2eb') in 0.037360 seconds
Number of updated asset objects reloaded before import = 0
Number of asset objects unloaded after import = 690
========================================================================
Received Import Request.
  Time since last request: 0.000099 seconds.
  path: Assets/Models/Environment/Props/garbage_bin_blue.prefab
  artifactKey: Guid(cccff4358b6e93a44b0e3ec3fb540adc) Importer(815301076,1909f56bfc062723c751e8b465ee728b)
Start importing Assets/Models/Environment/Props/garbage_bin_blue.prefab using Guid(cccff4358b6e93a44b0e3ec3fb540adc) Importer(815301076,1909f56bfc062723c751e8b465ee728b) [PhysX] Initialized MultithreadedTaskDispatcher with 16 workers.
[PhysX] Initialized MultithreadedTaskDispatcher with 16 workers.
 -> (artifact id: '1f866d842df77eeeaa62d45dd6533870') in 0.035935 seconds
Number of updated asset objects reloaded before import = 0
Number of asset objects unloaded after import = 690
========================================================================
Received Import Request.
  Time since last request: 0.000041 seconds.
  path: Assets/Models/Environment/Props/barrel_red_empty.prefab
  artifactKey: Guid(fd5f9b5645b3c4f41822269f1833ce60) Importer(815301076,1909f56bfc062723c751e8b465ee728b)
Start importing Assets/Models/Environment/Props/barrel_red_empty.prefab using Guid(fd5f9b5645b3c4f41822269f1833ce60) Importer(815301076,1909f56bfc062723c751e8b465ee728b) [PhysX] Initialized MultithreadedTaskDispatcher with 16 workers.
[PhysX] Initialized MultithreadedTaskDispatcher with 16 workers.
 -> (artifact id: 'ae84b81909cf2d23448912ca6c78c7d7') in 0.029361 seconds
Number of updated asset objects reloaded before import = 0
Number of asset objects unloaded after import = 684
========================================================================
Received Import Request.
  Time since last request: 0.000029 seconds.
  path: Assets/Models/Environment/Props/box_paper_1.prefab
  artifactKey: Guid(792216484141ebf4d89ba64d9daf45db) Importer(815301076,1909f56bfc062723c751e8b465ee728b)
Start importing Assets/Models/Environment/Props/box_paper_1.prefab using Guid(792216484141ebf4d89ba64d9daf45db) Importer(815301076,1909f56bfc062723c751e8b465ee728b) [PhysX] Initialized MultithreadedTaskDispatcher with 16 workers.
[PhysX] Initialized MultithreadedTaskDispatcher with 16 workers.
 -> (artifact id: '829ccd27596a3ad62585a4ee9662e6a0') in 0.029762 seconds
Number of updated asset objects reloaded before import = 0
Number of asset objects unloaded after import = 684
========================================================================
Received Import Request.
  Time since last request: 0.314557 seconds.
  path: Assets/Models/Environment/Props/mill.prefab
  artifactKey: Guid(9605eb1fa03b39b46ac7d84c5428c317) Importer(815301076,1909f56bfc062723c751e8b465ee728b)
Start importing Assets/Models/Environment/Props/mill.prefab using Guid(9605eb1fa03b39b46ac7d84c5428c317) Importer(815301076,1909f56bfc062723c751e8b465ee728b) [PhysX] Initialized MultithreadedTaskDispatcher with 16 workers.
[PhysX] Initialized MultithreadedTaskDispatcher with 16 workers.
 -> (artifact id: 'eda13fb8522a4cad93dfd06a99ef12fc') in 0.025090 seconds
Number of updated asset objects reloaded before import = 0
Number of asset objects unloaded after import = 695
========================================================================
Received Import Request.
  Time since last request: 0.000021 seconds.
  path: Assets/Models/Environment/Props/rail_1_rusted.prefab
  artifactKey: Guid(96c30e610387c764ebb21f39ea007a30) Importer(815301076,1909f56bfc062723c751e8b465ee728b)
Start importing Assets/Models/Environment/Props/rail_1_rusted.prefab using Guid(96c30e610387c764ebb21f39ea007a30) Importer(815301076,1909f56bfc062723c751e8b465ee728b) [PhysX] Initialized MultithreadedTaskDispatcher with 16 workers.
[PhysX] Initialized MultithreadedTaskDispatcher with 16 workers.
 -> (artifact id: 'ede8d719b8884a689aeedee6271f6729') in 0.031650 seconds
Number of updated asset objects reloaded before import = 0
Number of asset objects unloaded after import = 684
========================================================================
Received Import Request.
  Time since last request: 0.000023 seconds.
  path: Assets/Models/Environment/Props/road_cone.prefab
  artifactKey: Guid(32514db21cf38bf408539ee00b781be3) Importer(815301076,1909f56bfc062723c751e8b465ee728b)
Start importing Assets/Models/Environment/Props/road_cone.prefab using Guid(32514db21cf38bf408539ee00b781be3) Importer(815301076,1909f56bfc062723c751e8b465ee728b) [PhysX] Initialized MultithreadedTaskDispatcher with 16 workers.
[PhysX] Initialized MultithreadedTaskDispatcher with 16 workers.
 -> (artifact id: '3a7bb40d27bea48f4b778df3a88db2ed') in 0.027932 seconds
Number of updated asset objects reloaded before import = 0
Number of asset objects unloaded after import = 684
========================================================================
Received Import Request.
  Time since last request: 0.000023 seconds.
  path: Assets/Models/Environment/Props/stool_child_red.prefab
  artifactKey: Guid(280ebbf7c8082ce4d882c3341d314e7b) Importer(815301076,1909f56bfc062723c751e8b465ee728b)
Start importing Assets/Models/Environment/Props/stool_child_red.prefab using Guid(280ebbf7c8082ce4d882c3341d314e7b) Importer(815301076,1909f56bfc062723c751e8b465ee728b) [PhysX] Initialized MultithreadedTaskDispatcher with 16 workers.
[PhysX] Initialized MultithreadedTaskDispatcher with 16 workers.
 -> (artifact id: 'b303a938eec275d113d0247c7e3c2d1a') in 0.027782 seconds
Number of updated asset objects reloaded before import = 0
Number of asset objects unloaded after import = 684
========================================================================
Received Import Request.
  Time since last request: 0.000031 seconds.
  path: Assets/Models/Environment/Props/truck_trampoline.prefab
  artifactKey: Guid(3dc4297249402e14bb3b4860f047bb43) Importer(815301076,1909f56bfc062723c751e8b465ee728b)
Start importing Assets/Models/Environment/Props/truck_trampoline.prefab using Guid(3dc4297249402e14bb3b4860f047bb43) Importer(815301076,1909f56bfc062723c751e8b465ee728b) [PhysX] Initialized MultithreadedTaskDispatcher with 16 workers.
[PhysX] Initialized MultithreadedTaskDispatcher with 16 workers.
 -> (artifact id: '203a31bef5789b047081f5a25218415f') in 0.026939 seconds
Number of updated asset objects reloaded before import = 0
Number of asset objects unloaded after import = 683
========================================================================
Received Import Request.
  Time since last request: 0.000030 seconds.
  path: Assets/Models/Environment/Props/slate_light_brown.prefab
  artifactKey: Guid(dc4e23b0f822524459757c1ea0194c19) Importer(815301076,1909f56bfc062723c751e8b465ee728b)
Start importing Assets/Models/Environment/Props/slate_light_brown.prefab using Guid(dc4e23b0f822524459757c1ea0194c19) Importer(815301076,1909f56bfc062723c751e8b465ee728b) [PhysX] Initialized MultithreadedTaskDispatcher with 16 workers.
[PhysX] Initialized MultithreadedTaskDispatcher with 16 workers.
 -> (artifact id: '73512e470f3e261766204231c08a9a4e') in 0.025434 seconds
Number of updated asset objects reloaded before import = 0
Number of asset objects unloaded after import = 684
========================================================================
Received Import Request.
  Time since last request: 0.000031 seconds.
  path: Assets/Models/Environment/Props/slate_dark_grey.prefab
  artifactKey: Guid(97d7b1864e40c774d9c08e209a9d5c4f) Importer(815301076,1909f56bfc062723c751e8b465ee728b)
Start importing Assets/Models/Environment/Props/slate_dark_grey.prefab using Guid(97d7b1864e40c774d9c08e209a9d5c4f) Importer(815301076,1909f56bfc062723c751e8b465ee728b) [PhysX] Initialized MultithreadedTaskDispatcher with 16 workers.
[PhysX] Initialized MultithreadedTaskDispatcher with 16 workers.
 -> (artifact id: 'fec7c8461b1df460cd07db8eff7f448a') in 0.024970 seconds
Number of updated asset objects reloaded before import = 0
Number of asset objects unloaded after import = 684
========================================================================
Received Import Request.
  Time since last request: 0.000024 seconds.
  path: Assets/Models/Environment/Props/solar_panel_roof_2.prefab
  artifactKey: Guid(694086c0b7cbf24449aa86b929f4f80d) Importer(815301076,1909f56bfc062723c751e8b465ee728b)
Start importing Assets/Models/Environment/Props/solar_panel_roof_2.prefab using Guid(694086c0b7cbf24449aa86b929f4f80d) Importer(815301076,1909f56bfc062723c751e8b465ee728b) [PhysX] Initialized MultithreadedTaskDispatcher with 16 workers.
[PhysX] Initialized MultithreadedTaskDispatcher with 16 workers.
 -> (artifact id: 'a33e4fe81d29708c616ba5624c28fc62') in 0.027085 seconds
Number of updated asset objects reloaded before import = 0
Number of asset objects unloaded after import = 683
========================================================================
Received Import Request.
  Time since last request: 0.000024 seconds.
  path: Assets/Models/Environment/Props/road_sign_stop.prefab
  artifactKey: Guid(7d084d45ce0233b409b30e5eccf00595) Importer(815301076,1909f56bfc062723c751e8b465ee728b)
Start importing Assets/Models/Environment/Props/road_sign_stop.prefab using Guid(7d084d45ce0233b409b30e5eccf00595) Importer(815301076,1909f56bfc062723c751e8b465ee728b) [PhysX] Initialized MultithreadedTaskDispatcher with 16 workers.
[PhysX] Initialized MultithreadedTaskDispatcher with 16 workers.
 -> (artifact id: '7cadc6861a898af5da4f4b1420babffe') in 0.029459 seconds
Number of updated asset objects reloaded before import = 0
Number of asset objects unloaded after import = 684
========================================================================
Received Import Request.
  Time since last request: 0.000036 seconds.
  path: Assets/Models/Environment/Props/single_wheel_small.prefab
  artifactKey: Guid(a4624e4e483ca7048a395e6f87fa081b) Importer(815301076,1909f56bfc062723c751e8b465ee728b)
Start importing Assets/Models/Environment/Props/single_wheel_small.prefab using Guid(a4624e4e483ca7048a395e6f87fa081b) Importer(815301076,1909f56bfc062723c751e8b465ee728b) [PhysX] Initialized MultithreadedTaskDispatcher with 16 workers.
[PhysX] Initialized MultithreadedTaskDispatcher with 16 workers.
 -> (artifact id: '96b77791f9a9a9b1a7586bea4788ec7a') in 0.027384 seconds
Number of updated asset objects reloaded before import = 0
Number of asset objects unloaded after import = 684
========================================================================
Received Import Request.
  Time since last request: 0.000027 seconds.
  path: Assets/Models/Environment/Props/single_wheel_big.prefab
  artifactKey: Guid(8572e71169a7eda46a1b7f3b2fee780c) Importer(815301076,1909f56bfc062723c751e8b465ee728b)
Start importing Assets/Models/Environment/Props/single_wheel_big.prefab using Guid(8572e71169a7eda46a1b7f3b2fee780c) Importer(815301076,1909f56bfc062723c751e8b465ee728b) [PhysX] Initialized MultithreadedTaskDispatcher with 16 workers.
[PhysX] Initialized MultithreadedTaskDispatcher with 16 workers.
 -> (artifact id: '73f48fbfb8eccb43a5f047b87e7df61f') in 0.026976 seconds
Number of updated asset objects reloaded before import = 0
Number of asset objects unloaded after import = 684
========================================================================
Received Import Request.
  Time since last request: 0.000033 seconds.
  path: Assets/Models/Environment/Props/table_3.prefab
  artifactKey: Guid(a8ef6798d2ed80544965fde5ec2d2b77) Importer(815301076,1909f56bfc062723c751e8b465ee728b)
Start importing Assets/Models/Environment/Props/table_3.prefab using Guid(a8ef6798d2ed80544965fde5ec2d2b77) Importer(815301076,1909f56bfc062723c751e8b465ee728b) [PhysX] Initialized MultithreadedTaskDispatcher with 16 workers.
[PhysX] Initialized MultithreadedTaskDispatcher with 16 workers.
 -> (artifact id: 'b7a92982433a881a0335a11f1b36e041') in 0.025215 seconds
Number of updated asset objects reloaded before import = 0
Number of asset objects unloaded after import = 702
========================================================================
Received Import Request.
  Time since last request: 0.000028 seconds.
  path: Assets/Models/Environment/Props/tire_1.prefab
  artifactKey: Guid(779db3eb523225d48ae1fcbea3c68fb3) Importer(815301076,1909f56bfc062723c751e8b465ee728b)
Start importing Assets/Models/Environment/Props/tire_1.prefab using Guid(779db3eb523225d48ae1fcbea3c68fb3) Importer(815301076,1909f56bfc062723c751e8b465ee728b) [PhysX] Initialized MultithreadedTaskDispatcher with 16 workers.
[PhysX] Initialized MultithreadedTaskDispatcher with 16 workers.
 -> (artifact id: '5abf0afe44f6365a8b4a8617605e8239') in 0.028869 seconds
Number of updated asset objects reloaded before import = 0
Number of asset objects unloaded after import = 684
========================================================================
Received Import Request.
  Time since last request: 0.000023 seconds.
  path: Assets/Models/Environment/Props/stool_child_orange.prefab
  artifactKey: Guid(9025db8ef8884d242b542beb4f1217e4) Importer(815301076,1909f56bfc062723c751e8b465ee728b)
Start importing Assets/Models/Environment/Props/stool_child_orange.prefab using Guid(9025db8ef8884d242b542beb4f1217e4) Importer(815301076,1909f56bfc062723c751e8b465ee728b) [PhysX] Initialized MultithreadedTaskDispatcher with 16 workers.
[PhysX] Initialized MultithreadedTaskDispatcher with 16 workers.
 -> (artifact id: 'd4ba712b89f543f9ed506d917efe6885') in 0.026229 seconds
Number of updated asset objects reloaded before import = 0
Number of asset objects unloaded after import = 684
========================================================================
Received Import Request.
  Time since last request: 0.000026 seconds.
  path: Assets/Models/Environment/Props/road_blocks_yellow.prefab
  artifactKey: Guid(996f37b1e670d6e4a8f48fd401ef2953) Importer(815301076,1909f56bfc062723c751e8b465ee728b)
Start importing Assets/Models/Environment/Props/road_blocks_yellow.prefab using Guid(996f37b1e670d6e4a8f48fd401ef2953) Importer(815301076,1909f56bfc062723c751e8b465ee728b) [PhysX] Initialized MultithreadedTaskDispatcher with 16 workers.
[PhysX] Initialized MultithreadedTaskDispatcher with 16 workers.
 -> (artifact id: 'f019fb5d1eb0a1f1832537b3d19325f5') in 0.023976 seconds
Number of updated asset objects reloaded before import = 0
Number of asset objects unloaded after import = 684
========================================================================
Received Import Request.
  Time since last request: 0.000057 seconds.
  path: Assets/Models/Environment/Props/slate_graffiti_2.prefab
  artifactKey: Guid(ef3f3de08837dac4d99e8d2c582e3a2a) Importer(815301076,1909f56bfc062723c751e8b465ee728b)
Start importing Assets/Models/Environment/Props/slate_graffiti_2.prefab using Guid(ef3f3de08837dac4d99e8d2c582e3a2a) Importer(815301076,1909f56bfc062723c751e8b465ee728b) [PhysX] Initialized MultithreadedTaskDispatcher with 16 workers.
[PhysX] Initialized MultithreadedTaskDispatcher with 16 workers.
 -> (artifact id: 'd9fb0146edae85c0ec2f512caf1162fd') in 0.033294 seconds
Number of updated asset objects reloaded before import = 0
Number of asset objects unloaded after import = 684
========================================================================
Received Import Request.
  Time since last request: 0.000023 seconds.
  path: Assets/Models/Environment/Props/sofa_green.prefab
  artifactKey: Guid(0f0a139756795d0408b0896602918cfe) Importer(815301076,1909f56bfc062723c751e8b465ee728b)
Start importing Assets/Models/Environment/Props/sofa_green.prefab using Guid(0f0a139756795d0408b0896602918cfe) Importer(815301076,1909f56bfc062723c751e8b465ee728b) [PhysX] Initialized MultithreadedTaskDispatcher with 16 workers.
[PhysX] Initialized MultithreadedTaskDispatcher with 16 workers.
 -> (artifact id: 'da04b04df35ec689ff1adea0fbaf9916') in 0.027148 seconds
Number of updated asset objects reloaded before import = 0
Number of asset objects unloaded after import = 686
========================================================================
Received Import Request.
  Time since last request: 0.000031 seconds.
  path: Assets/Models/Environment/Props/water_hose_blue.prefab
  artifactKey: Guid(81ddf14cb1a43844d8a401b59aff2946) Importer(815301076,1909f56bfc062723c751e8b465ee728b)
Start importing Assets/Models/Environment/Props/water_hose_blue.prefab using Guid(81ddf14cb1a43844d8a401b59aff2946) Importer(815301076,1909f56bfc062723c751e8b465ee728b) [PhysX] Initialized MultithreadedTaskDispatcher with 16 workers.
[PhysX] Initialized MultithreadedTaskDispatcher with 16 workers.
 -> (artifact id: '6ada4e85eb2494ea62dca5f17e72ef9c') in 0.030365 seconds
Number of updated asset objects reloaded before import = 0
Number of asset objects unloaded after import = 682
========================================================================
Received Import Request.
  Time since last request: 0.000046 seconds.
  path: Assets/Models/Environment/Props/rail_1_black.prefab
  artifactKey: Guid(329b8c2e4b3851c43b3d49305e55a891) Importer(815301076,1909f56bfc062723c751e8b465ee728b)
Start importing Assets/Models/Environment/Props/rail_1_black.prefab using Guid(329b8c2e4b3851c43b3d49305e55a891) Importer(815301076,1909f56bfc062723c751e8b465ee728b) [PhysX] Initialized MultithreadedTaskDispatcher with 16 workers.
[PhysX] Initialized MultithreadedTaskDispatcher with 16 workers.
 -> (artifact id: '3186d8a0654be06cc78e134f033c44fb') in 0.030060 seconds
Number of updated asset objects reloaded before import = 0
Number of asset objects unloaded after import = 684
========================================================================
Received Import Request.
  Time since last request: 0.000029 seconds.
  path: Assets/Models/Environment/Props/solar_panel_roof.prefab
  artifactKey: Guid(0ac361a40c947ad48b30d4227e13e3c2) Importer(815301076,1909f56bfc062723c751e8b465ee728b)
Start importing Assets/Models/Environment/Props/solar_panel_roof.prefab using Guid(0ac361a40c947ad48b30d4227e13e3c2) Importer(815301076,1909f56bfc062723c751e8b465ee728b) [PhysX] Initialized MultithreadedTaskDispatcher with 16 workers.
[PhysX] Initialized MultithreadedTaskDispatcher with 16 workers.
 -> (artifact id: 'd17ddf0cab796f5c0cb53f292130058d') in 0.030035 seconds
Number of updated asset objects reloaded before import = 0
Number of asset objects unloaded after import = 683
========================================================================
Received Import Request.
  Time since last request: 0.000025 seconds.
  path: Assets/Models/Environment/Props/stool_wooden_1.prefab
  artifactKey: Guid(41bcb00323410284eabc2a151707ae1f) Importer(815301076,1909f56bfc062723c751e8b465ee728b)
Start importing Assets/Models/Environment/Props/stool_wooden_1.prefab using Guid(41bcb00323410284eabc2a151707ae1f) Importer(815301076,1909f56bfc062723c751e8b465ee728b) [PhysX] Initialized MultithreadedTaskDispatcher with 16 workers.
[PhysX] Initialized MultithreadedTaskDispatcher with 16 workers.
 -> (artifact id: '2be9ad2b2ea34fd42518f9b04611b3b4') in 0.025233 seconds
Number of updated asset objects reloaded before import = 0
Number of asset objects unloaded after import = 691
========================================================================
Received Import Request.
  Time since last request: 0.000031 seconds.
  path: Assets/Models/Environment/Props/stool_wooden_2.prefab
  artifactKey: Guid(661cbb3f394c5fc4194b3158c7bfea23) Importer(815301076,1909f56bfc062723c751e8b465ee728b)
Start importing Assets/Models/Environment/Props/stool_wooden_2.prefab using Guid(661cbb3f394c5fc4194b3158c7bfea23) Importer(815301076,1909f56bfc062723c751e8b465ee728b) [PhysX] Initialized MultithreadedTaskDispatcher with 16 workers.
[PhysX] Initialized MultithreadedTaskDispatcher with 16 workers.
 -> (artifact id: '0b9b68e1dd3d029b81ef99c20a924eb6') in 0.028404 seconds
Number of updated asset objects reloaded before import = 0
Number of asset objects unloaded after import = 686
========================================================================
Received Import Request.
  Time since last request: 4.430158 seconds.
  path: Assets/Models/Environment/RV's/RV_trailer_1_red.prefab
  artifactKey: Guid(8b87c301af7963045a136c1fa47e26ca) Importer(815301076,1909f56bfc062723c751e8b465ee728b)
Start importing Assets/Models/Environment/RV's/RV_trailer_1_red.prefab using Guid(8b87c301af7963045a136c1fa47e26ca) Importer(815301076,1909f56bfc062723c751e8b465ee728b) [PhysX] Initialized MultithreadedTaskDispatcher with 16 workers.
[PhysX] Initialized MultithreadedTaskDispatcher with 16 workers.
 -> (artifact id: 'dd336145dfc320c8afb981cdfc290bed') in 0.018513 seconds
Number of updated asset objects reloaded before import = 0
Number of asset objects unloaded after import = 54
========================================================================
Received Import Request.
  Time since last request: 0.000025 seconds.
  path: Assets/Models/Environment/RV's/RV_trailer_3_grey.prefab
  artifactKey: Guid(3ab933ef71d565e4bb08b90879f7acfe) Importer(815301076,1909f56bfc062723c751e8b465ee728b)
Start importing Assets/Models/Environment/RV's/RV_trailer_3_grey.prefab using Guid(3ab933ef71d565e4bb08b90879f7acfe) Importer(815301076,1909f56bfc062723c751e8b465ee728b) [PhysX] Initialized MultithreadedTaskDispatcher with 16 workers.
[PhysX] Initialized MultithreadedTaskDispatcher with 16 workers.
 -> (artifact id: '0ded93d2bac2849dbc4e3edee1971105') in 0.019327 seconds
Number of updated asset objects reloaded before import = 0
Number of asset objects unloaded after import = 53
========================================================================
Received Import Request.
  Time since last request: 0.000025 seconds.
  path: Assets/Models/Environment/RV's/RV_trailer_4_white.prefab
  artifactKey: Guid(032561de2457fde4e98c9167bcc8aa06) Importer(815301076,1909f56bfc062723c751e8b465ee728b)
Start importing Assets/Models/Environment/RV's/RV_trailer_4_white.prefab using Guid(032561de2457fde4e98c9167bcc8aa06) Importer(815301076,1909f56bfc062723c751e8b465ee728b) [PhysX] Initialized MultithreadedTaskDispatcher with 16 workers.
[PhysX] Initialized MultithreadedTaskDispatcher with 16 workers.
 -> (artifact id: '15d83387a83be2be6a2aa1c89f0e3ac3') in 0.021346 seconds
Number of updated asset objects reloaded before import = 0
Number of asset objects unloaded after import = 54
========================================================================
Received Import Request.
  Time since last request: 0.000038 seconds.
  path: Assets/Models/Environment/RV's/RV_trailer_3_gold.prefab
  artifactKey: Guid(d65283bb54836a44da55b73e7e986f18) Importer(815301076,1909f56bfc062723c751e8b465ee728b)
Start importing Assets/Models/Environment/RV's/RV_trailer_3_gold.prefab using Guid(d65283bb54836a44da55b73e7e986f18) Importer(815301076,1909f56bfc062723c751e8b465ee728b) [PhysX] Initialized MultithreadedTaskDispatcher with 16 workers.
[PhysX] Initialized MultithreadedTaskDispatcher with 16 workers.
 -> (artifact id: '5b74561957600a252c525d51443c80cf') in 0.023971 seconds
Number of updated asset objects reloaded before import = 0
Number of asset objects unloaded after import = 53
========================================================================
Received Import Request.
  Time since last request: 8.445693 seconds.
  path: Assets/Models/Environment/Nature/cactus_2.prefab
  artifactKey: Guid(9b0c7e945e66f7b4191b7ea6b6cc999e) Importer(815301076,1909f56bfc062723c751e8b465ee728b)
Start importing Assets/Models/Environment/Nature/cactus_2.prefab using Guid(9b0c7e945e66f7b4191b7ea6b6cc999e) Importer(815301076,1909f56bfc062723c751e8b465ee728b) [PhysX] Initialized MultithreadedTaskDispatcher with 16 workers.
[PhysX] Initialized MultithreadedTaskDispatcher with 16 workers.
 -> (artifact id: '59be5b940c17d2b5bc05bb0d6fe68329') in 0.020006 seconds
Number of updated asset objects reloaded before import = 0
Number of asset objects unloaded after import = 193
========================================================================
Received Import Request.
  Time since last request: 0.000020 seconds.
  path: Assets/Models/Environment/Nature/desert_rock_4.prefab
  artifactKey: Guid(d1ecc037f0ab6cc48a417a3386622842) Importer(815301076,1909f56bfc062723c751e8b465ee728b)
Start importing Assets/Models/Environment/Nature/desert_rock_4.prefab using Guid(d1ecc037f0ab6cc48a417a3386622842) Importer(815301076,1909f56bfc062723c751e8b465ee728b) [PhysX] Initialized MultithreadedTaskDispatcher with 16 workers.
[PhysX] Initialized MultithreadedTaskDispatcher with 16 workers.
 -> (artifact id: '1ef61c1a2b32957874a126d4bb450aa7') in 0.016707 seconds
Number of updated asset objects reloaded before import = 0
Number of asset objects unloaded after import = 193
========================================================================
Received Import Request.
  Time since last request: 0.000026 seconds.
  path: Assets/Models/Environment/Nature/desert_stone_2.prefab
  artifactKey: Guid(486c877e0086c5046ab062d95cff2aa5) Importer(815301076,1909f56bfc062723c751e8b465ee728b)
Start importing Assets/Models/Environment/Nature/desert_stone_2.prefab using Guid(486c877e0086c5046ab062d95cff2aa5) Importer(815301076,1909f56bfc062723c751e8b465ee728b) [PhysX] Initialized MultithreadedTaskDispatcher with 16 workers.
[PhysX] Initialized MultithreadedTaskDispatcher with 16 workers.
 -> (artifact id: 'dcc8e5ca948b2356b1d1f364792d4526') in 0.016303 seconds
Number of updated asset objects reloaded before import = 0
Number of asset objects unloaded after import = 193
========================================================================
Received Import Request.
  Time since last request: 0.000037 seconds.
  path: Assets/Models/Environment/Nature/desert_rock_7.prefab
  artifactKey: Guid(8ff6de8849be34c4f8b52e8ce2d3038f) Importer(815301076,1909f56bfc062723c751e8b465ee728b)
Start importing Assets/Models/Environment/Nature/desert_rock_7.prefab using Guid(8ff6de8849be34c4f8b52e8ce2d3038f) Importer(815301076,1909f56bfc062723c751e8b465ee728b) [PhysX] Initialized MultithreadedTaskDispatcher with 16 workers.
[PhysX] Initialized MultithreadedTaskDispatcher with 16 workers.
 -> (artifact id: '75149af6c8cb4f8bf3f15a944af69599') in 0.016648 seconds
Number of updated asset objects reloaded before import = 0
Number of asset objects unloaded after import = 193
========================================================================
Received Import Request.
  Time since last request: 0.000037 seconds.
  path: Assets/Models/Environment/Nature/desert_rock_5.prefab
  artifactKey: Guid(115635786b7dd574c9cc2ded5464b75a) Importer(815301076,1909f56bfc062723c751e8b465ee728b)
Start importing Assets/Models/Environment/Nature/desert_rock_5.prefab using Guid(115635786b7dd574c9cc2ded5464b75a) Importer(815301076,1909f56bfc062723c751e8b465ee728b) [PhysX] Initialized MultithreadedTaskDispatcher with 16 workers.
[PhysX] Initialized MultithreadedTaskDispatcher with 16 workers.
 -> (artifact id: '10091bdf8fd3f9aca59781a0f23750b1') in 0.016071 seconds
Number of updated asset objects reloaded before import = 0
Number of asset objects unloaded after import = 193
========================================================================
Received Import Request.
  Time since last request: 0.000022 seconds.
  path: Assets/Models/Environment/Nature/desert_rock_10.prefab
  artifactKey: Guid(c49578018e0a7bb4c8bb8902e0460a4c) Importer(815301076,1909f56bfc062723c751e8b465ee728b)
Start importing Assets/Models/Environment/Nature/desert_rock_10.prefab using Guid(c49578018e0a7bb4c8bb8902e0460a4c) Importer(815301076,1909f56bfc062723c751e8b465ee728b) [PhysX] Initialized MultithreadedTaskDispatcher with 16 workers.
[PhysX] Initialized MultithreadedTaskDispatcher with 16 workers.
 -> (artifact id: '3f62c9cce6da335d718aec9e2b1cf200') in 0.018271 seconds
Number of updated asset objects reloaded before import = 0
Number of asset objects unloaded after import = 193
========================================================================
Received Import Request.
  Time since last request: 0.000038 seconds.
  path: Assets/Models/Environment/Nature/tree.prefab
  artifactKey: Guid(f870df45fe0ec214a8924239c76de8f9) Importer(815301076,1909f56bfc062723c751e8b465ee728b)
Start importing Assets/Models/Environment/Nature/tree.prefab using Guid(f870df45fe0ec214a8924239c76de8f9) Importer(815301076,1909f56bfc062723c751e8b465ee728b) [PhysX] Initialized MultithreadedTaskDispatcher with 16 workers.
[PhysX] Initialized MultithreadedTaskDispatcher with 16 workers.
 -> (artifact id: '15b7e8e0a09b1f215a83cc77fa7378da') in 0.021774 seconds
Number of updated asset objects reloaded before import = 0
Number of asset objects unloaded after import = 192
========================================================================
Received Import Request.
  Time since last request: 0.000032 seconds.
  path: Assets/Models/Environment/Nature/tree_1.prefab
  artifactKey: Guid(f7e3f552162a5a04ea1335c65bfddf4f) Importer(815301076,1909f56bfc062723c751e8b465ee728b)
Start importing Assets/Models/Environment/Nature/tree_1.prefab using Guid(f7e3f552162a5a04ea1335c65bfddf4f) Importer(815301076,1909f56bfc062723c751e8b465ee728b) [PhysX] Initialized MultithreadedTaskDispatcher with 16 workers.
[PhysX] Initialized MultithreadedTaskDispatcher with 16 workers.
 -> (artifact id: '85ea9142f44720bf9a875c70118a856e') in 0.019173 seconds
Number of updated asset objects reloaded before import = 0
Number of asset objects unloaded after import = 192
========================================================================
Received Import Request.
  Time since last request: 0.000026 seconds.
  path: Assets/Models/Environment/Nature/sandrock_2.prefab
  artifactKey: Guid(4d2e1a1896c9c7c46a1a6c1d70bc5396) Importer(815301076,1909f56bfc062723c751e8b465ee728b)
Start importing Assets/Models/Environment/Nature/sandrock_2.prefab using Guid(4d2e1a1896c9c7c46a1a6c1d70bc5396) Importer(815301076,1909f56bfc062723c751e8b465ee728b) [PhysX] Initialized MultithreadedTaskDispatcher with 16 workers.
[PhysX] Initialized MultithreadedTaskDispatcher with 16 workers.
 -> (artifact id: 'c8ba70c4f4615813d42b3316c0520534') in 0.019622 seconds
Number of updated asset objects reloaded before import = 0
Number of asset objects unloaded after import = 193
========================================================================
Received Import Request.
  Time since last request: 0.000026 seconds.
  path: Assets/Models/Environment/Nature/cactus_5.prefab
  artifactKey: Guid(3f61f4467c3b4e34283b5ef18fe946ea) Importer(815301076,1909f56bfc062723c751e8b465ee728b)
Start importing Assets/Models/Environment/Nature/cactus_5.prefab using Guid(3f61f4467c3b4e34283b5ef18fe946ea) Importer(815301076,1909f56bfc062723c751e8b465ee728b) [PhysX] Initialized MultithreadedTaskDispatcher with 16 workers.
[PhysX] Initialized MultithreadedTaskDispatcher with 16 workers.
 -> (artifact id: '90ea0ef287f9f2838338e20bfce188d7') in 0.021524 seconds
Number of updated asset objects reloaded before import = 0
Number of asset objects unloaded after import = 193
========================================================================
Received Import Request.
  Time since last request: 0.000034 seconds.
  path: Assets/Models/Environment/Nature/Plane.003.prefab
  artifactKey: Guid(f0cf2cd6c588deb488e7bc22df6413db) Importer(815301076,1909f56bfc062723c751e8b465ee728b)
Start importing Assets/Models/Environment/Nature/Plane.003.prefab using Guid(f0cf2cd6c588deb488e7bc22df6413db) Importer(815301076,1909f56bfc062723c751e8b465ee728b) [PhysX] Initialized MultithreadedTaskDispatcher with 16 workers.
 -> (artifact id: 'd55b9e63618dbde58033737627a6cc75') in 0.003084 seconds
Number of updated asset objects reloaded before import = 0
Number of asset objects unloaded after import = 6
========================================================================
Received Import Request.
  Time since last request: 0.000028 seconds.
  path: Assets/Models/Environment/Nature/dune_2.prefab
  artifactKey: Guid(3830121367093ac49b75349d03964c2a) Importer(815301076,1909f56bfc062723c751e8b465ee728b)
Start importing Assets/Models/Environment/Nature/dune_2.prefab using Guid(3830121367093ac49b75349d03964c2a) Importer(815301076,1909f56bfc062723c751e8b465ee728b) [PhysX] Initialized MultithreadedTaskDispatcher with 16 workers.
 -> (artifact id: '0bdf57b77e4c77b4fab3d70962066e3f') in 0.002593 seconds
Number of updated asset objects reloaded before import = 0
Number of asset objects unloaded after import = 6
========================================================================
Received Import Request.
  Time since last request: 0.000026 seconds.
  path: Assets/Models/Environment/Nature/sandrock_6.prefab
  artifactKey: Guid(af35cdbada015944884e8d54839807ef) Importer(815301076,1909f56bfc062723c751e8b465ee728b)
Start importing Assets/Models/Environment/Nature/sandrock_6.prefab using Guid(af35cdbada015944884e8d54839807ef) Importer(815301076,1909f56bfc062723c751e8b465ee728b) [PhysX] Initialized MultithreadedTaskDispatcher with 16 workers.
[PhysX] Initialized MultithreadedTaskDispatcher with 16 workers.
 -> (artifact id: '135922dcbbc690dae48f31d65b7c94d2') in 0.021028 seconds
Number of updated asset objects reloaded before import = 0
Number of asset objects unloaded after import = 193
========================================================================
Received Import Request.
  Time since last request: 0.000047 seconds.
  path: Assets/Models/Environment/Nature/desert_stone_1.prefab
  artifactKey: Guid(973c93fccbcb56a4d9d331310704d456) Importer(815301076,1909f56bfc062723c751e8b465ee728b)
Start importing Assets/Models/Environment/Nature/desert_stone_1.prefab using Guid(973c93fccbcb56a4d9d331310704d456) Importer(815301076,1909f56bfc062723c751e8b465ee728b) [PhysX] Initialized MultithreadedTaskDispatcher with 16 workers.
[PhysX] Initialized MultithreadedTaskDispatcher with 16 workers.
 -> (artifact id: 'fd60f37baa8c700b58cad9e469da02fc') in 0.021978 seconds
Number of updated asset objects reloaded before import = 0
Number of asset objects unloaded after import = 193
========================================================================
Received Import Request.
  Time since last request: 0.000049 seconds.
  path: Assets/Models/Environment/Nature/desert_plant_1.prefab
  artifactKey: Guid(7f343fef3c8b6d145abfeba49ad8c717) Importer(815301076,1909f56bfc062723c751e8b465ee728b)
Start importing Assets/Models/Environment/Nature/desert_plant_1.prefab using Guid(7f343fef3c8b6d145abfeba49ad8c717) Importer(815301076,1909f56bfc062723c751e8b465ee728b) [PhysX] Initialized MultithreadedTaskDispatcher with 16 workers.
[PhysX] Initialized MultithreadedTaskDispatcher with 16 workers.
 -> (artifact id: '7ca49a8e4c4ffcdc6d75b356be6a15cc') in 0.020578 seconds
Number of updated asset objects reloaded before import = 0
Number of asset objects unloaded after import = 193
========================================================================
Received Import Request.
  Time since last request: 1.163843 seconds.
  path: Assets/Models/Environment/Dumpster/concrete_tube_small.prefab
  artifactKey: Guid(4fa9cd0c12e043746a4d2b0d779e7308) Importer(815301076,1909f56bfc062723c751e8b465ee728b)
Start importing Assets/Models/Environment/Dumpster/concrete_tube_small.prefab using Guid(4fa9cd0c12e043746a4d2b0d779e7308) Importer(815301076,1909f56bfc062723c751e8b465ee728b) [PhysX] Initialized MultithreadedTaskDispatcher with 16 workers.
[PhysX] Initialized MultithreadedTaskDispatcher with 16 workers.
 -> (artifact id: '4c8d93e1879e15de6b8c4023f4b48b74') in 0.040945 seconds
Number of updated asset objects reloaded before import = 0
Number of asset objects unloaded after import = 98
========================================================================
Received Import Request.
  Time since last request: 0.000060 seconds.
  path: Assets/Models/Environment/Dumpster/dumpcar_stack_2.prefab
  artifactKey: Guid(77aa94c147a646342909850f4bd90a8d) Importer(815301076,1909f56bfc062723c751e8b465ee728b)
Start importing Assets/Models/Environment/Dumpster/dumpcar_stack_2.prefab using Guid(77aa94c147a646342909850f4bd90a8d) Importer(815301076,1909f56bfc062723c751e8b465ee728b) [PhysX] Initialized MultithreadedTaskDispatcher with 16 workers.
[PhysX] Initialized MultithreadedTaskDispatcher with 16 workers.
 -> (artifact id: 'cfed138d6217f9826cd1895fbedceca5') in 0.023638 seconds
Number of updated asset objects reloaded before import = 0
Number of asset objects unloaded after import = 98
========================================================================
Received Import Request.
  Time since last request: 0.000043 seconds.
  path: Assets/Models/Environment/Dumpster/crashed_car_2.prefab
  artifactKey: Guid(ce6e0b1f5b69974468c7e47f1dd65040) Importer(815301076,1909f56bfc062723c751e8b465ee728b)
Start importing Assets/Models/Environment/Dumpster/crashed_car_2.prefab using Guid(ce6e0b1f5b69974468c7e47f1dd65040) Importer(815301076,1909f56bfc062723c751e8b465ee728b) [PhysX] Initialized MultithreadedTaskDispatcher with 16 workers.
[PhysX] Initialized MultithreadedTaskDispatcher with 16 workers.
 -> (artifact id: '1dca18acdaa719cb698c94c8d3591f81') in 0.024046 seconds
Number of updated asset objects reloaded before import = 0
Number of asset objects unloaded after import = 98
========================================================================
Received Import Request.
  Time since last request: 0.000034 seconds.
  path: Assets/Models/Environment/Dumpster/dumpcar_stack_1.prefab
  artifactKey: Guid(52f93bbf6f2a098478ad0fd96e46bd93) Importer(815301076,1909f56bfc062723c751e8b465ee728b)
Start importing Assets/Models/Environment/Dumpster/dumpcar_stack_1.prefab using Guid(52f93bbf6f2a098478ad0fd96e46bd93) Importer(815301076,1909f56bfc062723c751e8b465ee728b) [PhysX] Initialized MultithreadedTaskDispatcher with 16 workers.
[PhysX] Initialized MultithreadedTaskDispatcher with 16 workers.
 -> (artifact id: 'f1a8b19eeb8e8dd484cc331faf053f7e') in 0.020057 seconds
Number of updated asset objects reloaded before import = 0
Number of asset objects unloaded after import = 98
========================================================================
Received Import Request.
  Time since last request: 3.112768 seconds.
  path: Assets/Models/Environment/Terrain/base_terrain_square.prefab
  artifactKey: Guid(85c5ba035e9c64a448c8327fa9804461) Importer(815301076,1909f56bfc062723c751e8b465ee728b)
Start importing Assets/Models/Environment/Terrain/base_terrain_square.prefab using Guid(85c5ba035e9c64a448c8327fa9804461) Importer(815301076,1909f56bfc062723c751e8b465ee728b) [PhysX] Initialized MultithreadedTaskDispatcher with 16 workers.
[PhysX] Initialized MultithreadedTaskDispatcher with 16 workers.
 -> (artifact id: '4e040b4f9b4f0289f4b6038f8893b205') in 0.033119 seconds
Number of updated asset objects reloaded before import = 0
Number of asset objects unloaded after import = 153
========================================================================
Received Import Request.
  Time since last request: 0.000026 seconds.
  path: Assets/Models/Environment/Terrain/mountain_small_2.prefab
  artifactKey: Guid(442d3daa594cd6e4ba6f6528af3ba4e3) Importer(815301076,1909f56bfc062723c751e8b465ee728b)
Start importing Assets/Models/Environment/Terrain/mountain_small_2.prefab using Guid(442d3daa594cd6e4ba6f6528af3ba4e3) Importer(815301076,1909f56bfc062723c751e8b465ee728b) [PhysX] Initialized MultithreadedTaskDispatcher with 16 workers.
[PhysX] Initialized MultithreadedTaskDispatcher with 16 workers.
 -> (artifact id: '12fbfcaf042ec13c94d80e78b884fdbd') in 0.021320 seconds
Number of updated asset objects reloaded before import = 0
Number of asset objects unloaded after import = 168
========================================================================
Received Import Request.
  Time since last request: 0.000021 seconds.
  path: Assets/Models/Environment/Terrain/dune_high_2.prefab
  artifactKey: Guid(43ce87b1d7370974e901ee07e01bdf13) Importer(815301076,1909f56bfc062723c751e8b465ee728b)
Start importing Assets/Models/Environment/Terrain/dune_high_2.prefab using Guid(43ce87b1d7370974e901ee07e01bdf13) Importer(815301076,1909f56bfc062723c751e8b465ee728b) [PhysX] Initialized MultithreadedTaskDispatcher with 16 workers.
[PhysX] Initialized MultithreadedTaskDispatcher with 16 workers.
 -> (artifact id: 'c0fcf3dc358fee317674e16b18fefbbe') in 0.022261 seconds
Number of updated asset objects reloaded before import = 0
Number of asset objects unloaded after import = 153
========================================================================
Received Import Request.
  Time since last request: 0.000032 seconds.
  path: Assets/Models/Environment/Terrain/mountain_small_8.prefab
  artifactKey: Guid(8960559ed83ac1144b215c7e881ebb9e) Importer(815301076,1909f56bfc062723c751e8b465ee728b)
Start importing Assets/Models/Environment/Terrain/mountain_small_8.prefab using Guid(8960559ed83ac1144b215c7e881ebb9e) Importer(815301076,1909f56bfc062723c751e8b465ee728b) [PhysX] Initialized MultithreadedTaskDispatcher with 16 workers.
[PhysX] Initialized MultithreadedTaskDispatcher with 16 workers.
 -> (artifact id: '6a7d25a603e2203eab3a950a9b996bbb') in 0.021229 seconds
Number of updated asset objects reloaded before import = 0
Number of asset objects unloaded after import = 178
========================================================================
Received Import Request.
  Time since last request: 0.000079 seconds.
  path: Assets/Models/Environment/Terrain/mountain_small_4.prefab
  artifactKey: Guid(a57d2b0c138ab854aa4f34d0c158a25b) Importer(815301076,1909f56bfc062723c751e8b465ee728b)
Start importing Assets/Models/Environment/Terrain/mountain_small_4.prefab using Guid(a57d2b0c138ab854aa4f34d0c158a25b) Importer(815301076,1909f56bfc062723c751e8b465ee728b) [PhysX] Initialized MultithreadedTaskDispatcher with 16 workers.
[PhysX] Initialized MultithreadedTaskDispatcher with 16 workers.
 -> (artifact id: 'ac9218bd4eeed3fa1fa2cbfa841a230e') in 0.018890 seconds
Number of updated asset objects reloaded before import = 0
Number of asset objects unloaded after import = 178
========================================================================
Received Import Request.
  Time since last request: 0.000042 seconds.
  path: Assets/Models/Environment/Terrain/mountain_small_3.prefab
  artifactKey: Guid(9e9947c41250bf740866932ddbe3856e) Importer(815301076,1909f56bfc062723c751e8b465ee728b)
Start importing Assets/Models/Environment/Terrain/mountain_small_3.prefab using Guid(9e9947c41250bf740866932ddbe3856e) Importer(815301076,1909f56bfc062723c751e8b465ee728b) [PhysX] Initialized MultithreadedTaskDispatcher with 16 workers.
[PhysX] Initialized MultithreadedTaskDispatcher with 16 workers.
 -> (artifact id: '48a2206a4b35bcab49d7b8f58f9b28a4') in 0.019836 seconds
Number of updated asset objects reloaded before import = 0
Number of asset objects unloaded after import = 188
========================================================================
Received Import Request.
  Time since last request: 0.000028 seconds.
  path: Assets/Models/Environment/Terrain/mountain_small_5.prefab
  artifactKey: Guid(1f5b4f3a1a3047344855543c8940d42a) Importer(815301076,1909f56bfc062723c751e8b465ee728b)
Start importing Assets/Models/Environment/Terrain/mountain_small_5.prefab using Guid(1f5b4f3a1a3047344855543c8940d42a) Importer(815301076,1909f56bfc062723c751e8b465ee728b) [PhysX] Initialized MultithreadedTaskDispatcher with 16 workers.
[PhysX] Initialized MultithreadedTaskDispatcher with 16 workers.
 -> (artifact id: 'd0cd22ba809dd50e248451a1354530b0') in 0.021340 seconds
Number of updated asset objects reloaded before import = 0
Number of asset objects unloaded after import = 168
========================================================================
Received Import Request.
  Time since last request: 0.000029 seconds.
  path: Assets/Models/Environment/Terrain/dune_low_2.prefab
  artifactKey: Guid(5dba20e68ca5b474aa5ca31627f7538a) Importer(815301076,1909f56bfc062723c751e8b465ee728b)
Start importing Assets/Models/Environment/Terrain/dune_low_2.prefab using Guid(5dba20e68ca5b474aa5ca31627f7538a) Importer(815301076,1909f56bfc062723c751e8b465ee728b) [PhysX] Initialized MultithreadedTaskDispatcher with 16 workers.
[PhysX] Initialized MultithreadedTaskDispatcher with 16 workers.
 -> (artifact id: '33c037ec44e29c71d6988c6655cb0ee8') in 0.022664 seconds
Number of updated asset objects reloaded before import = 0
Number of asset objects unloaded after import = 153
========================================================================
Received Import Request.
  Time since last request: 0.000029 seconds.
  path: Assets/Models/Environment/Terrain/mountain_long_2.prefab
  artifactKey: Guid(eb4f0c956bee85a49840e1878fa9e161) Importer(815301076,1909f56bfc062723c751e8b465ee728b)
Start importing Assets/Models/Environment/Terrain/mountain_long_2.prefab using Guid(eb4f0c956bee85a49840e1878fa9e161) Importer(815301076,1909f56bfc062723c751e8b465ee728b) [PhysX] Initialized MultithreadedTaskDispatcher with 16 workers.
[PhysX] Initialized MultithreadedTaskDispatcher with 16 workers.
 -> (artifact id: '6885b266b7ab3614e5396463d826c1fa') in 0.022283 seconds
Number of updated asset objects reloaded before import = 0
Number of asset objects unloaded after import = 248
========================================================================
Received Import Request.
  Time since last request: 1.697127 seconds.
  path: Assets/Models/Environment/Buildings/building_1_white.prefab
  artifactKey: Guid(851cfbbd20b7f5c4aa382268ee6b0ce2) Importer(815301076,1909f56bfc062723c751e8b465ee728b)
Start importing Assets/Models/Environment/Buildings/building_1_white.prefab using Guid(851cfbbd20b7f5c4aa382268ee6b0ce2) Importer(815301076,1909f56bfc062723c751e8b465ee728b) [PhysX] Initialized MultithreadedTaskDispatcher with 16 workers.
[PhysX] Initialized MultithreadedTaskDispatcher with 16 workers.
 -> (artifact id: 'a33d2a63eb1068610b4e201ddbfde66c') in 0.018852 seconds
Number of updated asset objects reloaded before import = 0
Number of asset objects unloaded after import = 62
========================================================================
Received Import Request.
  Time since last request: 0.000024 seconds.
  path: Assets/Models/Environment/Buildings/building_2_white.prefab
  artifactKey: Guid(a2d266c82d5508a4db83ff5f1b830991) Importer(815301076,1909f56bfc062723c751e8b465ee728b)
Start importing Assets/Models/Environment/Buildings/building_2_white.prefab using Guid(a2d266c82d5508a4db83ff5f1b830991) Importer(815301076,1909f56bfc062723c751e8b465ee728b) [PhysX] Initialized MultithreadedTaskDispatcher with 16 workers.
[PhysX] Initialized MultithreadedTaskDispatcher with 16 workers.
 -> (artifact id: 'a1ebd2c4bf8d127954dd095f8b25fdac') in 0.016724 seconds
Number of updated asset objects reloaded before import = 0
Number of asset objects unloaded after import = 74
========================================================================
Received Import Request.
  Time since last request: 3.056474 seconds.
  path: Assets/Models/Environment/Fair/carousel.prefab
  artifactKey: Guid(4f8ba13f76658cd47ad35279296672e3) Importer(815301076,1909f56bfc062723c751e8b465ee728b)
Start importing Assets/Models/Environment/Fair/carousel.prefab using Guid(4f8ba13f76658cd47ad35279296672e3) Importer(815301076,1909f56bfc062723c751e8b465ee728b) [PhysX] Initialized MultithreadedTaskDispatcher with 16 workers.
[PhysX] Initialized MultithreadedTaskDispatcher with 16 workers.
 -> (artifact id: '591006f7dacb6471369d04cfee6551e8') in 0.022105 seconds
Number of updated asset objects reloaded before import = 0
Number of asset objects unloaded after import = 178
========================================================================
Received Import Request.
  Time since last request: 0.000028 seconds.
  path: Assets/Models/Environment/Fair/swing.prefab
  artifactKey: Guid(3c3c2c73cb653f64b94a09c76a36234a) Importer(815301076,1909f56bfc062723c751e8b465ee728b)
Start importing Assets/Models/Environment/Fair/swing.prefab using Guid(3c3c2c73cb653f64b94a09c76a36234a) Importer(815301076,1909f56bfc062723c751e8b465ee728b) [PhysX] Initialized MultithreadedTaskDispatcher with 16 workers.
[PhysX] Initialized MultithreadedTaskDispatcher with 16 workers.
 -> (artifact id: '924b1b082030e0c9d06f8e20e341124e') in 0.022563 seconds
Number of updated asset objects reloaded before import = 0
Number of asset objects unloaded after import = 167
========================================================================
Received Import Request.
  Time since last request: 0.000036 seconds.
  path: Assets/Models/Environment/Fair/cart_ice_cream.prefab
  artifactKey: Guid(f71a1f036bbbd41468525ba685508963) Importer(815301076,1909f56bfc062723c751e8b465ee728b)
Start importing Assets/Models/Environment/Fair/cart_ice_cream.prefab using Guid(f71a1f036bbbd41468525ba685508963) Importer(815301076,1909f56bfc062723c751e8b465ee728b) [PhysX] Initialized MultithreadedTaskDispatcher with 16 workers.
[PhysX] Initialized MultithreadedTaskDispatcher with 16 workers.
 -> (artifact id: '06d3c226c39532f603d644145244512c') in 0.020629 seconds
Number of updated asset objects reloaded before import = 0
Number of asset objects unloaded after import = 164
========================================================================
Received Import Request.
  Time since last request: 0.000026 seconds.
  path: Assets/Models/Environment/Fair/carousel_wheel_small_bottom.prefab
  artifactKey: Guid(12b7bfef29241ab44be6ee8f12530783) Importer(815301076,1909f56bfc062723c751e8b465ee728b)
Start importing Assets/Models/Environment/Fair/carousel_wheel_small_bottom.prefab using Guid(12b7bfef29241ab44be6ee8f12530783) Importer(815301076,1909f56bfc062723c751e8b465ee728b) [PhysX] Initialized MultithreadedTaskDispatcher with 16 workers.
[PhysX] Initialized MultithreadedTaskDispatcher with 16 workers.
 -> (artifact id: 'dd552bdd0733ed1fa1f71dba31c0ba75') in 0.021290 seconds
Number of updated asset objects reloaded before import = 0
Number of asset objects unloaded after import = 168
Editor requested this worker to shutdown with reason: Scaling down because of idle timeout
TcpMessagingSession - receive error: operation aborted. errorcode: 995, details: The I/O operation has been aborted because of either a thread exit or an application request.
AssetImportWorker is now disconnected from the server
Process exiting
Exiting without the bug reporter. Application will terminate with return code 0